{"level":"info","message":"open","timestamp":1131.705472}
{"level":"info","message":"Connected to IMU via UNIX socket ","timestamp":1150.702272}
{"level":"info","message":"Connected to reach","timestamp":1154.398726}
{"level":"info","message":"*** UNIX sockets ***","timestamp":1188.000562}
{"level":"info","message":"IMU Data: 197.474774256197","timestamp":1195.626647}
{"latitude":"33.882173842","longitude":"-117.881544407","level":"info","message":"Reach client: ","timestamp":1206.70278}
{"level":"info","message":"***EVENTS_REFACTORED BOOTED***","timestamp":1218.55511}
{"level":"info","message":"*** UNIX sockets ***","timestamp":1233.565822}
{"level":"info","message":"IMU Data: 197.956165153197","timestamp":1234.676341}
{"level":"info","message":"*** UNIX sockets ***","timestamp":1246.525703}
{"level":"info","message":"IMU Data: 196.990823292","timestamp":1249.963147}
{"level":"info","message":"*** UNIX sockets ***","timestamp":1254.271839}
{"level":"info","message":"IMU Data: 196.990823292","timestamp":1256.169285}
{"level":"info","message":"*** UNIX sockets ***","timestamp":1268.139323}
{"level":"info","message":"IMU Data: 197.474774256","timestamp":1270.217186}
{"level":"info","message":"*** UNIX sockets ***","timestamp":1278.62254}
{"level":"info","message":"IMU Data: 197.32408954","timestamp":1281.508266}
{"level":"info","message":"*** UNIX sockets ***","timestamp":1290.366902}
{"level":"info","message":"IMU Data: 197.32408954","timestamp":1292.850024}
{"level":"info","message":"*** UNIX sockets ***","timestamp":1307.39584}
{"level":"info","message":"IMU Data: 197.32408954","timestamp":1309.8449}
{"level":"info","message":"*** UNIX sockets ***","timestamp":1316.023955}
{"level":"info","message":"IMU Data: 197.32408954","timestamp":1318.454786}
{"level":"info","message":"*** UNIX sockets ***","timestamp":1335.285756}
{"level":"info","message":"IMU Data: 197.32408954","timestamp":1337.046743}
{"level":"info","message":"*** UNIX sockets ***","timestamp":1348.725844}
{"level":"info","message":"IMU Data: 198.113065808","timestamp":1351.144435}
{"level":"info","message":"*** UNIX sockets ***","timestamp":1353.83537}
{"level":"info","message":"IMU Data: 198.113065808","timestamp":1355.165055}
{"level":"info","message":"*** UNIX sockets ***","timestamp":1359.663696}
{"level":"info","message":"IMU Data: 198.113065808","timestamp":1361.176871}
{"level":"info","message":"*** UNIX sockets ***","timestamp":1368.673061}
{"level":"info","message":"IMU Data: 198.113065808","timestamp":1370.249934}
{"latitude":"33.882174008","longitude":"-117.881544194","level":"info","message":"Reach client: ","timestamp":1378.601382}
{"level":"info","message":"*** UNIX sockets ***","timestamp":1382.610024}
{"level":"info","message":"IMU Data: 198.113065808","timestamp":1384.068876}
{"level":"info","message":"*** UNIX sockets ***","timestamp":1388.315225}
{"level":"info","message":"IMU Data: 198.113065808","timestamp":1390.035379}
{"level":"info","message":"*** UNIX sockets ***","timestamp":1401.56896}
{"level":"info","message":"IMU Data: 197.956165153","timestamp":1404.267967}
{"level":"info","message":"*** UNIX sockets ***","timestamp":1411.704625}
{"level":"info","message":"IMU Data: 197.956165153","timestamp":1412.890978}
{"level":"info","message":"*** UNIX sockets ***","timestamp":1420.582844}
{"level":"info","message":"IMU Data: 197.956165153","timestamp":1421.910967}
{"level":"info","message":"*** UNIX sockets ***","timestamp":1431.270332}
{"level":"info","message":"IMU Data: 197.956165153","timestamp":1432.76184}
{"level":"info","message":"*** UNIX sockets ***","timestamp":1439.558134}
{"level":"info","message":"IMU Data: 197.956165153","timestamp":1440.990633}
{"level":"info","message":"*** UNIX sockets ***","timestamp":1452.810359}
{"level":"info","message":"IMU Data: 197.956165153","timestamp":1454.316763}
{"level":"info","message":"*** UNIX sockets ***","timestamp":1463.157482}
{"level":"info","message":"IMU Data: 197.956165153","timestamp":1464.785188}
{"level":"info","message":"*** UNIX sockets ***","timestamp":1474.899395}
{"level":"info","message":"IMU Data: 198.595440783","timestamp":1479.561838}
{"level":"info","message":"*** UNIX sockets ***","timestamp":1484.360009}
{"level":"info","message":"IMU Data: 198.595440783","timestamp":1485.656518}
{"level":"info","message":"*** UNIX sockets ***","timestamp":1496.914995}
{"level":"info","message":"IMU Data: 198.595440783","timestamp":1498.284576}
{"level":"info","message":"*** UNIX sockets ***","timestamp":1507.763159}
{"level":"info","message":"IMU Data: 198.595440783","timestamp":1508.826231}
{"level":"info","message":"*** UNIX sockets ***","timestamp":1517.819606}
{"level":"info","message":"IMU Data: 198.595440783","timestamp":1518.939032}
{"level":"info","message":"*** UNIX sockets ***","timestamp":1528.276417}
{"level":"info","message":"IMU Data: 198.595440783","timestamp":1529.547978}
{"level":"info","message":"*** UNIX sockets ***","timestamp":1539.206716}
{"level":"info","message":"IMU Data: 198.595440783","timestamp":1542.838952}
{"level":"info","message":"*** UNIX sockets ***","timestamp":1557.917059}
{"level":"info","message":"IMU Data: 198.595440783198","timestamp":1559.413099}
{"level":"info","message":"*** UNIX sockets ***","timestamp":1564.874447}
{"level":"info","message":"IMU Data: 198.595440783","timestamp":1566.195175}
{"level":"info","message":"*** UNIX sockets ***","timestamp":1573.886155}
{"level":"info","message":"IMU Data: 198.595440783","timestamp":1577.436099}
{"latitude":"33.882174155","longitude":"-117.881544024","level":"info","message":"Reach client: ","timestamp":1579.280889}
{"level":"info","message":"*** UNIX sockets ***","timestamp":1591.805509}
{"level":"info","message":"IMU Data: 198.595440783","timestamp":1593.305508}
{"level":"info","message":"*** UNIX sockets ***","timestamp":1602.588726}
{"level":"info","message":"IMU Data: 198.595440783198","timestamp":1603.913829}
{"level":"info","message":"*** UNIX sockets ***","timestamp":1610.799602}
{"level":"info","message":"IMU Data: 198.595440783","timestamp":1612.164757}
{"level":"info","message":"*** UNIX sockets ***","timestamp":1622.333859}
{"level":"info","message":"IMU Data: 198.595440783","timestamp":1623.613806}
{"level":"info","message":"*** UNIX sockets ***","timestamp":1631.218693}
{"level":"info","message":"IMU Data: 198.595440783","timestamp":1633.017493}
{"level":"info","message":"*** UNIX sockets ***","timestamp":1639.554725}
{"level":"info","message":"IMU Data: 198.595440783","timestamp":1645.526228}
{"level":"info","message":"*** UNIX sockets ***","timestamp":1678.90921}
{"level":"info","message":"IMU Data: 198.595440783","timestamp":1680.487125}
{"level":"info","message":"*** UNIX sockets ***","timestamp":1688.384512}
{"level":"info","message":"IMU Data: 198.595440783198","timestamp":1691.749039}
{"level":"info","message":"*** UNIX sockets ***","timestamp":1695.182629}
{"level":"info","message":"IMU Data: 198.595440783","timestamp":1697.691792}
{"level":"info","message":"*** UNIX sockets ***","timestamp":1705.083867}
{"level":"info","message":"IMU Data: 198.595440783","timestamp":1708.348395}
{"level":"info","message":"*** UNIX sockets ***","timestamp":1717.759217}
{"level":"info","message":"IMU Data: 198.595440783","timestamp":1720.370933}
{"level":"info","message":"*** UNIX sockets ***","timestamp":1727.389675}
{"level":"info","message":"IMU Data: 198.595440783","timestamp":1729.503058}
{"level":"info","message":"*** UNIX sockets ***","timestamp":1737.311434}
{"level":"info","message":"IMU Data: 199.075098492","timestamp":1739.891743}
{"level":"info","message":"*** UNIX sockets ***","timestamp":1743.68627}
{"level":"info","message":"IMU Data: 199.075098492","timestamp":1746.121267}
{"level":"info","message":"*** UNIX sockets ***","timestamp":1753.212301}
{"level":"info","message":"IMU Data: 199.075098492","timestamp":1755.400475}
{"level":"info","message":"*** UNIX sockets ***","timestamp":1764.081403}
{"level":"info","message":"IMU Data: 199.075098492","timestamp":1766.086088}
{"level":"info","message":"*** UNIX sockets ***","timestamp":1772.693684}
{"level":"info","message":"IMU Data: 199.075098492","timestamp":1775.187275}
{"level":"info","message":"*** UNIX sockets ***","timestamp":1783.188881}
{"level":"info","message":"IMU Data: 199.075098492","timestamp":1785.635857}
{"level":"info","message":"*** UNIX sockets ***","timestamp":1792.03137}
{"level":"info","message":"IMU Data: 199.075098492","timestamp":1794.26043}
{"level":"info","message":"*** UNIX sockets ***","timestamp":1803.43344}
{"level":"info","message":"IMU Data: 199.075098492","timestamp":1806.956561}
{"level":"info","message":"*** UNIX sockets ***","timestamp":1813.684626}
{"level":"info","message":"IMU Data: 199.075098492","timestamp":1815.773166}
{"level":"info","message":"*** UNIX sockets ***","timestamp":1822.649616}
{"level":"info","message":"IMU Data: 199.075098492","timestamp":1824.473989}
{"level":"info","message":"***STOPPING ROVER ON SIGINT***","timestamp":1828.461067}
{"level":"info","message":"\n####### JUSTIN LIKES MENS!! #######\n","timestamp":1830.770856}
{"level":"info","message":"\t\t╭∩╮（︶︿︶）╭∩╮","timestamp":1832.749448}
{"level":"info","message":"Y: 0","timestamp":1835.694236}
{"level":"info","message":"x: 0","timestamp":1841.963864}
{"level":"info","message":"*** UNIX sockets ***","timestamp":1845.355944}
{"level":"info","message":"IMU Data: 199.075098492199","timestamp":1846.615265}
{"latitude":"33.882174306","longitude":"-117.881543903","level":"info","message":"Reach client: ","timestamp":1849.043856}
{"level":"info","message":"*** UNIX sockets ***","timestamp":1850.942864}
{"level":"info","message":"IMU Data: 199.075098492","timestamp":1852.030519}
{"level":"info","message":"*** UNIX sockets ***","timestamp":1859.053636}
{"level":"info","message":"IMU Data: 199.075098492","timestamp":1860.300666}
{"level":"info","message":"*** UNIX sockets ***","timestamp":1872.137631}
{"level":"info","message":"IMU Data: 199.075098492","timestamp":1881.884703}
{"level":"info","message":"*** UNIX sockets ***","timestamp":1919.051483}
{"level":"info","message":"IMU Data: 199.075098492","timestamp":1929.770689}
{"level":"info","message":"*** UNIX sockets ***","timestamp":1932.952508}
{"level":"info","message":"IMU Data: 199.075098492199","timestamp":1937.930992}
{"level":"info","message":"*** UNIX sockets ***","timestamp":1940.664791}
{"level":"info","message":"IMU Data: 199.075098492","timestamp":1942.669737}
{"level":"info","message":"*** UNIX sockets ***","timestamp":1946.061347}
{"level":"info","message":"IMU Data: 199.075098492","timestamp":1948.23348}
{"level":"info","message":"*** UNIX sockets ***","timestamp":1952.579725}
{"level":"info","message":"IMU Data: 199.075098492","timestamp":1954.493108}
{"level":"info","message":"*** UNIX sockets ***","timestamp":1968.492623}
{"level":"info","message":"IMU Data: 199.075098492","timestamp":1969.42481}
{"level":"info","message":"*** UNIX sockets ***","timestamp":1970.505069}
{"level":"info","message":"IMU Data: 199.075098492","timestamp":1981.784952}
{"level":"info","message":"*** UNIX sockets ***","timestamp":1983.245783}
{"level":"info","message":"IMU Data: 199.075098492","timestamp":1984.101303}
{"level":"info","message":"***STOPPING ROVER ON SIGINT***","timestamp":1985.050729}
{"level":"info","message":"\n####### JUSTIN LIKES MENS!! #######\n","timestamp":1985.904791}
{"level":"info","message":"\t\t╭∩╮（︶︿︶）╭∩╮","timestamp":1986.674165}
{"level":"info","message":"Y: 0","timestamp":1987.349268}
{"level":"info","message":"x: 0","timestamp":1988.426298}
{"level":"info","message":"*** UNIX sockets ***","timestamp":1989.832599}
{"level":"info","message":"IMU Data: 199.075098492","timestamp":1990.524785}
{"latitude":"33.882174426","longitude":"-117.881543726","level":"info","message":"Reach client: ","timestamp":1992.110096}
{"level":"info","message":"*** UNIX sockets ***","timestamp":1996.910559}
{"level":"info","message":"IMU Data: 200.497340548","timestamp":1997.747277}
{"level":"info","message":"*** UNIX sockets ***","timestamp":2004.28878}
{"level":"info","message":"IMU Data: 200.497340548","timestamp":2005.34357}
{"level":"info","message":"*** UNIX sockets ***","timestamp":2012.849551}
{"level":"info","message":"IMU Data: 200.497340548","timestamp":2013.860383}
{"level":"info","message":"*** UNIX sockets ***","timestamp":2021.53678}
{"level":"info","message":"IMU Data: 200.497340548","timestamp":2022.56131}
{"level":"info","message":"*** UNIX sockets ***","timestamp":2030.353333}
{"level":"info","message":"IMU Data: 200.497340548","timestamp":2031.577446}
{"level":"info","message":"*** UNIX sockets ***","timestamp":2039.028427}
{"level":"info","message":"IMU Data: 200.497340548","timestamp":2046.035554}
{"level":"info","message":"*** UNIX sockets ***","timestamp":2049.263936}
{"level":"info","message":"IMU Data: 200.497340548","timestamp":2051.816276}
{"level":"info","message":"*** UNIX sockets ***","timestamp":2057.861582}
{"level":"info","message":"IMU Data: 200.497340548","timestamp":2060.5746}
{"level":"info","message":"*** UNIX sockets ***","timestamp":2067.35605}
{"level":"info","message":"IMU Data: 200.497340548","timestamp":2069.596672}
{"level":"info","message":"*** UNIX sockets ***","timestamp":2077.090205}
{"level":"info","message":"IMU Data: 200.497340548","timestamp":2079.41463}
{"level":"info","message":"*** UNIX sockets ***","timestamp":2084.986446}
{"level":"info","message":"IMU Data: 200.497340548","timestamp":2087.222694}
{"level":"info","message":"*** UNIX sockets ***","timestamp":2094.0343}
{"level":"info","message":"IMU Data: 200.497340548","timestamp":2096.31185}
{"level":"info","message":"*** UNIX sockets ***","timestamp":2105.362933}
{"level":"info","message":"IMU Data: 200.497340548","timestamp":2106.57814}
{"level":"info","message":"*** UNIX sockets ***","timestamp":2127.092126}
{"level":"info","message":"IMU Data: 200.497340548","timestamp":2128.325042}
{"level":"info","message":"*** UNIX sockets ***","timestamp":2135.667741}
{"level":"info","message":"IMU Data: 200.497340548","timestamp":2137.002375}
{"level":"info","message":"*** UNIX sockets ***","timestamp":2145.221116}
{"level":"info","message":"IMU Data: 200.497340548","timestamp":2146.580593}
{"level":"info","message":"*** UNIX sockets ***","timestamp":2165.710675}
{"level":"info","message":"IMU Data: 200.497340548","timestamp":2167.272548}
{"level":"info","message":"***STOPPING ROVER ON SIGINT***","timestamp":2168.789786}
{"level":"info","message":"\n####### JUSTIN LIKES MENS!! #######\n","timestamp":2169.963327}
{"level":"info","message":"\t\t╭∩╮（︶︿︶）╭∩╮","timestamp":2170.996971}
{"level":"info","message":"Y: 0","timestamp":2172.047022}
{"level":"info","message":"x: 0","timestamp":2173.146083}
{"level":"info","message":"*** UNIX sockets ***","timestamp":2181.865969}
{"level":"info","message":"IMU Data: 200.4973405482","timestamp":2183.235082}
{"latitude":"33.882174598","longitude":"-117.881543531","level":"info","message":"Reach client: ","timestamp":2190.263042}
{"level":"info","message":"*** UNIX sockets ***","timestamp":2204.067922}
{"level":"info","message":"IMU Data: 200.497340548","timestamp":2205.2574}
{"level":"info","message":"*** UNIX sockets ***","timestamp":2207.074846}
{"level":"info","message":"IMU Data: 201.70988276","timestamp":2208.176042}
{"level":"info","message":"*** UNIX sockets ***","timestamp":2217.21374}
{"level":"info","message":"IMU Data: 201.70988276","timestamp":2219.078217}
{"level":"info","message":"*** UNIX sockets ***","timestamp":2228.454144}
{"level":"info","message":"IMU Data: 201.70988276","timestamp":2229.852892}
{"level":"info","message":"*** UNIX sockets ***","timestamp":2238.147206}
{"level":"info","message":"IMU Data: 201.70988276","timestamp":2239.873193}
{"level":"info","message":"*** UNIX sockets ***","timestamp":2248.063184}
{"level":"info","message":"IMU Data: 201.70988276","timestamp":2249.18287}
{"level":"info","message":"*** UNIX sockets ***","timestamp":2266.620454}
{"level":"info","message":"IMU Data: 201.70988276","timestamp":2268.956441}
{"level":"info","message":"*** UNIX sockets ***","timestamp":2271.353104}
{"level":"info","message":"IMU Data: 200.613628898","timestamp":2273.403154}
{"level":"info","message":"*** UNIX sockets ***","timestamp":2278.720335}
{"level":"info","message":"IMU Data: 200.613628898","timestamp":2280.198146}
{"level":"info","message":"*** UNIX sockets ***","timestamp":2290.203916}
{"level":"info","message":"IMU Data: 200.613628898","timestamp":2293.026413}
{"level":"info","message":"***STOPPING ROVER ON SIGINT***","timestamp":2295.486774}
{"level":"info","message":"\n####### JUSTIN LIKES MENS!! #######\n","timestamp":2296.786825}
{"level":"info","message":"\t\t╭∩╮（︶︿︶）╭∩╮","timestamp":2299.649894}
{"level":"info","message":"Y: 0","timestamp":2300.937914}
{"level":"info","message":"x: 0","timestamp":2302.136819}
{"level":"info","message":"*** UNIX sockets ***","timestamp":2304.33041}
{"level":"info","message":"IMU Data: 200.613628898","timestamp":2305.271867}
{"level":"info","message":"*** UNIX sockets ***","timestamp":2310.451028}
{"level":"info","message":"IMU Data: 200.613628898","timestamp":2311.472745}
{"level":"info","message":"*** UNIX sockets ***","timestamp":2319.783517}
{"level":"info","message":"IMU Data: 200.613628898","timestamp":2321.211588}
{"level":"info","message":"*** UNIX sockets ***","timestamp":2328.955954}
{"level":"info","message":"IMU Data: 200.788245689","timestamp":2330.466577}
{"level":"info","message":"*** UNIX sockets ***","timestamp":2338.401724}
{"level":"info","message":"IMU Data: 200.788245689","timestamp":2339.759639}
{"level":"info","message":"*** UNIX sockets ***","timestamp":2349.091556}
{"level":"info","message":"IMU Data: 200.788245689","timestamp":2350.245148}
{"level":"info","message":"*** UNIX sockets ***","timestamp":2357.044411}
{"level":"info","message":"IMU Data: 200.788245689","timestamp":2358.245816}
{"latitude":"33.882174720","longitude":"-117.881543471","level":"info","message":"Reach client: ","timestamp":2367.498982}
{"level":"info","message":"*** UNIX sockets ***","timestamp":2369.02398}
{"level":"info","message":"IMU Data: 200.788245689","timestamp":2369.894865}
{"level":"info","message":"*** UNIX sockets ***","timestamp":2375.484129}
{"level":"info","message":"IMU Data: 200.788245689","timestamp":2376.875169}
{"level":"info","message":"*** UNIX sockets ***","timestamp":2384.917295}
{"level":"info","message":"IMU Data: 200.788245689","timestamp":2386.203752}
{"level":"info","message":"*** UNIX sockets ***","timestamp":2394.313326}
{"level":"info","message":"IMU Data: 200.788245689","timestamp":2395.662699}
{"level":"info","message":"*** UNIX sockets ***","timestamp":2403.694305}
{"level":"info","message":"IMU Data: 200.788245689","timestamp":2404.833262}
{"level":"info","message":"*** UNIX sockets ***","timestamp":2415.865853}
{"level":"info","message":"IMU Data: 200.788245689","timestamp":2421.034441}
{"level":"info","message":"*** UNIX sockets ***","timestamp":2430.413232}
{"level":"info","message":"IMU Data: 200.788245689","timestamp":2431.680939}
{"level":"info","message":"*** UNIX sockets ***","timestamp":2433.80229}
{"level":"info","message":"IMU Data: 200.788245689","timestamp":2435.049633}
{"level":"info","message":"*** UNIX sockets ***","timestamp":2444.202903}
{"level":"info","message":"IMU Data: 200.788245689","timestamp":2445.822433}
{"level":"info","message":"*** UNIX sockets ***","timestamp":2454.79336}
{"level":"info","message":"IMU Data: 200.788245689","timestamp":2456.556847}
{"level":"info","message":"*** UNIX sockets ***","timestamp":2465.425639}
{"level":"info","message":"IMU Data: 200.788245689","timestamp":2467.15746}
{"level":"info","message":"*** UNIX sockets ***","timestamp":2474.98443}
{"level":"info","message":"IMU Data: 200.788245689","timestamp":2476.196877}
{"level":"info","message":"***STOPPING ROVER ON SIGINT***","timestamp":2480.47109}
{"level":"info","message":"\n####### JUSTIN LIKES MENS!! #######\n","timestamp":2514.049385}
{"level":"info","message":"\t\t╭∩╮（︶︿︶）╭∩╮","timestamp":2515.358498}
{"level":"info","message":"Y: 0","timestamp":2516.460632}
{"level":"info","message":"x: 0","timestamp":2517.680787}
{"level":"info","message":"*** UNIX sockets ***","timestamp":2522.560364}
{"level":"info","message":"IMU Data: 200.7882456892","timestamp":2523.970571}
{"level":"info","message":"*** UNIX sockets ***","timestamp":2526.095881}
{"level":"info","message":"IMU Data: 200.788245689","timestamp":2527.346869}
{"level":"info","message":"*** UNIX sockets ***","timestamp":2539.524043}
{"level":"info","message":"IMU Data: 200.788245689","timestamp":2540.65675}
{"latitude":"33.882174873","longitude":"-117.881543254","level":"info","message":"Reach client: ","timestamp":2554.950222}
{"level":"info","message":"*** UNIX sockets ***","timestamp":2556.674075}
{"level":"info","message":"IMU Data: 200.788245689","timestamp":2557.763344}
{"level":"info","message":"*** UNIX sockets ***","timestamp":2560.273029}
{"level":"info","message":"IMU Data: 200.788245689","timestamp":2561.580944}
{"level":"info","message":"*** UNIX sockets ***","timestamp":2572.574785}
{"level":"info","message":"IMU Data: 200.788245689","timestamp":2574.439939}
{"level":"info","message":"*** UNIX sockets ***","timestamp":2584.000449}
{"level":"info","message":"IMU Data: 200.788245689","timestamp":2586.447321}
{"level":"info","message":"*** UNIX sockets ***","timestamp":2594.761322}
{"level":"info","message":"IMU Data: 199.855214369","timestamp":2596.089914}
{"level":"info","message":"*** UNIX sockets ***","timestamp":2617.785879}
{"level":"info","message":"IMU Data: 199.855214369","timestamp":2619.037908}
{"level":"info","message":"*** UNIX sockets ***","timestamp":2634.518411}
{"level":"info","message":"IMU Data: 199.855214369","timestamp":2636.019659}
{"level":"info","message":"***STOPPING ROVER ON SIGINT***","timestamp":2637.795647}
{"level":"info","message":"\n####### JUSTIN LIKES MENS!! #######\n","timestamp":2638.938979}
{"level":"info","message":"\t\t╭∩╮（︶︿︶）╭∩╮","timestamp":2640.020801}
{"level":"info","message":"Y: 0","timestamp":2641.191112}
{"level":"info","message":"x: 0","timestamp":2642.482464}
{"level":"info","message":"*** UNIX sockets ***","timestamp":2654.752294}
{"level":"info","message":"IMU Data: 199.855214369","timestamp":2655.851251}
{"level":"info","message":"*** UNIX sockets ***","timestamp":2657.823488}
{"level":"info","message":"IMU Data: 199.855214369199","timestamp":2669.412225}
{"level":"info","message":"*** UNIX sockets ***","timestamp":2671.024098}
{"level":"info","message":"IMU Data: 199.855214369","timestamp":2671.882534}
{"level":"info","message":"*** UNIX sockets ***","timestamp":2676.234248}
{"level":"info","message":"IMU Data: 199.855214369","timestamp":2677.428986}
{"level":"info","message":"*** UNIX sockets ***","timestamp":2685.798143}
{"level":"info","message":"IMU Data: 199.855214369","timestamp":2686.896632}
{"level":"info","message":"*** UNIX sockets ***","timestamp":2695.783548}
{"level":"info","message":"IMU Data: 199.855214369","timestamp":2702.579009}
{"level":"info","message":"*** UNIX sockets ***","timestamp":2713.341288}
{"level":"info","message":"IMU Data: 199.855214369","timestamp":2715.873004}
{"level":"info","message":"*** UNIX sockets ***","timestamp":2717.77571}
{"level":"info","message":"IMU Data: 199.855214369","timestamp":2718.996386}
{"level":"info","message":"*** UNIX sockets ***","timestamp":2725.491587}
{"level":"info","message":"IMU Data: 199.855214369","timestamp":2726.569398}
{"level":"info","message":"*** UNIX sockets ***","timestamp":2734.68267}
{"level":"info","message":"IMU Data: 199.855214369","timestamp":2735.880533}
{"level":"info","message":"*** UNIX sockets ***","timestamp":2750.133745}
{"level":"info","message":"IMU Data: 199.855214369","timestamp":2751.418275}
{"level":"info","message":"*** UNIX sockets ***","timestamp":2753.286502}
{"level":"info","message":"IMU Data: 199.855214369","timestamp":2754.539574}
{"level":"info","message":"***STOPPING ROVER ON SIGINT***","timestamp":2760.07488}
{"level":"info","message":"\n####### JUSTIN LIKES MENS!! #######\n","timestamp":2761.295868}
{"level":"info","message":"\t\t╭∩╮（︶︿︶）╭∩╮","timestamp":2762.284981}
{"level":"info","message":"Y: 0","timestamp":2763.198574}
{"level":"info","message":"x: 0","timestamp":2764.217427}
{"level":"info","message":"*** UNIX sockets ***","timestamp":2765.930029}
{"level":"info","message":"IMU Data: 199.855214369","timestamp":2766.694351}
{"latitude":"33.882175020","longitude":"-117.881543079","level":"info","message":"Reach client: ","timestamp":2767.887266}
{"level":"info","message":"*** UNIX sockets ***","timestamp":2772.426532}
{"level":"info","message":"IMU Data: 199.855214369","timestamp":2773.43377}
{"level":"info","message":"*** UNIX sockets ***","timestamp":2781.508553}
{"level":"info","message":"IMU Data: 199.855214369","timestamp":2782.467562}
{"level":"info","message":"*** UNIX sockets ***","timestamp":2790.340574}
{"level":"info","message":"IMU Data: 199.384515679","timestamp":2791.22151}
{"level":"info","message":"*** UNIX sockets ***","timestamp":2799.387647}
{"level":"info","message":"IMU Data: 199.384515679","timestamp":2800.281083}
{"level":"info","message":"*** UNIX sockets ***","timestamp":2808.123678}
{"level":"info","message":"IMU Data: 199.384515679","timestamp":2809.485187}
{"level":"info","message":"*** UNIX sockets ***","timestamp":2816.864032}
{"level":"info","message":"IMU Data: 199.384515679","timestamp":2817.73549}
{"level":"info","message":"*** UNIX sockets ***","timestamp":2825.733397}
{"level":"info","message":"IMU Data: 199.384515679","timestamp":2826.608761}
{"level":"info","message":"*** UNIX sockets ***","timestamp":2834.707189}
