{"level":"info","message":"open","timestamp":2044.940381}
{"level":"info","message":"Connected to IMU via UNIX socket ","timestamp":2061.960454}
{"level":"info","message":"Connected to reach","timestamp":2065.07372}
{"level":"info","message":"Current Heading is NaN","timestamp":2093.832331}
{"level":"info","message":"Y: 0","timestamp":2096.476537}
{"level":"info","message":"x: 0","timestamp":2100.872974}
{"level":"info","message":"Current Heading is NaN","timestamp":2111.91542}
{"level":"info","message":"Y: 0","timestamp":2112.747135}
{"level":"info","message":"x: 0","timestamp":2113.820098}
{"level":"info","message":"Current Heading is NaN","timestamp":10068.845917}
{"level":"info","message":"Y: 0","timestamp":10070.954292}
{"level":"info","message":"x: 0","timestamp":10072.198452}
{"level":"info","message":"Current Heading is NaN","timestamp":15141.291715}
{"level":"info","message":"Y: 0","timestamp":15142.98629}
{"level":"info","message":"x: 0","timestamp":15144.637584}
{"level":"info","message":"***STOPPING ROVER ON SIGINT***","timestamp":21104.535325}
{"level":"info","message":"\n####### JUSTIN LIKES MENS!! #######\n","timestamp":21106.264118}
{"level":"info","message":"\t\t╭∩╮（︶︿︶）╭∩╮","timestamp":21108.423952}
{"level":"info","message":"Y: 0","timestamp":21110.277432}
{"level":"info","message":"x: 0","timestamp":21112.177058}
{"level":"info","message":"Current Heading is NaN","timestamp":21125.899492}
{"level":"info","message":"Y: 0","timestamp":21129.389214}
{"level":"info","message":"x: 0","timestamp":21130.66249}
