{"level":"info","message":"open","timestamp":1223.376388}
{"level":"info","message":"Connected to reach","timestamp":1242.968107}
{"level":"info","message":"***EVENTS_REFACTORED BOOTED***","timestamp":1377.335207}
{"level":"info","message":"ArduinoMessage: Bytes Switched Clearing Buffer\r","timestamp":4159.69665}
{"level":"info","message":"***get_waypoint***","timestamp":4386.988362}
{"latitude":33.88215365,"longitude":-117.88161841,"level":"info","message":"getting next waypoint","timestamp":4398.492623}
{"level":"info","message":"get_waypoint adjusted Target Heading:85.4589568860693","timestamp":4417.222732}
{"level":"info","message":"***turn_timer***","timestamp":4479.894483}
{"level":"info","message":"***calc_heading_delta***","timestamp":4482.510772}
{"level":"info","message":"IMU Heading validified","timestamp":4484.497063}
{"level":"info","message":"Current Heading: 348.11134196","timestamp":4486.134711}
{"level":"info","message":"Target Heading: 85.4589568860693","timestamp":4487.912566}
{"level":"info","message":"***TURNING TOWARDS TARGET***","timestamp":4490.117502}
{"level":"info","message":"Turning right","timestamp":4492.125721}
{"level":"info","message":"Y: 120","timestamp":4495.418828}
{"level":"info","message":"x: -120","timestamp":4502.077595}
{"level":"info","message":"Turn: Set rover speed - Left: 120, right:-120","timestamp":4504.181021}
{"level":"info","message":"ArduinoMessage: 11:0:247:0:170:187\r","timestamp":4534.596381}
{"level":"info","message":"ArduinoMessage: 12:0:7:0:170:187\r","timestamp":4554.49315}
{"level":"info","message":"***turn_timer***","timestamp":4556.291474}
{"level":"info","message":"***calc_heading_delta***","timestamp":4557.728602}
{"level":"info","message":"IMU Heading same as previous","timestamp":4559.139324}
{"level":"info","message":"Current Heading: 348.11134196","timestamp":4560.733742}
{"level":"info","message":"Target Heading: 85.4589568860693","timestamp":4562.184776}
{"level":"info","message":"***TURNING TOWARDS TARGET***","timestamp":4564.786898}
{"level":"info","message":"Turning right","timestamp":4566.314911}
{"level":"info","message":"Y: 120","timestamp":4567.855684}
{"level":"info","message":"x: -120","timestamp":4569.280937}
{"level":"info","message":"Turn: Set rover speed - Left: 120, right:-120","timestamp":4570.594575}
{"level":"info","message":"ArduinoMessage: 11:0:247:0:170:187\r","timestamp":4599.575672}
{"level":"info","message":"ArduinoMessage: 12:0:7:0:170:187\r","timestamp":4619.571035}
{"level":"info","message":"***turn_timer***","timestamp":4622.060448}
{"level":"info","message":"***calc_heading_delta***","timestamp":4624.706111}
{"level":"info","message":"IMU Heading validified","timestamp":4629.037339}
{"level":"info","message":"Current Heading: 349.249033007","timestamp":4630.16228}
{"level":"info","message":"Target Heading: 85.4589568860693","timestamp":4631.124463}
{"level":"info","message":"***TURNING TOWARDS TARGET***","timestamp":4632.080083}
{"level":"info","message":"Turning right","timestamp":4633.166952}
{"level":"info","message":"Y: 120","timestamp":4634.211113}
{"level":"info","message":"x: -120","timestamp":4637.216722}
{"level":"info","message":"Turn: Set rover speed - Left: 120, right:-120","timestamp":4639.606241}
{"level":"info","message":"ArduinoMessage: 11:0:247:0:170:187\r","timestamp":4664.749285}
{"level":"info","message":"ArduinoMessage: 12:0:7:0:170:187\r","timestamp":4687.656507}
{"level":"info","message":"***turn_timer***","timestamp":4691.385237}
{"level":"info","message":"***calc_heading_delta***","timestamp":4695.049541}
{"level":"info","message":"IMU Heading validified","timestamp":4697.02302}
{"level":"info","message":"Current Heading: 353.222051266","timestamp":4698.359315}
{"level":"info","message":"Target Heading: 85.4589568860693","timestamp":4699.704412}
{"level":"info","message":"***TURNING TOWARDS TARGET***","timestamp":4702.857728}
{"level":"info","message":"Turning right","timestamp":4704.193034}
{"level":"info","message":"Y: 120","timestamp":4706.00792}
{"level":"info","message":"x: -120","timestamp":4708.180565}
{"level":"info","message":"Turn: Set rover speed - Left: 120, right:-120","timestamp":4709.514464}
{"level":"info","message":"ArduinoMessage: 11:0:247:0:170:187\r","timestamp":4740.644299}
{"level":"info","message":"ArduinoMessage: 12:0:7:0:170:187\r","timestamp":4760.425913}
{"level":"info","message":"***turn_timer***","timestamp":4762.390538}
{"level":"info","message":"***calc_heading_delta***","timestamp":4765.518073}
{"level":"info","message":"IMU Heading same as previous","timestamp":4767.877019}
{"level":"info","message":"Current Heading: 353.222051266","timestamp":4769.185762}
{"level":"info","message":"Target Heading: 85.4589568860693","timestamp":4770.521328}
{"level":"info","message":"***TURNING TOWARDS TARGET***","timestamp":4772.01408}
{"level":"info","message":"Turning right","timestamp":4773.307251}
{"level":"info","message":"Y: 120","timestamp":4774.904534}
{"level":"info","message":"x: -120","timestamp":4777.005669}
{"level":"info","message":"Turn: Set rover speed - Left: 120, right:-120","timestamp":4778.552639}
{"level":"info","message":"ArduinoMessage: 11:0:247:0:170:187\r","timestamp":4811.194862}
{"level":"info","message":"***turn_timer***","timestamp":4829.785389}
{"level":"info","message":"***calc_heading_delta***","timestamp":4831.241996}
{"level":"info","message":"IMU Heading same as previous","timestamp":4832.519801}
{"level":"info","message":"Current Heading: 353.222051266","timestamp":4833.817607}
{"level":"info","message":"Target Heading: 85.4589568860693","timestamp":4837.311026}
{"level":"info","message":"***TURNING TOWARDS TARGET***","timestamp":4857.21342}
{"level":"info","message":"Turning right","timestamp":4858.759193}
{"level":"info","message":"Y: 120","timestamp":4860.24705}
{"level":"info","message":"x: -120","timestamp":4862.32631}
{"level":"info","message":"Turn: Set rover speed - Left: 120, right:-120","timestamp":4864.043957}
{"level":"info","message":"ArduinoMessage: 12:0:7:0:170:187\r","timestamp":4867.323419}
{"level":"info","message":"ArduinoMessage: 11:0:247:0:170:187\r","timestamp":4895.136709}
{"level":"info","message":"ArduinoMessage: 12:0:7:0:170:187\r","timestamp":4912.152192}
{"level":"info","message":"***turn_timer***","timestamp":4917.316435}
{"level":"info","message":"***calc_heading_delta***","timestamp":4919.51335}
{"level":"info","message":"IMU Heading same as previous","timestamp":4921.148342}
{"level":"info","message":"Current Heading: 353.222051266","timestamp":4922.788594}
{"level":"info","message":"Target Heading: 85.4589568860693","timestamp":4932.774634}
{"level":"info","message":"***TURNING TOWARDS TARGET***","timestamp":4934.104159}
{"level":"info","message":"Turning right","timestamp":4948.264292}
{"level":"info","message":"Y: 120","timestamp":4949.520587}
{"level":"info","message":"x: -120","timestamp":4950.82407}
{"level":"info","message":"Turn: Set rover speed - Left: 120, right:-120","timestamp":4952.050782}
{"level":"info","message":"ArduinoMessage: 11:0:247:0:170:187\r","timestamp":4984.68389}
{"level":"info","message":"ArduinoMessage: 12:0:7:0:170:187\r","timestamp":5000.297974}
{"level":"info","message":"***turn_timer***","timestamp":5004.210401}
{"level":"info","message":"***calc_heading_delta***","timestamp":5005.359406}
{"level":"info","message":"IMU Heading validified","timestamp":5007.997413}
{"level":"info","message":"Current Heading: 22.6381062016","timestamp":5009.085063}
{"level":"info","message":"Target Heading: 85.4589568860693","timestamp":5010.222349}
{"level":"info","message":"***TURNING TOWARDS TARGET***","timestamp":5011.94161}
{"level":"info","message":"Turning right","timestamp":5013.573477}
{"level":"info","message":"Y: 120","timestamp":5014.765762}
{"level":"info","message":"x: -120","timestamp":5016.077891}
{"level":"info","message":"Turn: Set rover speed - Left: 120, right:-120","timestamp":5021.641976}
{"level":"info","message":"ArduinoMessage: 11:0:247:0:170:187\r","timestamp":5058.928601}
{"level":"info","message":"ArduinoMessage: 12:0:7:0:170:187\r","timestamp":5070.814944}
{"level":"info","message":"***turn_timer***","timestamp":5072.395457}
{"level":"info","message":"***calc_heading_delta***","timestamp":5073.351337}
{"level":"info","message":"IMU Heading validified","timestamp":5074.258832}
{"level":"info","message":"Current Heading: 30.0137333465","timestamp":5075.632627}
{"level":"info","message":"Target Heading: 85.4589568860693","timestamp":5076.852516}
{"level":"info","message":"***TURNING TOWARDS TARGET***","timestamp":5078.957922}
{"level":"info","message":"Turning right","timestamp":5080.015729}
{"level":"info","message":"Y: 120","timestamp":5081.132181}
{"level":"info","message":"x: -120","timestamp":5082.532434}
{"level":"info","message":"Turn: Set rover speed - Left: 120, right:-120","timestamp":5083.908208}
{"level":"info","message":"ArduinoMessage: 11:0:247:0:170:187\r","timestamp":5118.561878}
{"level":"info","message":"ArduinoMessage: 12:0:7:0:170:187\r","timestamp":5132.121077}
{"level":"info","message":"***turn_timer***","timestamp":5134.82299}
{"level":"info","message":"***calc_heading_delta***","timestamp":5136.066994}
{"level":"info","message":"IMU Heading same as previous","timestamp":5137.637767}
{"level":"info","message":"Current Heading: 30.0137333465","timestamp":5138.992395}
{"level":"info","message":"Target Heading: 85.4589568860693","timestamp":5140.444314}
{"level":"info","message":"***TURNING TOWARDS TARGET***","timestamp":5142.047691}
{"level":"info","message":"Turning right","timestamp":5143.835703}
{"level":"info","message":"Y: 120","timestamp":5145.394861}
{"level":"info","message":"x: -120","timestamp":5146.929697}
{"level":"info","message":"Turn: Set rover speed - Left: 120, right:-120","timestamp":5148.552657}
{"level":"info","message":"ArduinoMessage: 11:0:247:0:170:187\r","timestamp":5180.910819}
{"level":"info","message":"ArduinoMessage: 12:0:7:0:170:187\r","timestamp":5197.693907}
{"level":"info","message":"***turn_timer***","timestamp":5199.751083}
{"level":"info","message":"***calc_heading_delta***","timestamp":5200.962744}
{"level":"info","message":"IMU Heading validified","timestamp":5205.948707}
{"level":"info","message":"Current Heading: 46.9626387794","timestamp":5221.022846}
{"level":"info","message":"Target Heading: 85.4589568860693","timestamp":5233.809028}
{"level":"info","message":"***TURNING TOWARDS TARGET***","timestamp":5235.075844}
{"level":"info","message":"Turning right","timestamp":5236.241411}
{"level":"info","message":"Y: 116","timestamp":5240.74696}
{"level":"info","message":"x: -116","timestamp":5242.18315}
{"level":"info","message":"Turn: Set rover speed - Left: 116, right:-116","timestamp":5243.548507}
{"level":"info","message":"ArduinoMessage: 11:0:243:0:170:187\r","timestamp":5277.693066}
{"level":"info","message":"***turn_timer***","timestamp":5296.036354}
{"level":"info","message":"***calc_heading_delta***","timestamp":5298.37181}
{"level":"info","message":"IMU Heading same as previous","timestamp":5300.116072}
{"level":"info","message":"Current Heading: 46.9626387794","timestamp":5301.406482}
{"level":"info","message":"Target Heading: 85.4589568860693","timestamp":5302.398091}
{"level":"info","message":"***TURNING TOWARDS TARGET***","timestamp":5303.298451}
{"level":"info","message":"Turning right","timestamp":5304.174905}
{"level":"info","message":"Y: 116","timestamp":5305.023181}
{"level":"info","message":"x: -116","timestamp":5306.345883}
{"level":"info","message":"Turn: Set rover speed - Left: 116, right:-116","timestamp":5308.552486}
{"level":"info","message":"ArduinoMessage: 12:0:11:0:170:187\r","timestamp":5310.17706}
{"level":"info","message":"ArduinoMessage: 11:0:243:0:170:187\r","timestamp":5336.578847}
{"level":"info","message":"ArduinoMessage: 12:0:11:0:170:187\r","timestamp":5356.933219}
{"level":"info","message":"***turn_timer***","timestamp":5359.95888}
{"level":"info","message":"***calc_heading_delta***","timestamp":5361.233769}
{"level":"info","message":"IMU Heading validified","timestamp":5362.122097}
{"level":"info","message":"Current Heading: 61.8803301655","timestamp":5363.117092}
{"level":"info","message":"Target Heading: 85.4589568860693","timestamp":5364.001671}
{"level":"info","message":"***TURNING TOWARDS TARGET***","timestamp":5364.887552}
{"level":"info","message":"Turning right","timestamp":5365.789109}
{"level":"info","message":"Y: 106","timestamp":5367.520975}
{"level":"info","message":"x: -106","timestamp":5368.807947}
{"level":"info","message":"Turn: Set rover speed - Left: 106, right:-106","timestamp":5369.897525}
{"level":"info","message":"ArduinoMessage: 11:0:233:0:170:187\r","timestamp":5401.922407}
{"level":"info","message":"ArduinoMessage: 12:0:21:0:170:187\r","timestamp":5419.378356}
{"level":"info","message":"***turn_timer***","timestamp":5420.781318}
{"level":"info","message":"***calc_heading_delta***","timestamp":5421.642303}
{"level":"info","message":"IMU Heading validified","timestamp":5422.443184}
{"level":"info","message":"Current Heading: 64.9164059938","timestamp":5423.257398}
{"level":"info","message":"Target Heading: 85.4589568860693","timestamp":5424.097342}
{"level":"info","message":"***TURNING TOWARDS TARGET***","timestamp":5428.244976}
{"level":"info","message":"Turning right","timestamp":5429.187106}
{"level":"info","message":"Y: 104","timestamp":5429.995904}
{"level":"info","message":"x: -104","timestamp":5431.430324}
{"level":"info","message":"Turn: Set rover speed - Left: 104, right:-104","timestamp":5432.392558}
{"level":"info","message":"ArduinoMessage: 11:0:231:0:170:187\r","timestamp":5463.135989}
{"level":"info","message":"***turn_timer***","timestamp":5490.275064}
{"level":"info","message":"***calc_heading_delta***","timestamp":5491.258548}
{"level":"info","message":"IMU Heading same as previous","timestamp":5492.075002}
{"level":"info","message":"Current Heading: 64.9164059938","timestamp":5492.776613}
{"level":"info","message":"Target Heading: 85.4589568860693","timestamp":5493.499682}
{"level":"info","message":"***TURNING TOWARDS TARGET***","timestamp":5495.165194}
{"level":"info","message":"Turning right","timestamp":5496.009825}
{"level":"info","message":"Y: 104","timestamp":5497.175965}
{"level":"info","message":"x: -104","timestamp":5498.283146}
{"level":"info","message":"Turn: Set rover speed - Left: 104, right:-104","timestamp":5499.124236}
{"level":"info","message":"ArduinoMessage: 12:0:23:0:170:187\r","timestamp":5500.55553}
{"level":"info","message":"ArduinoMessage: 11:0:231:0:170:187\r","timestamp":5530.078811}
{"level":"info","message":"ArduinoMessage: 12:0:23:0:170:187\r","timestamp":5549.637353}
{"level":"info","message":"***turn_timer***","timestamp":5551.444219}
{"level":"info","message":"***calc_heading_delta***","timestamp":5552.652546}
{"level":"info","message":"IMU Heading validified","timestamp":5554.207069}
{"level":"info","message":"Current Heading: 78.1718283771","timestamp":5555.541801}
{"level":"info","message":"Target Heading: 85.4589568860693","timestamp":5556.810544}
{"level":"info","message":"***TURNING TOWARDS TARGET***","timestamp":5558.703503}
{"level":"info","message":"Turning right","timestamp":5561.052553}
{"level":"info","message":"Y: 95","timestamp":5562.204318}
{"level":"info","message":"x: -95","timestamp":5564.057329}
{"level":"info","message":"Turn: Set rover speed - Left: 95, right:-95","timestamp":5568.329337}
{"level":"info","message":"ArduinoMessage: 11:0:222:0:170:187\r","timestamp":5600.495104}
{"level":"info","message":"ArduinoMessage: 12:0:32:0:170:187\r","timestamp":5619.995991}
{"level":"info","message":"***turn_timer***","timestamp":5637.699386}
{"level":"info","message":"***calc_heading_delta***","timestamp":5638.890213}
{"level":"info","message":"IMU Heading same as previous","timestamp":5639.842448}
{"level":"info","message":"Current Heading: 78.1718283771","timestamp":5640.656975}
{"level":"info","message":"Target Heading: 85.4589568860693","timestamp":5642.061655}
{"level":"info","message":"***TURNING TOWARDS TARGET***","timestamp":5643.342325}
{"level":"info","message":"Turning right","timestamp":5646.089602}
{"level":"info","message":"Y: 95","timestamp":5647.614855}
{"level":"info","message":"x: -95","timestamp":5649.092763}
{"level":"info","message":"Turn: Set rover speed - Left: 95, right:-95","timestamp":5650.394632}
{"level":"info","message":"ArduinoMessage: 11:0:222:0:170:187\r","timestamp":5681.489519}
{"level":"info","message":"ArduinoMessage: 12:0:32:0:170:187\r","timestamp":5701.60686}
{"level":"info","message":"***turn_timer***","timestamp":5704.041691}
{"level":"info","message":"***calc_heading_delta***","timestamp":5705.966472}
{"level":"info","message":"IMU Heading validified","timestamp":5707.449746}
{"level":"info","message":"Current Heading: 89.3738415465","timestamp":5708.50948}
{"level":"info","message":"Target Heading: 85.4589568860693","timestamp":5709.519526}
{"level":"info","message":"***FOUND HEADING EMITTING DRIVE***","timestamp":5711.346548}
{"level":"info","message":"Current Heading: 89.3738415465 Target Heading: 85.4589568860693","timestamp":5712.935081}
{"level":"info","message":"Final heading before drive event:  89.3738415465","timestamp":5715.311735}
{"level":"info","message":"heading delta:3.914884660430701","timestamp":5718.024638}
{"level":"info","message":"Y: 0","timestamp":5720.111137}
{"level":"info","message":"x: 0","timestamp":5721.939148}
{"level":"info","message":"ArduinoMessage: 11:0:127:0:170:187\r","timestamp":5754.338091}
{"level":"info","message":"***drive_timer***","timestamp":5778.011142}
{"level":"info","message":"***pathfinder***","timestamp":5781.68555}
{"latitude":"33.882145886","longitude":"-117.881739635","level":"info","message":"Current Location: ","timestamp":5796.791459}
{"latitude":33.88215365,"longitude":-117.88161841,"level":"info","message":"Target Location: ","timestamp":5798.9615}
{"level":"info","message":"Distance:  1124.78","timestamp":5800.5442}
{"level":"info","message":"pathfinder updated Target Heading: 85.58851801166367","timestamp":5803.911578}
{"level":"info","message":"***calc_heading_delta***","timestamp":5805.361883}
{"level":"info","message":"IMU Heading validified","timestamp":5807.083176}
{"level":"info","message":"Current Heading: 94.3222770595","timestamp":5808.707907}
{"level":"info","message":"Target Heading: 85.58851801166367","timestamp":5810.850708}
{"level":"info","message":"***MOVING FORWARD WITH ADJUSTMENTS***","timestamp":5812.610699}
{"level":"info","message":"!turn_right: true","timestamp":5814.310481}
{"level":"info","message":"turn_right:false","timestamp":5815.775369}
{"level":"info","message":"forwardP Throttle Offset: 114","timestamp":5817.673536}
{"level":"info","message":"forwardP listing left","timestamp":5818.982696}
{"level":"info","message":"Y: 60","timestamp":5820.800863}
{"level":"info","message":"x: 120","timestamp":5823.247361}
{"level":"info","message":"Drive: Set rover speed - Left: 60, right:120","timestamp":5824.985685}
{"level":"info","message":"ArduinoMessage: 12:0:127:0:170:187\r","timestamp":5827.699316}
{"level":"info","message":"ArduinoMessage: 11:0:187:0:170:187\r","timestamp":5853.231108}
{"level":"info","message":"ArduinoMessage: 12:0:247:0:170:187\r","timestamp":5873.16444}
{"level":"info","message":"***drive_timer***","timestamp":5876.455412}
{"level":"info","message":"***pathfinder***","timestamp":5879.547687}
{"latitude":33.882145886,"longitude":-117.881739635,"level":"info","message":"Current Location: ","timestamp":5885.081773}
{"latitude":33.88215365,"longitude":-117.88161841,"level":"info","message":"Target Location: ","timestamp":5886.550932}
{"level":"info","message":"Distance:  1124.78","timestamp":5888.126236}
{"level":"info","message":"pathfinder updated Target Heading: 85.58851801166367","timestamp":5890.304141}
{"level":"info","message":"***calc_heading_delta***","timestamp":5891.452989}
{"level":"info","message":"IMU Heading validified","timestamp":5893.431468}
{"level":"info","message":"Current Heading: 101.04094018","timestamp":5895.82057}
{"level":"info","message":"Target Heading: 85.58851801166367","timestamp":5897.143323}
{"level":"info","message":"Y: 0","timestamp":5898.819304}
{"level":"info","message":"x: 0","timestamp":5900.169349}
{"level":"info","message":"***FORWARDP OUT OF BOUNDS EMITTING TURN***","timestamp":5901.593508}
{"level":"info","message":"ArduinoMessage: 11:0:127:0:170:187\r","timestamp":5930.835957}
{"level":"info","message":"ArduinoMessage: 12:0:127:0:170:187\r","timestamp":5950.721529}
{"level":"info","message":"***turn_timer***","timestamp":5952.473707}
{"level":"info","message":"***calc_heading_delta***","timestamp":5953.489691}
{"level":"info","message":"IMU Heading same as previous","timestamp":5954.665154}
{"level":"info","message":"Current Heading: 101.04094018","timestamp":5955.893012}
{"level":"info","message":"Target Heading: 85.58851801166367","timestamp":5957.10811}
{"level":"info","message":"***TURNING TOWARDS TARGET***","timestamp":5958.386436}
{"level":"info","message":"Turning left","timestamp":5959.606273}
{"level":"info","message":"Y: -100","timestamp":5961.440691}
{"level":"info","message":"x: 100","timestamp":5962.991464}
{"level":"info","message":"Turn: Set rover speed - Left: -100, right:100","timestamp":5964.268124}
{"level":"info","message":"ArduinoMessage: 11:0:27:0:170:187\r","timestamp":5992.014695}
{"level":"info","message":"ArduinoMessage: 12:0:227:0:170:187\r","timestamp":6012.280005}
{"level":"info","message":"***turn_timer***","timestamp":6015.985297}
{"level":"info","message":"***calc_heading_delta***","timestamp":6023.142499}
{"level":"info","message":"IMU Heading validified","timestamp":6033.144998}
{"level":"info","message":"Current Heading: 97.5729486405","timestamp":6034.709365}
{"level":"info","message":"Target Heading: 85.58851801166367","timestamp":6037.31133}
{"level":"info","message":"***TURNING TOWARDS TARGET***","timestamp":6040.41121}
{"level":"info","message":"Turning left","timestamp":6042.13495}
{"level":"info","message":"Y: -98","timestamp":6044.605614}
{"level":"info","message":"x: 98","timestamp":6046.207637}
{"level":"info","message":"Turn: Set rover speed - Left: -98, right:98","timestamp":6047.731483}
{"level":"info","message":"ArduinoMessage: 11:0:29:0:170:187\r","timestamp":6078.717152}
{"level":"info","message":"***turn_timer***","timestamp":6098.891264}
{"level":"info","message":"***calc_heading_delta***","timestamp":6100.361933}
{"level":"info","message":"IMU Heading same as previous","timestamp":6101.476042}
{"level":"info","message":"Current Heading: 97.5729486405","timestamp":6102.445464}
{"level":"info","message":"Target Heading: 85.58851801166367","timestamp":6103.527177}
{"level":"info","message":"***TURNING TOWARDS TARGET***","timestamp":6104.437068}
{"level":"info","message":"Turning left","timestamp":6105.685395}
{"level":"info","message":"Y: -98","timestamp":6106.820857}
{"level":"info","message":"x: 98","timestamp":6108.115069}
{"level":"info","message":"Turn: Set rover speed - Left: -98, right:98","timestamp":6109.342094}
{"level":"info","message":"ArduinoMessage: 12:0:225:0:170:187\r","timestamp":6111.921768}
{"level":"info","message":"ArduinoMessage: 11:0:29:0:170:187\r","timestamp":6140.216722}
{"level":"info","message":"ArduinoMessage: 12:0:225:0:170:187\r","timestamp":6160.340313}
{"level":"info","message":"***turn_timer***","timestamp":6162.744207}
{"level":"info","message":"***calc_heading_delta***","timestamp":6163.929878}
{"level":"info","message":"IMU Heading validified","timestamp":6165.015861}
{"level":"info","message":"Current Heading: 88.7409547928","timestamp":6166.104189}
{"level":"info","message":"Target Heading: 85.58851801166367","timestamp":6167.321578}
{"level":"info","message":"***FOUND HEADING EMITTING DRIVE***","timestamp":6168.517614}
{"level":"info","message":"Current Heading: 88.7409547928 Target Heading: 85.58851801166367","timestamp":6169.646514}
{"level":"info","message":"Final heading before drive event:  88.7409547928","timestamp":6170.956767}
{"level":"info","message":"heading delta:3.1524367811363305","timestamp":6172.25999}
{"level":"info","message":"Y: 0","timestamp":6173.319776}
{"level":"info","message":"x: 0","timestamp":6174.774456}
{"level":"info","message":"ArduinoMessage: 11:0:127:0:170:187\r","timestamp":6205.604292}
{"level":"info","message":"ArduinoMessage: 12:0:127:0:170:187\r","timestamp":6225.670748}
{"level":"info","message":"***drive_timer***","timestamp":6228.201829}
{"level":"info","message":"***pathfinder***","timestamp":6229.6088}
{"latitude":"33.882145957","longitude":"-117.881739688","level":"info","message":"Current Location: ","timestamp":6231.872226}
{"latitude":33.88215365,"longitude":-117.88161841,"level":"info","message":"Target Location: ","timestamp":6233.366801}
{"level":"info","message":"Distance:  1125.209","timestamp":6234.826116}
{"level":"info","message":"pathfinder updated Target Heading: 85.63060549263975","timestamp":6236.6997}
{"level":"info","message":"***calc_heading_delta***","timestamp":6238.083078}
{"level":"info","message":"IMU Heading same as previous","timestamp":6239.396769}
{"level":"info","message":"Current Heading: 88.7409547928","timestamp":6240.630461}
{"level":"info","message":"Target Heading: 85.63060549263975","timestamp":6241.911756}
{"level":"info","message":"***MOVING FORWARD WITH ADJUSTMENTS***","timestamp":6243.358831}
{"level":"info","message":"!turn_right: true","timestamp":6245.227676}
{"level":"info","message":"turn_right:false","timestamp":6246.996}
{"level":"info","message":"forwardP Throttle Offset: 98","timestamp":6248.842396}
{"level":"info","message":"forwardP listing left","timestamp":6250.259107}
{"level":"info","message":"Y: 60","timestamp":6251.916078}
{"level":"info","message":"x: 120","timestamp":6260.712229}
{"level":"info","message":"Drive: Set rover speed - Left: 60, right:120","timestamp":6262.307689}
{"level":"info","message":"ArduinoMessage: 11:0:187:0:170:187\r","timestamp":6284.381114}
{"level":"info","message":"ArduinoMessage: 12:0:247:0:170:187\r","timestamp":6308.060416}
{"level":"info","message":"***drive_timer***","timestamp":6314.5196}
{"level":"info","message":"***pathfinder***","timestamp":6315.637198}
{"latitude":"33.882145716","longitude":"-117.881739408","level":"info","message":"Current Location: ","timestamp":6324.858243}
{"latitude":33.88215365,"longitude":-117.88161841,"level":"info","message":"Target Location: ","timestamp":6326.126413}
{"level":"info","message":"Distance:  1122.833","timestamp":6327.574375}
{"level":"info","message":"pathfinder updated Target Heading: 85.48389746934316","timestamp":6329.061346}
{"level":"info","message":"***calc_heading_delta***","timestamp":6330.061393}
{"level":"info","message":"IMU Heading validified","timestamp":6331.039773}
{"level":"info","message":"Current Heading: 83.3951645032","timestamp":6332.013622}
{"level":"info","message":"Target Heading: 85.48389746934316","timestamp":6332.976013}
{"level":"info","message":"***MOVING FORWARD AT DRIVE CONSTANT***","timestamp":6334.00783}
{"level":"info","message":"Y: 90","timestamp":6334.969908}
{"level":"info","message":"x: 90","timestamp":6336.120111}
{"level":"info","message":"Drive: Set rover speed - Left: 90, right:90","timestamp":6337.98583}
{"level":"info","message":"ArduinoMessage: 11:0:217:0:170:187\r","timestamp":6369.549725}
{"level":"info","message":"***drive_timer***","timestamp":6388.818269}
{"level":"info","message":"***pathfinder***","timestamp":6389.961804}
{"latitude":33.882145716,"longitude":-117.881739408,"level":"info","message":"Current Location: ","timestamp":6391.70742}
{"latitude":33.88215365,"longitude":-117.88161841,"level":"info","message":"Target Location: ","timestamp":6392.910434}
{"level":"info","message":"Distance:  1122.833","timestamp":6394.054855}
{"level":"info","message":"pathfinder updated Target Heading: 85.48389746934316","timestamp":6395.642399}
{"level":"info","message":"***calc_heading_delta***","timestamp":6397.298797}
{"level":"info","message":"IMU Heading validified","timestamp":6398.266291}
{"level":"info","message":"Current Heading: 84.1984131124","timestamp":6399.317015}
{"level":"info","message":"Target Heading: 85.48389746934316","timestamp":6400.380603}
{"level":"info","message":"***MOVING FORWARD AT DRIVE CONSTANT***","timestamp":6401.359452}
{"level":"info","message":"Y: 90","timestamp":6402.357416}
{"level":"info","message":"x: 90","timestamp":6403.627565}
{"level":"info","message":"Drive: Set rover speed - Left: 90, right:90","timestamp":6404.8111}
{"level":"info","message":"ArduinoMessage: 12:0:217:0:170:187\r","timestamp":6407.261088}
{"level":"info","message":"ArduinoMessage: 11:0:217:0:170:187\r","timestamp":6434.644015}
{"level":"info","message":"ArduinoMessage: 12:0:217:0:170:187\r","timestamp":6454.708232}
{"level":"info","message":"***drive_timer***","timestamp":6456.497233}
{"level":"info","message":"***pathfinder***","timestamp":6457.760143}
{"latitude":33.882145716,"longitude":-117.881739408,"level":"info","message":"Current Location: ","timestamp":6459.658674}
{"latitude":33.88215365,"longitude":-117.88161841,"level":"info","message":"Target Location: ","timestamp":6461.985224}
{"level":"info","message":"Distance:  1122.833","timestamp":6463.607716}
{"level":"info","message":"pathfinder updated Target Heading: 85.48389746934316","timestamp":6465.143541}
{"level":"info","message":"***calc_heading_delta***","timestamp":6466.269889}
{"level":"info","message":"IMU Heading same as previous","timestamp":6467.78535}
{"level":"info","message":"Current Heading: 84.1984131124","timestamp":6468.918209}
{"level":"info","message":"Target Heading: 85.48389746934316","timestamp":6470.051432}
{"level":"info","message":"***MOVING FORWARD AT DRIVE CONSTANT***","timestamp":6472.089442}
{"level":"info","message":"Y: 90","timestamp":6473.753495}
{"level":"info","message":"x: 90","timestamp":6475.257133}
{"level":"info","message":"Drive: Set rover speed - Left: 90, right:90","timestamp":6476.454939}
{"level":"info","message":"ArduinoMessage: 11:0:217:0:170:187\r","timestamp":6508.647321}
{"level":"info","message":"***drive_timer***","timestamp":6528.354039}
{"level":"info","message":"***pathfinder***","timestamp":6529.555335}
{"latitude":"33.882145551","longitude":"-117.881739307","level":"info","message":"Current Location: ","timestamp":6531.340898}
{"latitude":33.88215365,"longitude":-117.88161841,"level":"info","message":"Target Location: ","timestamp":6532.62334}
{"level":"info","message":"Distance:  1122.046","timestamp":6533.99677}
{"level":"info","message":"pathfinder updated Target Heading: 85.3865450672688","timestamp":6535.45671}
{"level":"info","message":"***calc_heading_delta***","timestamp":6537.264096}
{"level":"info","message":"IMU Heading validified","timestamp":6538.593881}
{"level":"info","message":"Current Heading: 86.0443545196","timestamp":6539.581167}
{"level":"info","message":"Target Heading: 85.3865450672688","timestamp":6552.895315}
{"level":"info","message":"***MOVING FORWARD AT DRIVE CONSTANT***","timestamp":6554.130934}
{"level":"info","message":"Y: 90","timestamp":6555.219834}
{"level":"info","message":"x: 90","timestamp":6556.568421}
{"level":"info","message":"Drive: Set rover speed - Left: 90, right:90","timestamp":6558.918408}
{"level":"info","message":"ArduinoMessage: 12:0:217:0:170:187\r","timestamp":6562.540577}
{"level":"info","message":"ArduinoMessage: 11:0:217:0:170:187\r","timestamp":6590.199961}
{"level":"info","message":"***drive_timer***","timestamp":6610.102981}
{"level":"info","message":"***pathfinder***","timestamp":6612.100626}
{"latitude":33.882145551,"longitude":-117.881739307,"level":"info","message":"Current Location: ","timestamp":6639.216837}
{"latitude":33.88215365,"longitude":-117.88161841,"level":"info","message":"Target Location: ","timestamp":6667.945591}
{"level":"info","message":"Distance:  1122.046","timestamp":6669.060377}
{"level":"info","message":"pathfinder updated Target Heading: 85.3865450672688","timestamp":6670.295578}
{"level":"info","message":"***calc_heading_delta***","timestamp":6671.088543}
{"level":"info","message":"IMU Heading validified","timestamp":6674.015402}
{"level":"info","message":"Current Heading: 86.6690826195","timestamp":6674.959772}
{"level":"info","message":"Target Heading: 85.3865450672688","timestamp":6675.669196}
{"level":"info","message":"***MOVING FORWARD AT DRIVE CONSTANT***","timestamp":6676.761586}
{"level":"info","message":"Y: 90","timestamp":6678.692409}
{"level":"info","message":"x: 90","timestamp":6698.984228}
{"level":"info","message":"Drive: Set rover speed - Left: 90, right:90","timestamp":6700.520001}
{"level":"info","message":"ArduinoMessage: 12:0:217:0:170:187\r","timestamp":6702.502231}
{"level":"info","message":"ArduinoMessage: 11:0:217:0:170:187\r","timestamp":6713.451079}
{"level":"info","message":"ArduinoMessage: 12:0:217:0:170:187\r","timestamp":6733.251182}
{"level":"info","message":"***drive_timer***","timestamp":6752.477955}
{"level":"info","message":"***pathfinder***","timestamp":6753.600605}
{"latitude":"33.882145416","longitude":"-117.881738765","level":"info","message":"Current Location: ","timestamp":6755.285284}
{"latitude":33.88215365,"longitude":-117.88161841,"level":"info","message":"Target Location: ","timestamp":6756.424132}
{"level":"info","message":"Distance:  1117.17","timestamp":6757.631574}
{"level":"info","message":"pathfinder updated Target Heading: 85.28895987783284","timestamp":6758.947973}
{"level":"info","message":"***calc_heading_delta***","timestamp":6759.884843}
{"level":"info","message":"IMU Heading validified","timestamp":6760.915202}
{"level":"info","message":"Current Heading: 87.8447243792","timestamp":6762.053217}
{"level":"info","message":"Target Heading: 85.28895987783284","timestamp":6763.012326}
{"level":"info","message":"***MOVING FORWARD AT DRIVE CONSTANT***","timestamp":6764.076383}
{"level":"info","message":"Y: 90","timestamp":6765.110284}
{"level":"info","message":"x: 90","timestamp":6766.397308}
{"level":"info","message":"Drive: Set rover speed - Left: 90, right:90","timestamp":6768.926826}
{"level":"info","message":"ArduinoMessage: 11:0:217:0:170:187\r","timestamp":6810.881291}
{"level":"info","message":"ArduinoMessage: 12:0:217:0:170:187\r","timestamp":6819.799786}
{"level":"info","message":"***drive_timer***","timestamp":6821.320351}
{"level":"info","message":"***pathfinder***","timestamp":6822.355189}
{"latitude":33.882145416,"longitude":-117.881738765,"level":"info","message":"Current Location: ","timestamp":6824.263043}
{"latitude":33.88215365,"longitude":-117.88161841,"level":"info","message":"Target Location: ","timestamp":6825.659963}
{"level":"info","message":"Distance:  1117.17","timestamp":6826.944123}
{"level":"info","message":"pathfinder updated Target Heading: 85.28895987783284","timestamp":6828.590104}
{"level":"info","message":"***calc_heading_delta***","timestamp":6829.762389}
{"level":"info","message":"IMU Heading same as previous","timestamp":6830.829363}
{"level":"info","message":"Current Heading: 87.8447243792","timestamp":6831.92618}
{"level":"info","message":"Target Heading: 85.28895987783284","timestamp":6833.031226}
{"level":"info","message":"***MOVING FORWARD AT DRIVE CONSTANT***","timestamp":6834.167262}
{"level":"info","message":"Y: 90","timestamp":6835.275329}
{"level":"info","message":"x: 90","timestamp":6836.459854}
{"level":"info","message":"Drive: Set rover speed - Left: 90, right:90","timestamp":6838.267969}
{"level":"info","message":"ArduinoMessage: 11:0:217:0:170:187\r","timestamp":6869.004681}
{"level":"info","message":"ArduinoMessage: 12:0:217:0:170:187\r","timestamp":6889.341709}
{"level":"info","message":"***drive_timer***","timestamp":6891.465395}
{"level":"info","message":"***pathfinder***","timestamp":6892.69091}
{"latitude":"33.882145144","longitude":"-117.881737466","level":"info","message":"Current Location: ","timestamp":6897.053282}
{"latitude":33.88215365,"longitude":-117.88161841,"level":"info","message":"Target Location: ","timestamp":6898.30489}
{"level":"info","message":"Distance:  1105.447","timestamp":6899.463895}
{"level":"info","message":"pathfinder updated Target Heading: 85.08124143794231","timestamp":6900.868002}
{"level":"info","message":"***calc_heading_delta***","timestamp":6901.809455}
{"level":"info","message":"IMU Heading same as previous","timestamp":6902.672107}
{"level":"info","message":"Current Heading: 87.8447243792","timestamp":6903.569394}
{"level":"info","message":"Target Heading: 85.08124143794231","timestamp":6904.414806}
{"level":"info","message":"***MOVING FORWARD AT DRIVE CONSTANT***","timestamp":6905.23725}
{"level":"info","message":"Y: 90","timestamp":6906.077349}
{"level":"info","message":"x: 90","timestamp":6907.919839}
{"level":"info","message":"Drive: Set rover speed - Left: 90, right:90","timestamp":6909.183062}
{"level":"info","message":"ArduinoMessage: 11:0:217:0:170:187\r","timestamp":6937.847702}
{"level":"info","message":"ArduinoMessage: 12:0:217:0:170:187\r","timestamp":6958.364572}
{"level":"info","message":"***drive_timer***","timestamp":6961.412993}
{"level":"info","message":"***pathfinder***","timestamp":6962.389447}
{"latitude":33.882145144,"longitude":-117.881737466,"level":"info","message":"Current Location: ","timestamp":6964.197249}
{"latitude":33.88215365,"longitude":-117.88161841,"level":"info","message":"Target Location: ","timestamp":6965.363233}
{"level":"info","message":"Distance:  1105.447","timestamp":6966.469894}
{"level":"info","message":"pathfinder updated Target Heading: 85.08124143794231","timestamp":6968.864048}
{"level":"info","message":"***calc_heading_delta***","timestamp":6969.894511}
{"level":"info","message":"IMU Heading same as previous","timestamp":6970.761121}
{"level":"info","message":"Current Heading: 87.8447243792","timestamp":6971.616637}
{"level":"info","message":"Target Heading: 85.08124143794231","timestamp":6972.48257}
{"level":"info","message":"***MOVING FORWARD AT DRIVE CONSTANT***","timestamp":6973.329076}
{"level":"info","message":"Y: 90","timestamp":6974.139124}
{"level":"info","message":"x: 90","timestamp":6975.403284}
{"level":"info","message":"Drive: Set rover speed - Left: 90, right:90","timestamp":6976.399008}
{"level":"info","message":"ArduinoMessage: 11:0:217:0:170:187\r","timestamp":7018.724877}
{"level":"info","message":"***drive_timer***","timestamp":7028.149306}
{"level":"info","message":"***pathfinder***","timestamp":7029.341019}
{"latitude":33.882145144,"longitude":-117.881737466,"level":"info","message":"Current Location: ","timestamp":7031.039916}
{"latitude":33.88215365,"longitude":-117.88161841,"level":"info","message":"Target Location: ","timestamp":7032.232618}
{"level":"info","message":"Distance:  1105.447","timestamp":7033.400268}
{"level":"info","message":"pathfinder updated Target Heading: 85.08124143794231","timestamp":7034.689376}
{"level":"info","message":"***calc_heading_delta***","timestamp":7035.865203}
{"level":"info","message":"IMU Heading same as previous","timestamp":7036.761604}
{"level":"info","message":"Current Heading: 87.8447243792","timestamp":7037.599725}
{"level":"info","message":"Target Heading: 85.08124143794231","timestamp":7038.533626}
{"level":"info","message":"***MOVING FORWARD AT DRIVE CONSTANT***","timestamp":7039.264299}
{"level":"info","message":"Y: 90","timestamp":7039.955702}
{"level":"info","message":"x: 90","timestamp":7041.36507}
{"level":"info","message":"Drive: Set rover speed - Left: 90, right:90","timestamp":7042.410272}
{"level":"info","message":"ArduinoMessage: 12:0:217:0:170:187\r","timestamp":7044.128284}
{"level":"info","message":"ArduinoMessage: 11:0:217:0:170:187\r","timestamp":7073.413129}
{"level":"info","message":"ArduinoMessage: 12:0:217:0:170:187\r","timestamp":7093.579793}
{"level":"info","message":"***drive_timer***","timestamp":7095.251138}
{"level":"info","message":"***pathfinder***","timestamp":7096.361965}
{"latitude":"33.882144670","longitude":"-117.881736047","level":"info","message":"Current Location: ","timestamp":7098.296955}
{"latitude":33.88215365,"longitude":-117.88161841,"level":"info","message":"Target Location: ","timestamp":7099.913822}
{"level":"info","message":"Distance:  1092.834","timestamp":7101.149128}
{"level":"info","message":"pathfinder updated Target Heading: 84.74632987412497","timestamp":7102.697869}
{"level":"info","message":"***calc_heading_delta***","timestamp":7104.206976}
{"level":"info","message":"IMU Heading same as previous","timestamp":7105.326866}
{"level":"info","message":"Current Heading: 87.8447243792","timestamp":7106.413266}
{"level":"info","message":"Target Heading: 84.74632987412497","timestamp":7107.574875}
{"level":"info","message":"***MOVING FORWARD WITH ADJUSTMENTS***","timestamp":7108.564245}
{"level":"info","message":"!turn_right: true","timestamp":7109.373771}
{"level":"info","message":"turn_right:false","timestamp":7110.24085}
{"level":"info","message":"forwardP Throttle Offset: 98","timestamp":7111.321313}
{"level":"info","message":"forwardP listing left","timestamp":7112.049903}
{"level":"info","message":"Y: 60","timestamp":7112.689743}
{"level":"info","message":"x: 120","timestamp":7113.770415}
{"level":"info","message":"Drive: Set rover speed - Left: 60, right:120","timestamp":7114.763066}
{"level":"info","message":"ArduinoMessage: 11:0:187:0:170:187\r","timestamp":7144.753219}
{"level":"info","message":"***drive_timer***","timestamp":7166.221751}
{"level":"info","message":"***pathfinder***","timestamp":7167.813982}
{"latitude":33.88214467,"longitude":-117.881736047,"level":"info","message":"Current Location: ","timestamp":7169.692931}
{"latitude":33.88215365,"longitude":-117.88161841,"level":"info","message":"Target Location: ","timestamp":7170.96157}
{"level":"info","message":"Distance:  1092.834","timestamp":7172.398021}
{"level":"info","message":"pathfinder updated Target Heading: 84.74632987412497","timestamp":7173.942908}
{"level":"info","message":"***calc_heading_delta***","timestamp":7175.018215}
{"level":"info","message":"IMU Heading same as previous","timestamp":7176.161386}
{"level":"info","message":"Current Heading: 87.8447243792","timestamp":7177.533358}
{"level":"info","message":"Target Heading: 84.74632987412497","timestamp":7178.794758}
{"level":"info","message":"***MOVING FORWARD WITH ADJUSTMENTS***","timestamp":7180.745268}
{"level":"info","message":"!turn_right: true","timestamp":7181.892293}
{"level":"info","message":"turn_right:false","timestamp":7182.969215}
{"level":"info","message":"forwardP Throttle Offset: 98","timestamp":7184.432749}
{"level":"info","message":"forwardP listing left","timestamp":7185.606544}
{"level":"info","message":"Y: 60","timestamp":7186.783934}
{"level":"info","message":"x: 120","timestamp":7188.32877}
{"level":"info","message":"Drive: Set rover speed - Left: 60, right:120","timestamp":7190.136572}
{"level":"info","message":"ArduinoMessage: 12:0:247:0:170:187\r","timestamp":7193.326451}
{"level":"info","message":"ArduinoMessage: 11:0:187:0:170:187\r","timestamp":7220.324329}
{"level":"info","message":"ArduinoMessage: 12:0:247:0:170:187\r","timestamp":7241.606925}
{"level":"info","message":"***drive_timer***","timestamp":7243.242176}
{"level":"info","message":"***pathfinder***","timestamp":7244.417743}
{"latitude":33.88214467,"longitude":-117.881736047,"level":"info","message":"Current Location: ","timestamp":7246.376951}
{"latitude":33.88215365,"longitude":-117.88161841,"level":"info","message":"Target Location: ","timestamp":7247.995224}
{"level":"info","message":"Distance:  1092.834","timestamp":7249.182405}
{"level":"info","message":"pathfinder updated Target Heading: 84.74632987412497","timestamp":7254.532377}
{"level":"info","message":"***calc_heading_delta***","timestamp":7256.088462}
{"level":"info","message":"IMU Heading same as previous","timestamp":7257.257519}
{"level":"info","message":"Current Heading: 87.8447243792","timestamp":7258.32944}
{"level":"info","message":"Target Heading: 84.74632987412497","timestamp":7259.691933}
{"level":"info","message":"***MOVING FORWARD WITH ADJUSTMENTS***","timestamp":7260.794844}
{"level":"info","message":"!turn_right: true","timestamp":7262.516397}
{"level":"info","message":"turn_right:false","timestamp":7263.58436}
{"level":"info","message":"forwardP Throttle Offset: 98","timestamp":7264.946697}
{"level":"info","message":"forwardP listing left","timestamp":7265.991587}
{"level":"info","message":"Y: 60","timestamp":7267.206112}
{"level":"info","message":"x: 120","timestamp":7268.897926}
{"level":"info","message":"Drive: Set rover speed - Left: 60, right:120","timestamp":7270.338179}
{"level":"info","message":"ArduinoMessage: 11:0:187:0:170:187\r","timestamp":7299.030058}
{"level":"info","message":"ArduinoMessage: 12:0:247:0:170:187\r","timestamp":7318.955004}
{"level":"info","message":"***drive_timer***","timestamp":7321.910509}
{"level":"info","message":"***pathfinder***","timestamp":7323.396022}
{"latitude":"33.882144210","longitude":"-117.881734472","level":"info","message":"Current Location: ","timestamp":7325.263356}
{"latitude":33.88215365,"longitude":-117.88161841,"level":"info","message":"Target Location: ","timestamp":7326.950639}
{"level":"info","message":"Distance:  1078.808","timestamp":7328.753233}
{"level":"info","message":"pathfinder updated Target Heading: 84.40438451168149","timestamp":7330.270621}
{"level":"info","message":"***calc_heading_delta***","timestamp":7331.311501}
{"level":"info","message":"IMU Heading same as previous","timestamp":7332.098528}
{"level":"info","message":"Current Heading: 87.8447243792","timestamp":7332.987951}
{"level":"info","message":"Target Heading: 84.40438451168149","timestamp":7333.71779}
{"level":"info","message":"***MOVING FORWARD WITH ADJUSTMENTS***","timestamp":7334.429401}
{"level":"info","message":"!turn_right: true","timestamp":7335.129554}
{"level":"info","message":"turn_right:false","timestamp":7335.975226}
{"level":"info","message":"forwardP Throttle Offset: 99","timestamp":7336.842305}
{"level":"info","message":"forwardP listing left","timestamp":7341.797748}
{"level":"info","message":"Y: 60","timestamp":7343.053731}
{"level":"info","message":"x: 120","timestamp":7344.586066}
{"level":"info","message":"Drive: Set rover speed - Left: 60, right:120","timestamp":7345.90908}
{"level":"info","message":"ArduinoMessage: 11:0:187:0:170:187\r","timestamp":7377.00704}
{"level":"info","message":"***drive_timer***","timestamp":7398.183542}
{"level":"info","message":"***pathfinder***","timestamp":7399.416036}
{"latitude":33.88214421,"longitude":-117.881734472,"level":"info","message":"Current Location: ","timestamp":7410.181395}
{"latitude":33.88215365,"longitude":-117.88161841,"level":"info","message":"Target Location: ","timestamp":7411.881595}
{"level":"info","message":"Distance:  1078.808","timestamp":7413.549971}
{"level":"info","message":"pathfinder updated Target Heading: 84.40438451168149","timestamp":7415.306004}
{"level":"info","message":"***calc_heading_delta***","timestamp":7416.7236}
{"level":"info","message":"IMU Heading same as previous","timestamp":7417.695054}
{"level":"info","message":"Current Heading: 87.8447243792","timestamp":7418.617549}
{"level":"info","message":"Target Heading: 84.40438451168149","timestamp":7419.466815}
{"level":"info","message":"***MOVING FORWARD WITH ADJUSTMENTS***","timestamp":7420.261602}
{"level":"info","message":"!turn_right: true","timestamp":7421.025661}
{"level":"info","message":"turn_right:false","timestamp":7421.817844}
{"level":"info","message":"forwardP Throttle Offset: 99","timestamp":7422.662371}
{"level":"info","message":"forwardP listing left","timestamp":7423.446638}
{"level":"info","message":"Y: 60","timestamp":7424.229186}
{"level":"info","message":"x: 120","timestamp":7425.256159}
{"level":"info","message":"Drive: Set rover speed - Left: 60, right:120","timestamp":7426.08803}
{"level":"info","message":"ArduinoMessage: 12:0:247:0:170:187\r","timestamp":7427.747657}
{"level":"info","message":"ArduinoMessage: 11:0:187:0:170:187\r","timestamp":7458.186662}
{"level":"info","message":"***drive_timer***","timestamp":7476.46318}
{"level":"info","message":"***pathfinder***","timestamp":7477.712131}
{"latitude":"33.882143716","longitude":"-117.881733026","level":"info","message":"Current Location: ","timestamp":7479.287071}
{"latitude":33.88215365,"longitude":-117.88161841,"level":"info","message":"Target Location: ","timestamp":7480.18592}
{"level":"info","message":"Distance:  1066.047","timestamp":7481.000655}
{"level":"info","message":"pathfinder updated Target Heading: 84.03983901150656","timestamp":7482.071431}
{"level":"info","message":"***calc_heading_delta***","timestamp":7482.724917}
{"level":"info","message":"IMU Heading same as previous","timestamp":7483.365539}
{"level":"info","message":"Current Heading: 87.8447243792","timestamp":7484.042671}
{"level":"info","message":"Target Heading: 84.03983901150656","timestamp":7484.660063}
{"level":"info","message":"***MOVING FORWARD WITH ADJUSTMENTS***","timestamp":7485.249435}
{"level":"info","message":"!turn_right: true","timestamp":7485.842869}
{"level":"info","message":"turn_right:false","timestamp":7486.4487}
{"level":"info","message":"forwardP Throttle Offset: 100","timestamp":7487.199008}
{"level":"info","message":"forwardP listing left","timestamp":7487.811349}
{"level":"info","message":"Y: 60","timestamp":7488.36645}
{"level":"info","message":"x: 120","timestamp":7489.122383}
{"level":"info","message":"Drive: Set rover speed - Left: 60, right:120","timestamp":7489.704984}
{"level":"info","message":"ArduinoMessage: 12:0:247:0:170:187\r","timestamp":7492.830384}
{"level":"info","message":"ArduinoMessage: 11:0:187:0:170:187\r","timestamp":7519.419254}
{"level":"info","message":"***drive_timer***","timestamp":7540.86138}
{"level":"info","message":"***pathfinder***","timestamp":7541.91476}
{"latitude":33.882143716,"longitude":-117.881733026,"level":"info","message":"Current Location: ","timestamp":7543.397512}
{"latitude":33.88215365,"longitude":-117.88161841,"level":"info","message":"Target Location: ","timestamp":7544.527715}
{"level":"info","message":"Distance:  1066.047","timestamp":7545.510366}
{"level":"info","message":"pathfinder updated Target Heading: 84.03983901150656","timestamp":7546.812911}
{"level":"info","message":"***calc_heading_delta***","timestamp":7547.63525}
{"level":"info","message":"IMU Heading same as previous","timestamp":7548.310767}
{"level":"info","message":"Current Heading: 87.8447243792","timestamp":7549.020972}
{"level":"info","message":"Target Heading: 84.03983901150656","timestamp":7549.742739}
{"level":"info","message":"***MOVING FORWARD WITH ADJUSTMENTS***","timestamp":7550.415965}
{"level":"info","message":"!turn_right: true","timestamp":7551.063565}
{"level":"info","message":"turn_right:false","timestamp":7551.775228}
{"level":"info","message":"forwardP Throttle Offset: 100","timestamp":7552.499495}
{"level":"info","message":"forwardP listing left","timestamp":7553.139544}
{"level":"info","message":"Y: 60","timestamp":7553.75902}
{"level":"info","message":"x: 120","timestamp":7554.477297}
{"level":"info","message":"Drive: Set rover speed - Left: 60, right:120","timestamp":7555.153596}
{"level":"info","message":"ArduinoMessage: 12:0:247:0:170:187\r","timestamp":7557.370251}
{"level":"info","message":"ArduinoMessage: 11:0:187:0:170:187\r","timestamp":7585.060625}
{"level":"info","message":"ArduinoMessage: 12:0:247:0:170:187\r","timestamp":7605.137029}
{"level":"info","message":"***drive_timer***","timestamp":7606.700406}
{"level":"info","message":"***pathfinder***","timestamp":7607.789671}
{"latitude":33.882143716,"longitude":-117.881733026,"level":"info","message":"Current Location: ","timestamp":7609.574609}
{"latitude":33.88215365,"longitude":-117.88161841,"level":"info","message":"Target Location: ","timestamp":7610.912258}
{"level":"info","message":"Distance:  1066.047","timestamp":7612.079544}
{"level":"info","message":"pathfinder updated Target Heading: 84.03983901150656","timestamp":7613.587192}
{"level":"info","message":"***calc_heading_delta***","timestamp":7614.379323}
{"level":"info","message":"IMU Heading same as previous","timestamp":7615.069216}
{"level":"info","message":"Current Heading: 87.8447243792","timestamp":7615.775566}
{"level":"info","message":"Target Heading: 84.03983901150656","timestamp":7616.469}
{"level":"info","message":"***MOVING FORWARD WITH ADJUSTMENTS***","timestamp":7617.336079}
{"level":"info","message":"!turn_right: true","timestamp":7618.01769}
{"level":"info","message":"turn_right:false","timestamp":7618.605759}
{"level":"info","message":"forwardP Throttle Offset: 100","timestamp":7619.212787}
{"level":"info","message":"forwardP listing left","timestamp":7619.795336}
{"level":"info","message":"Y: 60","timestamp":7620.403302}
{"level":"info","message":"x: 120","timestamp":7621.336057}
{"level":"info","message":"Drive: Set rover speed - Left: 60, right:120","timestamp":7622.169595}
{"level":"info","message":"ArduinoMessage: 11:0:187:0:170:187\r","timestamp":7650.161113}
{"level":"info","message":"ArduinoMessage: 12:0:247:0:170:187\r","timestamp":7671.390479}
{"level":"info","message":"***drive_timer***","timestamp":7672.82292}
{"level":"info","message":"***pathfinder***","timestamp":7673.754373}
{"latitude":33.882143716,"longitude":-117.881733026,"level":"info","message":"Current Location: ","timestamp":7675.597436}
{"latitude":33.88215365,"longitude":-117.88161841,"level":"info","message":"Target Location: ","timestamp":7676.925346}
{"level":"info","message":"Distance:  1066.047","timestamp":7678.347682}
{"level":"info","message":"pathfinder updated Target Heading: 84.03983901150656","timestamp":7679.797831}
{"level":"info","message":"***calc_heading_delta***","timestamp":7680.746732}
{"level":"info","message":"IMU Heading same as previous","timestamp":7681.610217}
{"level":"info","message":"Current Heading: 87.8447243792","timestamp":7682.415994}
{"level":"info","message":"Target Heading: 84.03983901150656","timestamp":7683.052449}
{"level":"info","message":"***MOVING FORWARD WITH ADJUSTMENTS***","timestamp":7683.655467}
{"level":"info","message":"!turn_right: true","timestamp":7684.297234}
{"level":"info","message":"turn_right:false","timestamp":7684.877543}
{"level":"info","message":"forwardP Throttle Offset: 100","timestamp":7685.541238}
{"level":"info","message":"forwardP listing left","timestamp":7686.144464}
{"level":"info","message":"Y: 60","timestamp":7686.841283}
{"level":"info","message":"x: 120","timestamp":7687.640029}
{"level":"info","message":"Drive: Set rover speed - Left: 60, right:120","timestamp":7688.376223}
{"level":"info","message":"ArduinoMessage: 11:0:187:0:170:187\r","timestamp":7723.435776}
{"level":"info","message":"***drive_timer***","timestamp":7740.093553}
{"level":"info","message":"***pathfinder***","timestamp":7741.274744}
{"latitude":"33.882143300","longitude":"-117.881731622","level":"info","message":"Current Location: ","timestamp":7742.809007}
{"latitude":33.88215365,"longitude":-117.88161841,"level":"info","message":"Target Location: ","timestamp":7743.792908}
{"level":"info","message":"Distance:  1053.622","timestamp":7744.779778}
{"level":"info","message":"pathfinder updated Target Heading: 83.71578677538707","timestamp":7745.822168}
{"level":"info","message":"***calc_heading_delta***","timestamp":7746.451123}
{"level":"info","message":"IMU Heading same as previous","timestamp":7747.126588}
{"level":"info","message":"Current Heading: 87.8447243792","timestamp":7747.712054}
{"level":"info","message":"Target Heading: 83.71578677538707","timestamp":7748.281686}
{"level":"info","message":"***MOVING FORWARD WITH ADJUSTMENTS***","timestamp":7748.874444}
{"level":"info","message":"!turn_right: true","timestamp":7749.441368}
{"level":"info","message":"turn_right:false","timestamp":7750.031208}
{"level":"info","message":"forwardP Throttle Offset: 100","timestamp":7750.814954}
{"level":"info","message":"forwardP listing left","timestamp":7751.591096}
{"level":"info","message":"Y: 60","timestamp":7752.258957}
{"level":"info","message":"x: 120","timestamp":7753.018068}
{"level":"info","message":"Drive: Set rover speed - Left: 60, right:120","timestamp":7753.738637}
{"level":"info","message":"ArduinoMessage: 12:0:247:0:170:187\r","timestamp":7756.036593}
{"level":"info","message":"ArduinoMessage: 11:0:187:0:170:187\r","timestamp":7785.509197}
{"level":"info","message":"***drive_timer***","timestamp":7805.155604}
{"level":"info","message":"***pathfinder***","timestamp":7806.242733}
{"latitude":33.8821433,"longitude":-117.881731622,"level":"info","message":"Current Location: ","timestamp":7807.937464}
{"latitude":33.88215365,"longitude":-117.88161841,"level":"info","message":"Target Location: ","timestamp":7808.925636}
{"level":"info","message":"Distance:  1053.622","timestamp":7809.812767}
{"level":"info","message":"pathfinder updated Target Heading: 83.71578677538707","timestamp":7810.958281}
{"level":"info","message":"***calc_heading_delta***","timestamp":7811.825204}
{"level":"info","message":"IMU Heading same as previous","timestamp":7812.562439}
{"level":"info","message":"Current Heading: 87.8447243792","timestamp":7813.251342}
{"level":"info","message":"Target Heading: 83.71578677538707","timestamp":7813.856808}
{"level":"info","message":"***MOVING FORWARD WITH ADJUSTMENTS***","timestamp":7814.467638}
{"level":"info","message":"!turn_right: true","timestamp":7815.080759}
{"level":"info","message":"turn_right:false","timestamp":7815.642944}
{"level":"info","message":"forwardP Throttle Offset: 100","timestamp":7816.182368}
{"level":"info","message":"forwardP listing left","timestamp":7816.749501}
{"level":"info","message":"Y: 60","timestamp":7817.334654}
{"level":"info","message":"x: 120","timestamp":7817.997879}
{"level":"info","message":"Drive: Set rover speed - Left: 60, right:120","timestamp":7818.616782}
{"level":"info","message":"ArduinoMessage: 12:0:247:0:170:187\r","timestamp":7820.618022}
{"level":"info","message":"ArduinoMessage: 11:0:187:0:170:187\r","timestamp":7851.885929}
{"level":"info","message":"***drive_timer***","timestamp":7870.22729}
{"level":"info","message":"***pathfinder***","timestamp":7871.39843}
{"latitude":33.8821433,"longitude":-117.881731622,"level":"info","message":"Current Location: ","timestamp":7873.101806}
{"latitude":33.88215365,"longitude":-117.88161841,"level":"info","message":"Target Location: ","timestamp":7874.235029}
{"level":"info","message":"Distance:  1053.622","timestamp":7875.284034}
{"level":"info","message":"pathfinder updated Target Heading: 83.71578677538707","timestamp":7876.581683}
{"level":"info","message":"***calc_heading_delta***","timestamp":7877.613918}
{"level":"info","message":"IMU Heading same as previous","timestamp":7878.423965}
{"level":"info","message":"Current Heading: 87.8447243792","timestamp":7879.202763}
{"level":"info","message":"Target Heading: 83.71578677538707","timestamp":7880.01354}
{"level":"info","message":"***MOVING FORWARD WITH ADJUSTMENTS***","timestamp":7880.865202}
{"level":"info","message":"!turn_right: true","timestamp":7881.688948}
{"level":"info","message":"turn_right:false","timestamp":7882.454569}
{"level":"info","message":"forwardP Throttle Offset: 100","timestamp":7883.37347}
{"level":"info","message":"forwardP listing left","timestamp":7884.154977}
{"level":"info","message":"Y: 60","timestamp":7884.937316}
{"level":"info","message":"x: 120","timestamp":7885.86752}
{"level":"info","message":"Drive: Set rover speed - Left: 60, right:120","timestamp":7886.867514}
{"level":"info","message":"ArduinoMessage: 12:0:247:0:170:187\r","timestamp":7889.488594}
{"level":"info","message":"ArduinoMessage: 11:0:187:0:170:187\r","timestamp":7917.289332}
{"level":"info","message":"ArduinoMessage: 12:0:247:0:170:187\r","timestamp":7937.378601}
{"level":"info","message":"***drive_timer***","timestamp":7938.679219}
{"level":"info","message":"***pathfinder***","timestamp":7939.414996}
{"latitude":"33.882142941","longitude":"-117.881730083","level":"info","message":"Current Location: ","timestamp":7940.84978}
{"latitude":33.88215365,"longitude":-117.88161841,"level":"info","message":"Target Location: ","timestamp":7941.850348}
{"level":"info","message":"Distance:  1039.918","timestamp":7942.706125}
{"level":"info","message":"pathfinder updated Target Heading: 83.41084845628029","timestamp":7943.918097}
{"level":"info","message":"***calc_heading_delta***","timestamp":7944.782103}
{"level":"info","message":"IMU Heading same as previous","timestamp":7945.623609}
{"level":"info","message":"Current Heading: 87.8447243792","timestamp":7946.360011}
{"level":"info","message":"Target Heading: 83.41084845628029","timestamp":7947.110268}
{"level":"info","message":"***MOVING FORWARD WITH ADJUSTMENTS***","timestamp":7947.783441}
{"level":"info","message":"!turn_right: true","timestamp":7948.442292}
{"level":"info","message":"turn_right:false","timestamp":7949.096403}
{"level":"info","message":"forwardP Throttle Offset: 101","timestamp":7949.76291}
{"level":"info","message":"forwardP listing left","timestamp":7950.384}
{"level":"info","message":"Y: 60","timestamp":7951.09134}
{"level":"info","message":"x: 120","timestamp":7952.05321}
{"level":"info","message":"Drive: Set rover speed - Left: 60, right:120","timestamp":7952.812894}
{"level":"info","message":"ArduinoMessage: 11:0:187:0:170:187\r","timestamp":7986.186154}
{"level":"info","message":"***drive_timer***","timestamp":8003.364761}
{"level":"info","message":"***pathfinder***","timestamp":8004.303819}
{"latitude":33.882142941,"longitude":-117.881730083,"level":"info","message":"Current Location: ","timestamp":8005.80053}
{"latitude":33.88215365,"longitude":-117.88161841,"level":"info","message":"Target Location: ","timestamp":8007.012086}
{"level":"info","message":"Distance:  1039.918","timestamp":8008.082757}
{"level":"info","message":"pathfinder updated Target Heading: 83.41084845628029","timestamp":8009.508687}
{"level":"info","message":"***calc_heading_delta***","timestamp":8010.483942}
{"level":"info","message":"IMU Heading same as previous","timestamp":8011.257688}
{"level":"info","message":"Current Heading: 87.8447243792","timestamp":8012.118361}
{"level":"info","message":"Target Heading: 83.41084845628029","timestamp":8012.894502}
{"level":"info","message":"***MOVING FORWARD WITH ADJUSTMENTS***","timestamp":8013.542937}
{"level":"info","message":"!turn_right: true","timestamp":8014.171944}
{"level":"info","message":"turn_right:false","timestamp":8014.842461}
{"level":"info","message":"forwardP Throttle Offset: 101","timestamp":8015.539749}
{"level":"info","message":"forwardP listing left","timestamp":8016.160579}
{"level":"info","message":"Y: 60","timestamp":8016.90021}
{"level":"info","message":"x: 120","timestamp":8017.928382}
{"level":"info","message":"Drive: Set rover speed - Left: 60, right:120","timestamp":8018.722284}
{"level":"info","message":"ArduinoMessage: 12:0:247:0:170:187\r","timestamp":8020.793575}
{"level":"info","message":"ArduinoMessage: 11:0:187:0:170:187\r","timestamp":8047.709995}
{"level":"info","message":"ArduinoMessage: 12:0:247:0:170:187\r","timestamp":8068.851081}
{"level":"info","message":"***drive_timer***","timestamp":8070.303625}
{"level":"info","message":"***pathfinder***","timestamp":8071.173569}
{"latitude":33.882142941,"longitude":-117.881730083,"level":"info","message":"Current Location: ","timestamp":8072.724862}
{"latitude":33.88215365,"longitude":-117.88161841,"level":"info","message":"Target Location: ","timestamp":8073.813138}
{"level":"info","message":"Distance:  1039.918","timestamp":8074.729748}
{"level":"info","message":"pathfinder updated Target Heading: 83.41084845628029","timestamp":8075.909064}
{"level":"info","message":"***calc_heading_delta***","timestamp":8076.922392}
{"level":"info","message":"IMU Heading same as previous","timestamp":8077.745982}
{"level":"info","message":"Current Heading: 87.8447243792","timestamp":8078.585456}
{"level":"info","message":"Target Heading: 83.41084845628029","timestamp":8079.431285}
{"level":"info","message":"***MOVING FORWARD WITH ADJUSTMENTS***","timestamp":8080.303103}
{"level":"info","message":"!turn_right: true","timestamp":8081.106797}
{"level":"info","message":"turn_right:false","timestamp":8081.965386}
{"level":"info","message":"forwardP Throttle Offset: 101","timestamp":8082.891788}
{"level":"info","message":"forwardP listing left","timestamp":8083.769908}
{"level":"info","message":"Y: 60","timestamp":8084.574747}
{"level":"info","message":"x: 120","timestamp":8085.657554}
{"level":"info","message":"Drive: Set rover speed - Left: 60, right:120","timestamp":8086.578643}
{"level":"info","message":"ArduinoMessage: 11:0:187:0:170:187\r","timestamp":8118.034258}
{"level":"info","message":"***drive_timer***","timestamp":8137.894309}
{"level":"info","message":"***pathfinder***","timestamp":8138.935761}
{"latitude":"33.882142624","longitude":"-117.881728527","level":"info","message":"Current Location: ","timestamp":8140.43742}
{"latitude":33.88215365,"longitude":-117.88161841,"level":"info","message":"Target Location: ","timestamp":8141.822413}
{"level":"info","message":"Distance:  1026.031","timestamp":8142.953032}
{"level":"info","message":"pathfinder updated Target Heading: 83.12266753011545","timestamp":8145.138176}
{"level":"info","message":"***calc_heading_delta***","timestamp":8146.190619}
{"level":"info","message":"IMU Heading same as previous","timestamp":8147.259624}
{"level":"info","message":"ERROR: IMU Heading Invalid","timestamp":8149.089458}
{"level":"info","message":"Current Heading: 87.8447243792","timestamp":8150.099921}
{"level":"info","message":"Target Heading: 83.12266753011545","timestamp":8151.026374}
{"level":"info","message":"***MOVING FORWARD WITH ADJUSTMENTS***","timestamp":8151.960067}
{"level":"info","message":"!turn_right: true","timestamp":8153.041572}
{"level":"info","message":"turn_right:false","timestamp":8153.975734}
{"level":"info","message":"forwardP Throttle Offset: 102","timestamp":8155.003645}
{"level":"info","message":"forwardP listing left","timestamp":8155.902703}
{"level":"info","message":"Y: 60","timestamp":8157.120769}
{"level":"info","message":"x: 120","timestamp":8158.380919}
{"level":"info","message":"Drive: Set rover speed - Left: 60, right:120","timestamp":8159.488777}
{"level":"info","message":"ArduinoMessage: 12:0:247:0:170:187\r","timestamp":8161.425121}
{"level":"info","message":"ArduinoMessage: 11:0:187:0:170:187\r","timestamp":8191.886679}
{"level":"info","message":"ArduinoMessage: 12:0:247:0:170:187\r","timestamp":8211.950322}
{"level":"info","message":"Y: 0","timestamp":9150.293994}
{"level":"info","message":"x: 0","timestamp":9151.750861}
{"level":"info","message":"ArduinoMessage: 11:0:127:0:170:187\r","timestamp":9182.20945}
{"level":"info","message":"ArduinoMessage: 12:0:127:0:170:187\r","timestamp":9203.501837}
{"level":"info","message":"***STOPPING ROVER ON SIGINT***","timestamp":12093.498759}
{"level":"info","message":"\n####### JUSTIN LIKES MENS!! #######\n","timestamp":12094.932449}
{"level":"info","message":"\t\t","timestamp":12097.152177}
{"level":"info","message":"Y: 0","timestamp":12098.485868}
{"level":"info","message":"x: 0","timestamp":12100.017057}
{"level":"info","message":"ArduinoMessage: 11:0:127:0:170:187\r","timestamp":12131.767358}
{"level":"info","message":"ArduinoMessage: 12:0:127:0:170:187\r","timestamp":12152.50006}
{"level":"info","message":"***STOPPING ROVER ON SIGINT***","timestamp":12223.651194}
{"level":"info","message":"\n####### JUSTIN LIKES MENS!! #######\n","timestamp":12224.730771}
{"level":"info","message":"\t\t","timestamp":12225.417851}
{"level":"info","message":"Y: 0","timestamp":12226.035712}
{"level":"info","message":"x: 0","timestamp":12227.304195}
{"level":"info","message":"ArduinoMessage: 11:0:127:0:170:187\r","timestamp":12258.907569}
{"level":"info","message":"ArduinoMessage: 12:0:127:0:170:187\r","timestamp":12278.484341}
{"level":"info","message":"***STOPPING ROVER ON SIGINT***","timestamp":12367.949335}
{"level":"info","message":"\n####### JUSTIN LIKES MENS!! #######\n","timestamp":12368.985215}
{"level":"info","message":"\t\t","timestamp":12369.672087}
{"level":"info","message":"Y: 0","timestamp":12370.370052}
{"level":"info","message":"x: 0","timestamp":12371.29437}
{"level":"info","message":"ArduinoMessage: 11:0:127:0:170:187\r","timestamp":12401.444783}
{"level":"info","message":"ArduinoMessage: 12:0:127:0:170:187\r","timestamp":12422.719305}
