{"level":"info","message":"open","timestamp":1565.782963}
{"level":"info","message":"Connected to reach","timestamp":1586.728904}
{"level":"info","message":"***EVENTS_REFACTORED BOOTED***","timestamp":1720.505865}
{"level":"info","message":"ArduinoMessage: Bytes Switched Clearing Buffer\r","timestamp":4496.407516}
{"level":"info","message":"***get_waypoint***","timestamp":4731.230032}
{"latitude":33.88215365,"longitude":-117.88161841,"level":"info","message":"getting next waypoint","timestamp":4743.464348}
{"level":"info","message":"get_waypoint adjusted Target Heading:119.37931096262565","timestamp":4769.315318}
{"level":"info","message":"***turn_timer***","timestamp":4827.038217}
{"level":"info","message":"***calc_heading_delta***","timestamp":4834.244797}
{"level":"info","message":"IMU Heading validified","timestamp":4836.060205}
{"level":"info","message":"Current Heading: 181.070824455","timestamp":4838.207903}
{"level":"info","message":"Target Heading: 119.37931096262565","timestamp":4839.544407}
{"level":"info","message":"***TURNING TOWARDS TARGET***","timestamp":4844.872715}
{"level":"info","message":"Turning left","timestamp":4847.477286}
{"level":"info","message":"Y: -120","timestamp":4851.913983}
{"level":"info","message":"x: 120","timestamp":4860.453161}
{"level":"info","message":"Turn: Set rover speed - Left: -120, right:120","timestamp":4862.543671}
{"level":"info","message":"ArduinoMessage: 11:0:7:0:170:187\r","timestamp":4887.702196}
{"level":"info","message":"ArduinoMessage: 12:0:247:0:170:187\r","timestamp":4907.970588}
{"level":"info","message":"***turn_timer***","timestamp":4916.397892}
{"level":"info","message":"***calc_heading_delta***","timestamp":4917.970853}
{"level":"info","message":"IMU Heading validified","timestamp":4920.391102}
{"level":"info","message":"Current Heading: 181.123302714","timestamp":4921.594273}
{"level":"info","message":"Target Heading: 119.37931096262565","timestamp":4923.545722}
{"level":"info","message":"***TURNING TOWARDS TARGET***","timestamp":4926.346698}
{"level":"info","message":"Turning left","timestamp":4927.868149}
{"level":"info","message":"Y: -120","timestamp":4929.167309}
{"level":"info","message":"x: 120","timestamp":4931.583392}
{"level":"info","message":"Turn: Set rover speed - Left: -120, right:120","timestamp":4933.540674}
{"level":"info","message":"ArduinoMessage: 11:0:7:0:170:187\r","timestamp":4961.974547}
{"level":"info","message":"ArduinoMessage: 12:0:247:0:170:187\r","timestamp":4981.88117}
{"level":"info","message":"***turn_timer***","timestamp":4985.133394}
{"level":"info","message":"***calc_heading_delta***","timestamp":4989.690039}
{"level":"info","message":"IMU Heading validified","timestamp":4993.979654}
{"level":"info","message":"Current Heading: 177.77603876","timestamp":4995.396522}
{"level":"info","message":"Target Heading: 119.37931096262565","timestamp":4996.475736}
{"level":"info","message":"***TURNING TOWARDS TARGET***","timestamp":4999.526138}
{"level":"info","message":"Turning left","timestamp":5000.689882}
{"level":"info","message":"Y: -120","timestamp":5001.853835}
{"level":"info","message":"x: 120","timestamp":5004.98908}
{"level":"info","message":"Turn: Set rover speed - Left: -120, right:120","timestamp":5007.805994}
{"level":"info","message":"ArduinoMessage: 11:0:7:0:170:187\r","timestamp":5034.667167}
{"level":"info","message":"ArduinoMessage: 12:0:247:0:170:187\r","timestamp":5054.647018}
{"level":"info","message":"***turn_timer***","timestamp":5062.503751}
{"level":"info","message":"***calc_heading_delta***","timestamp":5070.210121}
{"level":"info","message":"IMU Heading validified","timestamp":5071.611416}
{"level":"info","message":"Current Heading: 171.253837737","timestamp":5075.957228}
{"level":"info","message":"Target Heading: 119.37931096262565","timestamp":5079.91747}
{"level":"info","message":"***TURNING TOWARDS TARGET***","timestamp":5088.677376}
{"level":"info","message":"Turning left","timestamp":5090.098202}
{"level":"info","message":"Y: -120","timestamp":5092.044443}
{"level":"info","message":"x: 120","timestamp":5093.727091}
{"level":"info","message":"Turn: Set rover speed - Left: -120, right:120","timestamp":5096.385255}
{"level":"info","message":"ArduinoMessage: 11:0:7:0:170:187\r","timestamp":5124.62413}
{"level":"info","message":"ArduinoMessage: 12:0:247:0:170:187\r","timestamp":5144.649554}
{"level":"info","message":"***turn_timer***","timestamp":5150.11833}
{"level":"info","message":"***calc_heading_delta***","timestamp":5153.296752}
{"level":"info","message":"IMU Heading validified","timestamp":5155.719657}
{"level":"info","message":"Current Heading: 154.378004055","timestamp":5158.001521}
{"level":"info","message":"Target Heading: 119.37931096262565","timestamp":5159.262453}
{"level":"info","message":"***TURNING TOWARDS TARGET***","timestamp":5160.617603}
{"level":"info","message":"Turning left","timestamp":5161.90494}
{"level":"info","message":"Y: -113","timestamp":5163.178788}
{"level":"info","message":"x: 113","timestamp":5165.961171}
{"level":"info","message":"Turn: Set rover speed - Left: -113, right:113","timestamp":5168.153035}
{"level":"info","message":"ArduinoMessage: 11:0:14:0:170:187\r","timestamp":5200.54189}
{"level":"info","message":"ArduinoMessage: 12:0:240:0:170:187\r","timestamp":5218.667167}
{"level":"info","message":"***turn_timer***","timestamp":5220.390857}
{"level":"info","message":"***calc_heading_delta***","timestamp":5221.716163}
{"level":"info","message":"IMU Heading validified","timestamp":5223.073188}
{"level":"info","message":"Current Heading: 141.709836808","timestamp":5226.897128}
{"level":"info","message":"Target Heading: 119.37931096262565","timestamp":5228.428006}
{"level":"info","message":"***TURNING TOWARDS TARGET***","timestamp":5229.73951}
{"level":"info","message":"Turning left","timestamp":5231.793146}
{"level":"info","message":"Y: -105","timestamp":5233.263243}
{"level":"info","message":"x: 105","timestamp":5234.924849}
{"level":"info","message":"Turn: Set rover speed - Left: -105, right:105","timestamp":5236.438852}
{"level":"info","message":"ArduinoMessage: 11:0:22:0:170:187\r","timestamp":5263.784711}
{"level":"info","message":"ArduinoMessage: 12:0:232:0:170:187\r","timestamp":5283.738417}
{"level":"info","message":"***turn_timer***","timestamp":5290.875674}
{"level":"info","message":"***calc_heading_delta***","timestamp":5292.241136}
{"level":"info","message":"IMU Heading validified","timestamp":5293.540661}
{"level":"info","message":"Current Heading: 128.725665443","timestamp":5294.860342}
{"level":"info","message":"Target Heading: 119.37931096262565","timestamp":5296.246117}
{"level":"info","message":"***TURNING TOWARDS TARGET***","timestamp":5298.444752}
{"level":"info","message":"Turning left","timestamp":5300.099692}
{"level":"info","message":"Y: -96","timestamp":5301.423123}
{"level":"info","message":"x: 96","timestamp":5302.855981}
{"level":"info","message":"Turn: Set rover speed - Left: -96, right:96","timestamp":5316.483728}
{"level":"info","message":"ArduinoMessage: 11:0:31:0:170:187\r","timestamp":5341.711159}
{"level":"info","message":"ArduinoMessage: 12:0:223:0:170:187\r","timestamp":5355.40026}
{"level":"info","message":"***turn_timer***","timestamp":5368.730195}
{"level":"info","message":"***calc_heading_delta***","timestamp":5370.355188}
{"level":"info","message":"IMU Heading validified","timestamp":5373.637568}
{"level":"info","message":"Current Heading: 120.894642236","timestamp":5377.651298}
{"level":"info","message":"Target Heading: 119.37931096262565","timestamp":5379.303478}
{"level":"info","message":"***FOUND HEADING EMITTING DRIVE***","timestamp":5381.114511}
{"level":"info","message":"Current Heading: 120.894642236 Target Heading: 119.37931096262565","timestamp":5383.303615}
{"level":"info","message":"Final heading before drive event:  120.894642236","timestamp":5385.832405}
{"level":"info","message":"heading delta:1.5153312733743434","timestamp":5394.081792}
{"level":"info","message":"Y: 0","timestamp":5396.564697}
{"level":"info","message":"x: 0","timestamp":5398.480052}
{"level":"info","message":"ArduinoMessage: 11:0:127:0:170:187\r","timestamp":5427.042623}
{"level":"info","message":"***drive_timer***","timestamp":5458.425441}
{"level":"info","message":"***pathfinder***","timestamp":5460.926471}
{"latitude":"33.882175572","longitude":"-117.881663880","level":"info","message":"Current Location: ","timestamp":5473.261776}
{"latitude":33.88215365,"longitude":-117.88161841,"level":"info","message":"Target Location: ","timestamp":5475.398537}
{"level":"info","message":"Distance:  485.876","timestamp":5476.723478}
{"level":"info","message":"pathfinder updated Target Heading: 120.14533021148634","timestamp":5479.868255}
{"level":"info","message":"***ON TARGET RANGE***","timestamp":5481.838349}
{"level":"info","message":"Distance Modifier: 0.971752","timestamp":5483.690528}
{"level":"info","message":"***calc_heading_delta***","timestamp":5485.459478}
{"level":"info","message":"IMU Heading same as previous","timestamp":5487.654051}
{"level":"info","message":"Current Heading: 120.894642236","timestamp":5488.871076}
{"level":"info","message":"Target Heading: 120.14533021148634","timestamp":5490.567422}
{"level":"info","message":"***MOVING FORWARD AT DRIVE CONSTANT***","timestamp":5491.778614}
{"level":"info","message":"Y: 90","timestamp":5493.775792}
{"level":"info","message":"x: 90","timestamp":5495.687449}
{"level":"info","message":"Drive: Set rover speed - Left: 90, right:90","timestamp":5497.789366}
{"level":"info","message":"ArduinoMessage: 12:0:127:0:170:187\r","timestamp":5500.003054}
{"level":"info","message":"ArduinoMessage: 11:0:217:0:170:187\r","timestamp":5525.926158}
{"level":"info","message":"***drive_timer***","timestamp":5549.401566}
{"level":"info","message":"***pathfinder***","timestamp":5550.598383}
{"latitude":"33.882175544","longitude":"-117.881664182","level":"info","message":"Current Location: ","timestamp":5556.13643}
{"latitude":33.88215365,"longitude":-117.88161841,"level":"info","message":"Target Location: ","timestamp":5557.818453}
{"level":"info","message":"Distance:  488.142","timestamp":5558.974958}
{"level":"info","message":"pathfinder updated Target Heading: 119.94920012193239","timestamp":5560.823699}
{"level":"info","message":"***ON TARGET RANGE***","timestamp":5562.254108}
{"level":"info","message":"Distance Modifier: 0.976284","timestamp":5563.349155}
{"level":"info","message":"***calc_heading_delta***","timestamp":5564.503889}
{"level":"info","message":"IMU Heading validified","timestamp":5571.823281}
{"level":"info","message":"Current Heading: 105.468339652","timestamp":5592.665837}
{"level":"info","message":"Target Heading: 119.94920012193239","timestamp":5595.291606}
{"level":"info","message":"Y: 0","timestamp":5603.007819}
{"level":"info","message":"x: 0","timestamp":5606.917592}
{"level":"info","message":"***FORWARDP OUT OF BOUNDS EMITTING TURN***","timestamp":5609.800859}
{"level":"info","message":"ArduinoMessage: 12:0:217:0:170:187\r","timestamp":5614.084224}
{"level":"info","message":"ArduinoMessage: 11:0:127:0:170:187\r","timestamp":5640.593367}
{"level":"info","message":"ArduinoMessage: 12:0:127:0:170:187\r","timestamp":5660.906551}
{"level":"info","message":"***turn_timer***","timestamp":5662.222326}
{"level":"info","message":"***calc_heading_delta***","timestamp":5663.126852}
{"level":"info","message":"IMU Heading validified","timestamp":5663.989036}
{"level":"info","message":"Current Heading: 104.908258012","timestamp":5665.337154}
{"level":"info","message":"Target Heading: 119.94920012193239","timestamp":5666.360483}
{"level":"info","message":"***TURNING TOWARDS TARGET***","timestamp":5667.182354}
{"level":"info","message":"Turning right","timestamp":5668.259119}
{"level":"info","message":"Y: 100","timestamp":5669.107397}
{"level":"info","message":"x: -100","timestamp":5670.176037}
{"level":"info","message":"Turn: Set rover speed - Left: 100, right:-100","timestamp":5671.103845}
{"level":"info","message":"ArduinoMessage: 11:0:227:0:170:187\r","timestamp":5701.523595}
{"level":"info","message":"ArduinoMessage: 12:0:27:0:170:187\r","timestamp":5721.396989}
{"level":"info","message":"***turn_timer***","timestamp":5722.558546}
{"level":"info","message":"***calc_heading_delta***","timestamp":5723.28823}
{"level":"info","message":"IMU Heading validified","timestamp":5723.91656}
{"level":"info","message":"Current Heading: 102.604147284","timestamp":5724.773379}
{"level":"info","message":"Target Heading: 119.94920012193239","timestamp":5725.803009}
{"level":"info","message":"***TURNING TOWARDS TARGET***","timestamp":5726.624776}
{"level":"info","message":"Turning right","timestamp":5727.475345}
{"level":"info","message":"Y: 102","timestamp":5728.655235}
{"level":"info","message":"x: -102","timestamp":5730.850746}
{"level":"info","message":"Turn: Set rover speed - Left: 102, right:-102","timestamp":5732.658654}
{"level":"info","message":"ArduinoMessage: 11:0:229:0:170:187\r","timestamp":5762.833456}
{"level":"info","message":"ArduinoMessage: 12:0:25:0:170:187\r","timestamp":5778.898067}
{"level":"info","message":"***turn_timer***","timestamp":5783.899605}
{"level":"info","message":"***calc_heading_delta***","timestamp":5785.039339}
{"level":"info","message":"IMU Heading validified","timestamp":5786.017824}
{"level":"info","message":"Current Heading: 104.931417178","timestamp":5786.882768}
{"level":"info","message":"Target Heading: 119.94920012193239","timestamp":5788.223699}
{"level":"info","message":"***TURNING TOWARDS TARGET***","timestamp":5789.413172}
{"level":"info","message":"Turning right","timestamp":5790.550563}
{"level":"info","message":"Y: 100","timestamp":5791.430142}
{"level":"info","message":"x: -100","timestamp":5792.943103}
{"level":"info","message":"Turn: Set rover speed - Left: 100, right:-100","timestamp":5794.448356}
{"level":"info","message":"ArduinoMessage: 11:0:227:0:170:187\r","timestamp":5824.565451}
{"level":"info","message":"ArduinoMessage: 12:0:27:0:170:187\r","timestamp":5844.773323}
{"level":"info","message":"***turn_timer***","timestamp":5847.407268}
{"level":"info","message":"***calc_heading_delta***","timestamp":5849.736893}
{"level":"info","message":"IMU Heading validified","timestamp":5853.639061}
{"level":"info","message":"Current Heading: 110.078229477","timestamp":5856.559308}
{"level":"info","message":"Target Heading: 119.94920012193239","timestamp":5858.1993}
{"level":"info","message":"***TURNING TOWARDS TARGET***","timestamp":5861.403503}
{"level":"info","message":"Turning right","timestamp":5862.986412}
{"level":"info","message":"Y: 97","timestamp":5865.944315}
{"level":"info","message":"x: -97","timestamp":5868.122898}
{"level":"info","message":"Turn: Set rover speed - Left: 97, right:-97","timestamp":5872.41345}
{"level":"info","message":"ArduinoMessage: 11:0:224:0:170:187\r","timestamp":5899.735506}
{"level":"info","message":"ArduinoMessage: 12:0:30:0:170:187\r","timestamp":5918.693696}
{"level":"info","message":"***turn_timer***","timestamp":5926.090223}
{"level":"info","message":"***calc_heading_delta***","timestamp":5928.865835}
{"level":"info","message":"IMU Heading same as previous","timestamp":5932.46087}
{"level":"info","message":"Current Heading: 110.078229477","timestamp":5935.560334}
{"level":"info","message":"Target Heading: 119.94920012193239","timestamp":5938.349383}
{"level":"info","message":"***TURNING TOWARDS TARGET***","timestamp":5941.746033}
{"level":"info","message":"Turning right","timestamp":5943.868159}
{"level":"info","message":"Y: 97","timestamp":5945.958826}
{"level":"info","message":"x: -97","timestamp":5948.483449}
{"level":"info","message":"Turn: Set rover speed - Left: 97, right:-97","timestamp":5956.179454}
{"level":"info","message":"ArduinoMessage: 11:0:224:0:170:187\r","timestamp":5982.413494}
{"level":"info","message":"ArduinoMessage: 12:0:30:0:170:187\r","timestamp":6013.93079}
{"level":"info","message":"***turn_timer***","timestamp":6016.882703}
{"level":"info","message":"***calc_heading_delta***","timestamp":6022.603092}
{"level":"info","message":"IMU Heading same as previous","timestamp":6026.907186}
{"level":"info","message":"Current Heading: 110.078229477","timestamp":6031.329717}
{"level":"info","message":"Target Heading: 119.94920012193239","timestamp":6033.609914}
{"level":"info","message":"***TURNING TOWARDS TARGET***","timestamp":6034.84595}
{"level":"info","message":"Turning right","timestamp":6036.300943}
{"level":"info","message":"Y: 97","timestamp":6037.675207}
{"level":"info","message":"x: -97","timestamp":6039.684469}
{"level":"info","message":"Turn: Set rover speed - Left: 97, right:-97","timestamp":6041.416908}
{"level":"info","message":"ArduinoMessage: 11:0:224:0:170:187\r","timestamp":6078.71251}
{"level":"info","message":"ArduinoMessage: 12:0:30:0:170:187\r","timestamp":6091.516042}
{"level":"info","message":"***turn_timer***","timestamp":6093.241607}
{"level":"info","message":"***calc_heading_delta***","timestamp":6094.389674}
{"level":"info","message":"IMU Heading validified","timestamp":6095.44243}
{"level":"info","message":"Current Heading: 122.564558497","timestamp":6096.878464}
{"level":"info","message":"Target Heading: 119.94920012193239","timestamp":6099.286682}
{"level":"info","message":"***FOUND HEADING EMITTING DRIVE***","timestamp":6101.070684}
{"level":"info","message":"Current Heading: 122.564558497 Target Heading: 119.94920012193239","timestamp":6102.528177}
{"level":"info","message":"Final heading before drive event:  122.564558497","timestamp":6107.801172}
{"level":"info","message":"heading delta:2.6153583750676006","timestamp":6108.992729}
{"level":"info","message":"Y: 0","timestamp":6110.088713}
{"level":"info","message":"x: 0","timestamp":6117.669041}
{"level":"info","message":"ArduinoMessage: 11:0:127:0:170:187\r","timestamp":6144.056779}
{"level":"info","message":"ArduinoMessage: 12:0:127:0:170:187\r","timestamp":6165.530478}
{"level":"info","message":"***drive_timer***","timestamp":6173.738095}
{"level":"info","message":"***pathfinder***","timestamp":6175.056422}
{"latitude":"33.882175790","longitude":"-117.881663818","level":"info","message":"Current Location: ","timestamp":6177.015527}
{"latitude":33.88215365,"longitude":-117.88161841,"level":"info","message":"Target Location: ","timestamp":6179.901242}
{"level":"info","message":"Distance:  486.595","timestamp":6181.2166}
{"level":"info","message":"pathfinder updated Target Heading: 120.4262743541002","timestamp":6183.837213}
{"level":"info","message":"***ON TARGET RANGE***","timestamp":6185.477049}
{"level":"info","message":"Distance Modifier: 0.97319","timestamp":6189.144427}
{"level":"info","message":"***calc_heading_delta***","timestamp":6190.315671}
{"level":"info","message":"IMU Heading validified","timestamp":6191.201969}
{"level":"info","message":"Current Heading: 132.273689006","timestamp":6192.06134}
{"level":"info","message":"Target Heading: 120.4262743541002","timestamp":6192.890398}
{"level":"info","message":"Y: 0","timestamp":6193.824404}
{"level":"info","message":"x: 0","timestamp":6195.07919}
{"level":"info","message":"***FORWARDP OUT OF BOUNDS EMITTING TURN***","timestamp":6196.182414}
{"level":"info","message":"ArduinoMessage: 11:0:127:0:170:187\r","timestamp":6226.705496}
{"level":"info","message":"ArduinoMessage: 12:0:127:0:170:187\r","timestamp":6247.717426}
{"level":"info","message":"***turn_timer***","timestamp":6249.794031}
{"level":"info","message":"***calc_heading_delta***","timestamp":6251.277878}
{"level":"info","message":"IMU Heading validified","timestamp":6252.765215}
{"level":"info","message":"Current Heading: 134.100140285","timestamp":6254.555206}
{"level":"info","message":"Target Heading: 120.4262743541002","timestamp":6256.029522}
{"level":"info","message":"***TURNING TOWARDS TARGET***","timestamp":6257.477327}
{"level":"info","message":"Turning left","timestamp":6259.584661}
{"level":"info","message":"Y: -99","timestamp":6260.874499}
{"level":"info","message":"x: 99","timestamp":6262.610428}
{"level":"info","message":"Turn: Set rover speed - Left: -99, right:99","timestamp":6264.464481}
{"level":"info","message":"ArduinoMessage: 11:0:28:0:170:187\r","timestamp":6296.238912}
{"level":"info","message":"***turn_timer***","timestamp":6316.988708}
{"level":"info","message":"***calc_heading_delta***","timestamp":6319.754528}
{"level":"info","message":"IMU Heading validified","timestamp":6321.609831}
{"level":"info","message":"Current Heading: 133.210089392","timestamp":6324.175444}
{"level":"info","message":"Target Heading: 120.4262743541002","timestamp":6325.834863}
{"level":"info","message":"***TURNING TOWARDS TARGET***","timestamp":6327.511678}
{"level":"info","message":"Turning left","timestamp":6329.884792}
{"level":"info","message":"Y: -99","timestamp":6332.244155}
{"level":"info","message":"x: 99","timestamp":6333.992272}
{"level":"info","message":"Turn: Set rover speed - Left: -99, right:99","timestamp":6335.788461}
{"level":"info","message":"ArduinoMessage: 12:0:226:0:170:187\r","timestamp":6358.986422}
{"level":"info","message":"ArduinoMessage: 11:0:28:0:170:187\r","timestamp":6379.240127}
{"level":"info","message":"***turn_timer***","timestamp":6387.609879}
{"level":"info","message":"***calc_heading_delta***","timestamp":6389.351172}
{"level":"info","message":"IMU Heading same as previous","timestamp":6391.328663}
{"level":"info","message":"Current Heading: 133.210089392","timestamp":6393.259695}
{"level":"info","message":"Target Heading: 120.4262743541002","timestamp":6395.779996}
{"level":"info","message":"***TURNING TOWARDS TARGET***","timestamp":6399.69456}
{"level":"info","message":"Turning left","timestamp":6411.871012}
{"level":"info","message":"Y: -99","timestamp":6428.34536}
{"level":"info","message":"x: 99","timestamp":6429.388948}
{"level":"info","message":"Turn: Set rover speed - Left: -99, right:99","timestamp":6430.512172}
{"level":"info","message":"ArduinoMessage: 12:0:226:0:170:187\r","timestamp":6434.471737}
{"level":"info","message":"ArduinoMessage: 11:0:28:0:170:187\r","timestamp":6465.171276}
{"level":"info","message":"ArduinoMessage: 12:0:226:0:170:187\r","timestamp":6479.631571}
{"level":"info","message":"***turn_timer***","timestamp":6482.795671}
{"level":"info","message":"***calc_heading_delta***","timestamp":6484.051134}
{"level":"info","message":"IMU Heading validified","timestamp":6485.637011}
{"level":"info","message":"Current Heading: 116.211378018","timestamp":6486.778829}
{"level":"info","message":"Target Heading: 120.4262743541002","timestamp":6487.793668}
{"level":"info","message":"***FOUND HEADING EMITTING DRIVE***","timestamp":6488.727153}
{"level":"info","message":"Current Heading: 116.211378018 Target Heading: 120.4262743541002","timestamp":6489.516003}
{"level":"info","message":"Final heading before drive event:  116.211378018","timestamp":6490.419332}
{"level":"info","message":"heading delta:4.214896336100196","timestamp":6491.963595}
{"level":"info","message":"Y: 0","timestamp":6492.836195}
{"level":"info","message":"x: 0","timestamp":6493.753118}
{"level":"info","message":"ArduinoMessage: 11:0:127:0:170:187\r","timestamp":6530.057214}
{"level":"info","message":"***drive_timer***","timestamp":6545.429849}
{"level":"info","message":"***pathfinder***","timestamp":6547.886295}
{"latitude":"33.882175345","longitude":"-117.881663272","level":"info","message":"Current Location: ","timestamp":6555.470269}
{"latitude":33.88215365,"longitude":-117.88161841,"level":"info","message":"Target Location: ","timestamp":6557.981299}
{"level":"info","message":"Distance:  479.746","timestamp":6559.472958}
{"level":"info","message":"pathfinder updated Target Heading: 120.22134740007402","timestamp":6561.398209}
{"level":"info","message":"***ON TARGET RANGE***","timestamp":6564.064238}
{"level":"info","message":"Distance Modifier: 0.959492","timestamp":6565.358347}
{"level":"info","message":"***calc_heading_delta***","timestamp":6566.422248}
{"level":"info","message":"IMU Heading same as previous","timestamp":6570.429364}
{"level":"info","message":"Current Heading: 116.211378018","timestamp":6571.682014}
{"level":"info","message":"Target Heading: 120.22134740007402","timestamp":6572.962216}
{"level":"info","message":"***MOVING FORWARD WITH ADJUSTMENTS***","timestamp":6574.331324}
{"level":"info","message":"!turn_right: false","timestamp":6576.451887}
{"level":"info","message":"turn_right:true","timestamp":6578.06714}
{"level":"info","message":"forwardP Throttle Offset: 100","timestamp":6581.965298}
{"level":"info","message":"forwardP listing right","timestamp":6583.866122}
{"level":"info","message":"Y: 120","timestamp":6585.769551}
{"level":"info","message":"x: 60","timestamp":6587.447928}
{"level":"info","message":"Drive: Set rover speed - Left: 120, right:60","timestamp":6589.663594}
{"level":"info","message":"ArduinoMessage: 12:0:127:0:170:187\r","timestamp":6592.818319}
{"level":"info","message":"ArduinoMessage: 11:0:247:0:170:187\r","timestamp":6618.866214}
{"level":"info","message":"***drive_timer***","timestamp":6640.079133}
{"level":"info","message":"***pathfinder***","timestamp":6641.32996}
{"latitude":33.882175345,"longitude":-117.881663272,"level":"info","message":"Current Location: ","timestamp":6646.128635}
{"latitude":33.88215365,"longitude":-117.88161841,"level":"info","message":"Target Location: ","timestamp":6650.17372}
{"level":"info","message":"Distance:  479.746","timestamp":6651.877774}
{"level":"info","message":"pathfinder updated Target Heading: 120.22134740007402","timestamp":6653.299747}
{"level":"info","message":"***ON TARGET RANGE***","timestamp":6654.54948}
{"level":"info","message":"Distance Modifier: 0.959492","timestamp":6655.896765}
{"level":"info","message":"***calc_heading_delta***","timestamp":6656.814053}
{"level":"info","message":"IMU Heading validified","timestamp":6657.697278}
{"level":"info","message":"Current Heading: 113.347668528","timestamp":6659.046386}
{"level":"info","message":"Target Heading: 120.22134740007402","timestamp":6659.887111}
{"level":"info","message":"***MOVING FORWARD WITH ADJUSTMENTS***","timestamp":6660.657211}
{"level":"info","message":"!turn_right: false","timestamp":6661.516895}
{"level":"info","message":"turn_right:true","timestamp":6662.263037}
{"level":"info","message":"forwardP Throttle Offset: 108","timestamp":6663.66152}
{"level":"info","message":"forwardP listing right","timestamp":6665.252814}
{"level":"info","message":"Y: 120","timestamp":6666.39734}
{"level":"info","message":"x: 60","timestamp":6667.477803}
{"level":"info","message":"Drive: Set rover speed - Left: 120, right:60","timestamp":6668.584621}
{"level":"info","message":"ArduinoMessage: 12:0:187:0:170:187\r","timestamp":6670.474768}
{"level":"info","message":"ArduinoMessage: 11:0:247:0:170:187\r","timestamp":6700.814726}
{"level":"info","message":"***drive_timer***","timestamp":6721.186503}
{"level":"info","message":"***pathfinder***","timestamp":6722.491341}
{"latitude":"33.882175370","longitude":"-117.881663463","level":"info","message":"Current Location: ","timestamp":6724.316488}
{"latitude":33.88215365,"longitude":-117.88161841,"level":"info","message":"Target Location: ","timestamp":6725.510024}
{"level":"info","message":"Distance:  481.415","timestamp":6727.256995}
{"level":"info","message":"pathfinder updated Target Heading: 120.14423523070963","timestamp":6728.821519}
{"level":"info","message":"***ON TARGET RANGE***","timestamp":6729.820993}
{"level":"info","message":"Distance Modifier: 0.9628300000000001","timestamp":6731.101404}
{"level":"info","message":"***calc_heading_delta***","timestamp":6732.84577}
{"level":"info","message":"IMU Heading validified","timestamp":6733.792068}
{"level":"info","message":"Current Heading: 114.34935534","timestamp":6734.808834}
{"level":"info","message":"Target Heading: 120.14423523070963","timestamp":6735.855235}
{"level":"info","message":"***MOVING FORWARD WITH ADJUSTMENTS***","timestamp":6737.576998}
{"level":"info","message":"!turn_right: false","timestamp":6738.622826}
{"level":"info","message":"turn_right:true","timestamp":6739.547301}
{"level":"info","message":"forwardP Throttle Offset: 105","timestamp":6741.112606}
{"level":"info","message":"forwardP listing right","timestamp":6742.182132}
{"level":"info","message":"Y: 120","timestamp":6743.178637}
{"level":"info","message":"x: 60","timestamp":6744.410975}
{"level":"info","message":"Drive: Set rover speed - Left: 120, right:60","timestamp":6745.586699}
{"level":"info","message":"ArduinoMessage: 12:0:187:0:170:187\r","timestamp":6753.310568}
{"level":"info","message":"ArduinoMessage: 11:0:247:0:170:187\r","timestamp":6774.936974}
{"level":"info","message":"ArduinoMessage: 12:0:187:0:170:187\r","timestamp":6795.524844}
{"level":"info","message":"***drive_timer***","timestamp":6798.210612}
{"level":"info","message":"***pathfinder***","timestamp":6799.300555}
{"latitude":33.88217537,"longitude":-117.881663463,"level":"info","message":"Current Location: ","timestamp":6801.422003}
{"latitude":33.88215365,"longitude":-117.88161841,"level":"info","message":"Target Location: ","timestamp":6803.162411}
{"level":"info","message":"Distance:  481.415","timestamp":6805.692087}
{"level":"info","message":"pathfinder updated Target Heading: 120.14423523070963","timestamp":6807.067184}
{"level":"info","message":"***ON TARGET RANGE***","timestamp":6807.993273}
{"level":"info","message":"Distance Modifier: 0.9628300000000001","timestamp":6808.730197}
{"level":"info","message":"***calc_heading_delta***","timestamp":6809.40134}
{"level":"info","message":"IMU Heading same as previous","timestamp":6810.068628}
{"level":"info","message":"Current Heading: 114.34935534","timestamp":6811.525496}
{"level":"info","message":"Target Heading: 120.14423523070963","timestamp":6816.932866}
{"level":"info","message":"***MOVING FORWARD WITH ADJUSTMENTS***","timestamp":6818.317547}
{"level":"info","message":"!turn_right: false","timestamp":6819.555614}
{"level":"info","message":"turn_right:true","timestamp":6820.782431}
{"level":"info","message":"forwardP Throttle Offset: 105","timestamp":6822.288048}
{"level":"info","message":"forwardP listing right","timestamp":6823.350491}
{"level":"info","message":"Y: 120","timestamp":6824.224602}
{"level":"info","message":"x: 60","timestamp":6826.160946}
{"level":"info","message":"Drive: Set rover speed - Left: 120, right:60","timestamp":6827.497294}
{"level":"info","message":"ArduinoMessage: 11:0:247:0:170:187\r","timestamp":6857.176579}
{"level":"info","message":"ArduinoMessage: 12:0:187:0:170:187\r","timestamp":6877.148097}
{"level":"info","message":"***drive_timer***","timestamp":6879.002307}
{"level":"info","message":"***pathfinder***","timestamp":6881.526722}
{"latitude":33.88217537,"longitude":-117.881663463,"level":"info","message":"Current Location: ","timestamp":6883.556295}
{"latitude":33.88215365,"longitude":-117.88161841,"level":"info","message":"Target Location: ","timestamp":6884.586707}
{"level":"info","message":"Distance:  481.415","timestamp":6885.907117}
{"level":"info","message":"pathfinder updated Target Heading: 120.14423523070963","timestamp":6887.354038}
{"level":"info","message":"***ON TARGET RANGE***","timestamp":6888.171482}
{"level":"info","message":"Distance Modifier: 0.9628300000000001","timestamp":6888.894186}
{"level":"info","message":"***calc_heading_delta***","timestamp":6889.506371}
{"level":"info","message":"IMU Heading same as previous","timestamp":6890.19293}
{"level":"info","message":"Current Heading: 114.34935534","timestamp":6891.199175}
{"level":"info","message":"Target Heading: 120.14423523070963","timestamp":6891.87813}
{"level":"info","message":"***MOVING FORWARD WITH ADJUSTMENTS***","timestamp":6892.490523}
{"level":"info","message":"!turn_right: false","timestamp":6893.069635}
{"level":"info","message":"turn_right:true","timestamp":6893.766663}
{"level":"info","message":"forwardP Throttle Offset: 105","timestamp":6916.791552}
{"level":"info","message":"forwardP listing right","timestamp":6926.572859}
{"level":"info","message":"Y: 120","timestamp":6927.672229}
{"level":"info","message":"x: 60","timestamp":6928.854411}
{"level":"info","message":"Drive: Set rover speed - Left: 120, right:60","timestamp":6947.016719}
{"level":"info","message":"ArduinoMessage: 11:0:247:0:170:187\r","timestamp":6967.518079}
{"level":"info","message":"ArduinoMessage: 12:0:187:0:170:187\r","timestamp":6984.23878}
{"level":"info","message":"***drive_timer***","timestamp":6999.9461}
{"level":"info","message":"***pathfinder***","timestamp":7001.280729}
{"latitude":"33.882175307","longitude":"-117.881663283","level":"info","message":"Current Location: ","timestamp":7003.120929}
{"latitude":33.88215365,"longitude":-117.88161841,"level":"info","message":"Target Location: ","timestamp":7004.501807}
{"level":"info","message":"Distance:  479.623","timestamp":7005.68326}
{"level":"info","message":"pathfinder updated Target Heading: 120.17157590087828","timestamp":7007.961478}
{"level":"info","message":"***ON TARGET RANGE***","timestamp":7008.894182}
{"level":"info","message":"Distance Modifier: 0.9592459999999999","timestamp":7009.865948}
{"level":"info","message":"***calc_heading_delta***","timestamp":7010.620424}
{"level":"info","message":"IMU Heading same as previous","timestamp":7011.210265}
{"level":"info","message":"Current Heading: 114.34935534","timestamp":7011.802033}
{"level":"info","message":"Target Heading: 120.17157590087828","timestamp":7012.362395}
{"level":"info","message":"***MOVING FORWARD WITH ADJUSTMENTS***","timestamp":7012.938225}
{"level":"info","message":"!turn_right: false","timestamp":7013.516972}
{"level":"info","message":"turn_right:true","timestamp":7015.233006}
{"level":"info","message":"forwardP Throttle Offset: 105","timestamp":7016.564979}
{"level":"info","message":"forwardP listing right","timestamp":7017.457422}
{"level":"info","message":"Y: 120","timestamp":7018.163669}
{"level":"info","message":"x: 60","timestamp":7019.037779}
{"level":"info","message":"Drive: Set rover speed - Left: 120, right:60","timestamp":7020.342252}
{"level":"info","message":"ArduinoMessage: 11:0:247:0:170:187\r","timestamp":7049.099249}
{"level":"info","message":"***drive_timer***","timestamp":7071.719661}
{"level":"info","message":"***pathfinder***","timestamp":7072.834916}
{"latitude":33.882175307,"longitude":-117.881663283,"level":"info","message":"Current Location: ","timestamp":7074.353972}
{"latitude":33.88215365,"longitude":-117.88161841,"level":"info","message":"Target Location: ","timestamp":7075.406779}
{"level":"info","message":"Distance:  479.623","timestamp":7076.437712}
{"level":"info","message":"pathfinder updated Target Heading: 120.17157590087828","timestamp":7077.797861}
{"level":"info","message":"***ON TARGET RANGE***","timestamp":7078.628378}
{"level":"info","message":"Distance Modifier: 0.9592459999999999","timestamp":7080.059309}
{"level":"info","message":"***calc_heading_delta***","timestamp":7081.848467}
{"level":"info","message":"IMU Heading same as previous","timestamp":7082.641953}
{"level":"info","message":"Current Heading: 114.34935534","timestamp":7083.235908}
{"level":"info","message":"Target Heading: 120.17157590087828","timestamp":7083.772572}
{"level":"info","message":"***MOVING FORWARD WITH ADJUSTMENTS***","timestamp":7084.316319}
{"level":"info","message":"!turn_right: false","timestamp":7085.294856}
{"level":"info","message":"turn_right:true","timestamp":7086.235894}
{"level":"info","message":"forwardP Throttle Offset: 105","timestamp":7087.376669}
{"level":"info","message":"forwardP listing right","timestamp":7088.150936}
{"level":"info","message":"Y: 120","timestamp":7088.779163}
{"level":"info","message":"x: 60","timestamp":7089.58968}
{"level":"info","message":"Drive: Set rover speed - Left: 120, right:60","timestamp":7090.290145}
{"level":"info","message":"ArduinoMessage: 12:0:187:0:170:187\r","timestamp":7091.672534}
{"level":"info","message":"ArduinoMessage: 11:0:247:0:170:187\r","timestamp":7118.854747}
{"level":"info","message":"***drive_timer***","timestamp":7141.755366}
{"level":"info","message":"***pathfinder***","timestamp":7142.853798}
{"latitude":"33.882174609","longitude":"-117.881662706","level":"info","message":"Current Location: ","timestamp":7145.975815}
{"latitude":33.88215365,"longitude":-117.88161841,"level":"info","message":"Target Location: ","timestamp":7147.967107}
{"level":"info","message":"Distance:  471.143","timestamp":7149.479391}
{"level":"info","message":"pathfinder updated Target Heading: 119.68062230778065","timestamp":7150.613917}
{"level":"info","message":"***ON TARGET RANGE***","timestamp":7152.52521}
{"level":"info","message":"Distance Modifier: 0.942286","timestamp":7153.594528}
{"level":"info","message":"***calc_heading_delta***","timestamp":7155.322749}
{"level":"info","message":"IMU Heading validified","timestamp":7156.166547}
{"level":"info","message":"Current Heading: 123.917430537","timestamp":7157.15623}
{"level":"info","message":"Target Heading: 119.68062230778065","timestamp":7158.234454}
{"level":"info","message":"***MOVING FORWARD WITH ADJUSTMENTS***","timestamp":7159.771582}
{"level":"info","message":"!turn_right: true","timestamp":7160.381683}
{"level":"info","message":"turn_right:false","timestamp":7160.898712}
{"level":"info","message":"forwardP Throttle Offset: 101","timestamp":7161.990321}
{"level":"info","message":"forwardP listing left","timestamp":7162.619276}
{"level":"info","message":"Y: 60","timestamp":7163.214794}
{"level":"info","message":"x: 120","timestamp":7165.040462}
{"level":"info","message":"Drive: Set rover speed - Left: 60, right:120","timestamp":7165.998531}
{"level":"info","message":"ArduinoMessage: 12:0:187:0:170:187\r","timestamp":7170.375593}
{"level":"info","message":"ArduinoMessage: 11:0:187:0:170:187\r","timestamp":7196.752289}
{"level":"info","message":"ArduinoMessage: 12:0:247:0:170:187\r","timestamp":7216.801724}
{"level":"info","message":"***drive_timer***","timestamp":7218.146665}
{"level":"info","message":"***pathfinder***","timestamp":7218.926766}
{"latitude":33.882174609,"longitude":-117.881662706,"level":"info","message":"Current Location: ","timestamp":7220.402175}
{"latitude":33.88215365,"longitude":-117.88161841,"level":"info","message":"Target Location: ","timestamp":7221.494201}
{"level":"info","message":"Distance:  471.143","timestamp":7222.435447}
{"level":"info","message":"pathfinder updated Target Heading: 119.68062230778065","timestamp":7223.589973}
{"level":"info","message":"***ON TARGET RANGE***","timestamp":7224.29924}
{"level":"info","message":"Distance Modifier: 0.942286","timestamp":7225.129601}
{"level":"info","message":"***calc_heading_delta***","timestamp":7225.722671}
{"level":"info","message":"IMU Heading same as previous","timestamp":7226.25897}
{"level":"info","message":"Current Heading: 123.917430537","timestamp":7226.799749}
{"level":"info","message":"Target Heading: 119.68062230778065","timestamp":7227.416881}
{"level":"info","message":"***MOVING FORWARD WITH ADJUSTMENTS***","timestamp":7227.982035}
{"level":"info","message":"!turn_right: true","timestamp":7228.589584}
{"level":"info","message":"turn_right:false","timestamp":7229.180883}
{"level":"info","message":"forwardP Throttle Offset: 101","timestamp":7229.802807}
{"level":"info","message":"forwardP listing left","timestamp":7231.587434}
{"level":"info","message":"Y: 60","timestamp":7232.451545}
{"level":"info","message":"x: 120","timestamp":7233.510966}
{"level":"info","message":"Drive: Set rover speed - Left: 60, right:120","timestamp":7234.432733}
{"level":"info","message":"ArduinoMessage: 11:0:187:0:170:187\r","timestamp":7266.126122}
{"level":"info","message":"***drive_timer***","timestamp":7285.911652}
{"level":"info","message":"***pathfinder***","timestamp":7287.142531}
{"latitude":"33.882173412","longitude":"-117.881661934","level":"info","message":"Current Location: ","timestamp":7289.398875}
{"latitude":33.88215365,"longitude":-117.88161841,"level":"info","message":"Target Location: ","timestamp":7290.635483}
{"level":"info","message":"Distance:  458.449","timestamp":7291.78428}
{"level":"info","message":"pathfinder updated Target Heading: 118.67528282383","timestamp":7292.86016}
{"level":"info","message":"***ON TARGET RANGE***","timestamp":7293.522501}
{"level":"info","message":"Distance Modifier: 0.916898","timestamp":7294.156091}
{"level":"info","message":"***calc_heading_delta***","timestamp":7294.736089}
{"level":"info","message":"IMU Heading validified","timestamp":7295.32244}
{"level":"info","message":"Current Heading: 124.957976364","timestamp":7296.062905}
{"level":"info","message":"Target Heading: 118.67528282383","timestamp":7296.713683}
{"level":"info","message":"***MOVING FORWARD WITH ADJUSTMENTS***","timestamp":7299.363566}
{"level":"info","message":"!turn_right: true","timestamp":7300.325749}
{"level":"info","message":"turn_right:false","timestamp":7301.234391}
{"level":"info","message":"forwardP Throttle Offset: 106","timestamp":7302.233813}
{"level":"info","message":"forwardP listing left","timestamp":7303.151517}
{"level":"info","message":"Y: 60","timestamp":7304.221772}
{"level":"info","message":"x: 120","timestamp":7306.251606}
{"level":"info","message":"Drive: Set rover speed - Left: 60, right:120","timestamp":7307.385715}
{"level":"info","message":"ArduinoMessage: 12:0:247:0:170:187\r","timestamp":7310.283722}
{"level":"info","message":"ArduinoMessage: 11:0:187:0:170:187\r","timestamp":7342.230183}
{"level":"info","message":"***drive_timer***","timestamp":7358.587188}
{"level":"info","message":"***pathfinder***","timestamp":7360.153222}
{"latitude":33.882173412,"longitude":-117.881661934,"level":"info","message":"Current Location: ","timestamp":7362.142327}
{"latitude":33.88215365,"longitude":-117.88161841,"level":"info","message":"Target Location: ","timestamp":7364.947678}
{"level":"info","message":"Distance:  458.449","timestamp":7366.187255}
{"level":"info","message":"pathfinder updated Target Heading: 118.67528282383","timestamp":7368.060996}
{"level":"info","message":"***ON TARGET RANGE***","timestamp":7369.060731}
{"level":"info","message":"Distance Modifier: 0.916898","timestamp":7370.444683}
{"level":"info","message":"***calc_heading_delta***","timestamp":7371.577594}
{"level":"info","message":"IMU Heading validified","timestamp":7372.560819}
{"level":"info","message":"Current Heading: 122.988521614","timestamp":7373.575085}
{"level":"info","message":"Target Heading: 118.67528282383","timestamp":7374.663048}
{"level":"info","message":"***MOVING FORWARD WITH ADJUSTMENTS***","timestamp":7375.572887}
{"level":"info","message":"!turn_right: true","timestamp":7376.603924}
{"level":"info","message":"turn_right:false","timestamp":7377.765169}
{"level":"info","message":"forwardP Throttle Offset: 101","timestamp":7378.874017}
{"level":"info","message":"forwardP listing left","timestamp":7379.78969}
{"level":"info","message":"Y: 60","timestamp":7381.626817}
{"level":"info","message":"x: 120","timestamp":7382.460511}
{"level":"info","message":"Drive: Set rover speed - Left: 60, right:120","timestamp":7383.167799}
{"level":"info","message":"ArduinoMessage: 12:0:247:0:170:187\r","timestamp":7386.106274}
{"level":"info","message":"ArduinoMessage: 11:0:187:0:170:187\r","timestamp":7413.941922}
{"level":"info","message":"ArduinoMessage: 12:0:247:0:170:187\r","timestamp":7434.017294}
{"level":"info","message":"***drive_timer***","timestamp":7435.145205}
{"level":"info","message":"***pathfinder***","timestamp":7435.779369}
{"latitude":33.882173412,"longitude":-117.881661934,"level":"info","message":"Current Location: ","timestamp":7437.693526}
{"latitude":33.88215365,"longitude":-117.88161841,"level":"info","message":"Target Location: ","timestamp":7438.567793}
{"level":"info","message":"Distance:  458.449","timestamp":7439.240394}
{"level":"info","message":"pathfinder updated Target Heading: 118.67528282383","timestamp":7440.291795}
{"level":"info","message":"***ON TARGET RANGE***","timestamp":7441.030854}
{"level":"info","message":"Distance Modifier: 0.916898","timestamp":7441.615799}
{"level":"info","message":"***calc_heading_delta***","timestamp":7442.143973}
{"level":"info","message":"IMU Heading validified","timestamp":7442.651367}
{"level":"info","message":"Current Heading: 123.578813725","timestamp":7443.205583}
{"level":"info","message":"Target Heading: 118.67528282383","timestamp":7443.737403}
{"level":"info","message":"***MOVING FORWARD WITH ADJUSTMENTS***","timestamp":7444.275005}
{"level":"info","message":"!turn_right: true","timestamp":7444.80969}
{"level":"info","message":"turn_right:false","timestamp":7445.327864}
{"level":"info","message":"forwardP Throttle Offset: 103","timestamp":7445.889685}
{"level":"info","message":"forwardP listing left","timestamp":7446.462546}
{"level":"info","message":"Y: 60","timestamp":7448.279048}
{"level":"info","message":"x: 120","timestamp":7449.752687}
{"level":"info","message":"Drive: Set rover speed - Left: 60, right:120","timestamp":7450.784869}
{"level":"info","message":"ArduinoMessage: 11:0:187:0:170:187\r","timestamp":7479.08489}
{"level":"info","message":"***drive_timer***","timestamp":7501.42874}
{"level":"info","message":"***pathfinder***","timestamp":7502.519464}
{"latitude":"33.882172563","longitude":"-117.881661591","level":"info","message":"Current Location: ","timestamp":7503.872583}
{"latitude":33.88215365,"longitude":-117.88161841,"level":"info","message":"Target Location: ","timestamp":7504.709714}
{"level":"info","message":"Distance:  451.21","timestamp":7506.757256}
{"level":"info","message":"pathfinder updated Target Heading: 117.81544173253951","timestamp":7510.661613}
{"level":"info","message":"***ON TARGET RANGE***","timestamp":7512.689468}
{"level":"info","message":"Distance Modifier: 0.90242","timestamp":7513.580244}
{"level":"info","message":"***calc_heading_delta***","timestamp":7515.339299}
{"level":"info","message":"IMU Heading validified","timestamp":7516.333669}
{"level":"info","message":"Current Heading: 122.806965524","timestamp":7517.381372}
{"level":"info","message":"Target Heading: 117.81544173253951","timestamp":7518.166577}
{"level":"info","message":"***MOVING FORWARD WITH ADJUSTMENTS***","timestamp":7518.912563}
{"level":"info","message":"!turn_right: true","timestamp":7519.500581}
{"level":"info","message":"turn_right:false","timestamp":7521.165781}
{"level":"info","message":"forwardP Throttle Offset: 103","timestamp":7521.96609}
{"level":"info","message":"forwardP listing left","timestamp":7522.692805}
{"level":"info","message":"Y: 60","timestamp":7523.783268}
{"level":"info","message":"x: 120","timestamp":7524.659983}
{"level":"info","message":"Drive: Set rover speed - Left: 60, right:120","timestamp":7525.612114}
{"level":"info","message":"ArduinoMessage: 12:0:247:0:170:187\r","timestamp":7529.386627}
{"level":"info","message":"ArduinoMessage: 11:0:187:0:170:187\r","timestamp":7557.473575}
{"level":"info","message":"***drive_timer***","timestamp":7576.562129}
{"level":"info","message":"***pathfinder***","timestamp":7580.293934}
{"latitude":33.882172563,"longitude":-117.881661591,"level":"info","message":"Current Location: ","timestamp":7582.724704}
{"latitude":33.88215365,"longitude":-117.88161841,"level":"info","message":"Target Location: ","timestamp":7588.273062}
{"level":"info","message":"Distance:  451.21","timestamp":7591.521693}
{"level":"info","message":"pathfinder updated Target Heading: 117.81544173253951","timestamp":7592.89278}
{"level":"info","message":"***ON TARGET RANGE***","timestamp":7593.758401}
{"level":"info","message":"Distance Modifier: 0.90242","timestamp":7594.635532}
{"level":"info","message":"***calc_heading_delta***","timestamp":7599.804361}
{"level":"info","message":"IMU Heading validified","timestamp":7600.667378}
{"level":"info","message":"Current Heading: 121.167172646","timestamp":7601.499822}
{"level":"info","message":"Target Heading: 117.81544173253951","timestamp":7602.258047}
{"level":"info","message":"***MOVING FORWARD WITH ADJUSTMENTS***","timestamp":7602.843409}
{"level":"info","message":"!turn_right: true","timestamp":7603.368354}
{"level":"info","message":"turn_right:false","timestamp":7603.91757}
{"level":"info","message":"forwardP Throttle Offset: 98","timestamp":7604.46913}
{"level":"info","message":"forwardP listing left","timestamp":7604.96517}
{"level":"info","message":"Y: 60","timestamp":7605.491}
{"level":"info","message":"x: 120","timestamp":7608.187029}
{"level":"info","message":"Drive: Set rover speed - Left: 60, right:120","timestamp":7609.427596}
{"level":"info","message":"ArduinoMessage: 12:0:247:0:170:187\r","timestamp":7612.829819}
{"level":"info","message":"ArduinoMessage: 11:0:187:0:170:187\r","timestamp":7638.934694}
{"level":"info","message":"ArduinoMessage: 12:0:247:0:170:187\r","timestamp":7660.156362}
{"level":"info","message":"***drive_timer***","timestamp":7661.551408}
{"level":"info","message":"***pathfinder***","timestamp":7662.408122}
{"latitude":33.882172563,"longitude":-117.881661591,"level":"info","message":"Current Location: ","timestamp":7665.114568}
{"latitude":33.88215365,"longitude":-117.88161841,"level":"info","message":"Target Location: ","timestamp":7666.527998}
{"level":"info","message":"Distance:  451.21","timestamp":7667.98346}
{"level":"info","message":"pathfinder updated Target Heading: 117.81544173253951","timestamp":7669.6584}
{"level":"info","message":"***ON TARGET RANGE***","timestamp":7670.937352}
{"level":"info","message":"Distance Modifier: 0.90242","timestamp":7672.107138}
{"level":"info","message":"***calc_heading_delta***","timestamp":7673.070519}
{"level":"info","message":"IMU Heading validified","timestamp":7674.028171}
{"level":"info","message":"Current Heading: 120.963756532","timestamp":7674.999624}
{"level":"info","message":"Target Heading: 117.81544173253951","timestamp":7676.036599}
{"level":"info","message":"***MOVING FORWARD WITH ADJUSTMENTS***","timestamp":7677.039823}
{"level":"info","message":"!turn_right: true","timestamp":7678.291952}
{"level":"info","message":"turn_right:false","timestamp":7679.253614}
{"level":"info","message":"forwardP Throttle Offset: 98","timestamp":7681.166574}
{"level":"info","message":"forwardP listing left","timestamp":7682.419797}
{"level":"info","message":"Y: 60","timestamp":7683.463542}
{"level":"info","message":"x: 120","timestamp":7684.736088}
{"level":"info","message":"Drive: Set rover speed - Left: 60, right:120","timestamp":7686.309101}
{"level":"info","message":"ArduinoMessage: 11:0:187:0:170:187\r","timestamp":7717.937491}
{"level":"info","message":"***drive_timer***","timestamp":7737.931718}
{"level":"info","message":"***pathfinder***","timestamp":7740.791235}
{"latitude":"33.882171557","longitude":"-117.881660799","level":"info","message":"Current Location: ","timestamp":7743.070703}
{"latitude":33.88215365,"longitude":-117.88161841,"level":"info","message":"Target Location: ","timestamp":7744.29127}
{"level":"info","message":"Distance:  439.583","timestamp":7745.494598}
{"level":"info","message":"pathfinder updated Target Heading: 116.96949788667666","timestamp":7748.225991}
{"level":"info","message":"***ON TARGET RANGE***","timestamp":7749.552443}
{"level":"info","message":"Distance Modifier: 0.879166","timestamp":7750.639625}
{"level":"info","message":"***calc_heading_delta***","timestamp":7751.628579}
{"level":"info","message":"IMU Heading same as previous","timestamp":7752.557481}
{"level":"info","message":"Current Heading: 120.963756532","timestamp":7753.507736}
{"level":"info","message":"Target Heading: 116.96949788667666","timestamp":7754.475075}
{"level":"info","message":"***MOVING FORWARD WITH ADJUSTMENTS***","timestamp":7755.439029}
{"level":"info","message":"!turn_right: true","timestamp":7756.496993}
{"level":"info","message":"turn_right:false","timestamp":7757.886778}
{"level":"info","message":"forwardP Throttle Offset: 100","timestamp":7758.974741}
{"level":"info","message":"forwardP listing left","timestamp":7759.865414}
{"level":"info","message":"Y: 60","timestamp":7760.800514}
{"level":"info","message":"x: 120","timestamp":7762.089414}
{"level":"info","message":"Drive: Set rover speed - Left: 60, right:120","timestamp":7763.190763}
{"level":"info","message":"ArduinoMessage: 12:0:247:0:170:187\r","timestamp":7767.500482}
{"level":"info","message":"ArduinoMessage: 11:0:187:0:170:187\r","timestamp":7794.759934}
{"level":"info","message":"***drive_timer***","timestamp":7815.48499}
{"level":"info","message":"***pathfinder***","timestamp":7816.965869}
{"latitude":33.882171557,"longitude":-117.881660799,"level":"info","message":"Current Location: ","timestamp":7819.031223}
{"latitude":33.88215365,"longitude":-117.88161841,"level":"info","message":"Target Location: ","timestamp":7820.277884}
{"level":"info","message":"Distance:  439.583","timestamp":7821.430274}
{"level":"info","message":"pathfinder updated Target Heading: 116.96949788667666","timestamp":7823.547868}
{"level":"info","message":"***ON TARGET RANGE***","timestamp":7824.954684}
{"level":"info","message":"Distance Modifier: 0.879166","timestamp":7826.477854}
{"level":"info","message":"***calc_heading_delta***","timestamp":7827.690192}
{"level":"info","message":"IMU Heading validified","timestamp":7828.747114}
{"level":"info","message":"Current Heading: 118.094841901","timestamp":7829.747161}
{"level":"info","message":"Target Heading: 116.96949788667666","timestamp":7831.444237}
{"level":"info","message":"***MOVING FORWARD AT DRIVE CONSTANT***","timestamp":7832.932094}
{"level":"info","message":"Y: 90","timestamp":7834.517503}
{"level":"info","message":"x: 90","timestamp":7836.13312}
{"level":"info","message":"Drive: Set rover speed - Left: 90, right:90","timestamp":7838.230298}
{"level":"info","message":"ArduinoMessage: 12:0:247:0:170:187\r","timestamp":7841.80226}
{"level":"info","message":"ArduinoMessage: 11:0:217:0:170:187\r","timestamp":7870.130092}
{"level":"info","message":"ArduinoMessage: 12:0:217:0:170:187\r","timestamp":7890.374109}
{"level":"info","message":"***drive_timer***","timestamp":7891.742124}
{"level":"info","message":"***pathfinder***","timestamp":7892.620349}
{"latitude":33.882171557,"longitude":-117.881660799,"level":"info","message":"Current Location: ","timestamp":7894.133414}
{"latitude":33.88215365,"longitude":-117.88161841,"level":"info","message":"Target Location: ","timestamp":7895.187628}
{"level":"info","message":"Distance:  439.583","timestamp":7896.088092}
{"level":"info","message":"pathfinder updated Target Heading: 116.96949788667666","timestamp":7898.898495}
{"level":"info","message":"***ON TARGET RANGE***","timestamp":7903.388734}
{"level":"info","message":"Distance Modifier: 0.879166","timestamp":7904.80128}
{"level":"info","message":"***calc_heading_delta***","timestamp":7906.223512}
{"level":"info","message":"IMU Heading validified","timestamp":7907.459236}
{"level":"info","message":"Current Heading: 118.76115837","timestamp":7908.594022}
{"level":"info","message":"Target Heading: 116.96949788667666","timestamp":7909.606152}
{"level":"info","message":"***MOVING FORWARD AT DRIVE CONSTANT***","timestamp":7916.272787}
{"level":"info","message":"Y: 90","timestamp":7917.528302}
{"level":"info","message":"x: 90","timestamp":7919.336626}
{"level":"info","message":"Drive: Set rover speed - Left: 90, right:90","timestamp":7921.82401}
{"level":"info","message":"ArduinoMessage: 11:0:217:0:170:187\r","timestamp":7951.147723}
{"level":"info","message":"ArduinoMessage: 12:0:217:0:170:187\r","timestamp":7971.586948}
{"level":"info","message":"***drive_timer***","timestamp":7973.397356}
{"level":"info","message":"***pathfinder***","timestamp":7974.49834}
{"latitude":"33.882170603","longitude":"-117.881659904","level":"info","message":"Current Location: ","timestamp":7976.397706}
{"latitude":33.88215365,"longitude":-117.88161841,"level":"info","message":"Target Location: ","timestamp":7978.005823}
{"level":"info","message":"Distance:  427.453","timestamp":7979.308734}
{"level":"info","message":"pathfinder updated Target Heading: 116.20348841430479","timestamp":7981.868513}
{"level":"info","message":"***ON TARGET RANGE***","timestamp":7983.303298}
{"level":"info","message":"Distance Modifier: 0.8549059999999999","timestamp":7984.659958}
{"level":"info","message":"***calc_heading_delta***","timestamp":7986.289013}
{"level":"info","message":"IMU Heading same as previous","timestamp":7987.547652}
{"level":"info","message":"Current Heading: 118.76115837","timestamp":7988.717855}
{"level":"info","message":"Target Heading: 116.20348841430479","timestamp":7989.765975}
{"level":"info","message":"***MOVING FORWARD AT DRIVE CONSTANT***","timestamp":7990.825657}
{"level":"info","message":"Y: 90","timestamp":7992.017423}
{"level":"info","message":"x: 90","timestamp":7993.51127}
{"level":"info","message":"Drive: Set rover speed - Left: 90, right:90","timestamp":7994.798086}
{"level":"info","message":"ArduinoMessage: 11:0:217:0:170:187\r","timestamp":8024.289976}
{"level":"info","message":"ArduinoMessage: 12:0:217:0:170:187\r","timestamp":8044.015766}
{"level":"info","message":"***drive_timer***","timestamp":8045.639717}
{"level":"info","message":"***pathfinder***","timestamp":8046.512785}
{"latitude":33.882170603,"longitude":-117.881659904,"level":"info","message":"Current Location: ","timestamp":8048.800795}
{"latitude":33.88215365,"longitude":-117.88161841,"level":"info","message":"Target Location: ","timestamp":8050.236309}
{"level":"info","message":"Distance:  427.453","timestamp":8051.445835}
{"level":"info","message":"pathfinder updated Target Heading: 116.20348841430479","timestamp":8052.831505}
{"level":"info","message":"***ON TARGET RANGE***","timestamp":8053.700407}
{"level":"info","message":"Distance Modifier: 0.8549059999999999","timestamp":8054.527695}
{"level":"info","message":"***calc_heading_delta***","timestamp":8055.279514}
{"level":"info","message":"IMU Heading same as previous","timestamp":8056.048417}
{"level":"info","message":"Current Heading: 118.76115837","timestamp":8056.86409}
{"level":"info","message":"Target Heading: 116.20348841430479","timestamp":8057.752992}
{"level":"info","message":"***MOVING FORWARD AT DRIVE CONSTANT***","timestamp":8058.594498}
{"level":"info","message":"Y: 90","timestamp":8059.371526}
{"level":"info","message":"x: 90","timestamp":8060.679228}
{"level":"info","message":"Drive: Set rover speed - Left: 90, right:90","timestamp":8061.594223}
{"level":"info","message":"ArduinoMessage: 11:0:217:0:170:187\r","timestamp":8089.362684}
{"level":"info","message":"***drive_timer***","timestamp":8112.686634}
{"level":"info","message":"***pathfinder***","timestamp":8114.149023}
{"latitude":"33.882169536","longitude":"-117.881659096","level":"info","message":"Current Location: ","timestamp":8116.253752}
{"latitude":33.88215365,"longitude":-117.88161841,"level":"info","message":"Target Location: ","timestamp":8120.912219}
{"level":"info","message":"Distance:  415.599","timestamp":8122.029401}
{"level":"info","message":"pathfinder updated Target Heading: 115.18856762148539","timestamp":8123.312416}
{"level":"info","message":"***ON TARGET RANGE***","timestamp":8124.394234}
{"level":"info","message":"Distance Modifier: 0.831198","timestamp":8138.519739}
{"level":"info","message":"***calc_heading_delta***","timestamp":8139.392078}
{"level":"info","message":"IMU Heading same as previous","timestamp":8140.136814}
{"level":"info","message":"Current Heading: 118.76115837","timestamp":8140.95806}
{"level":"info","message":"Target Heading: 115.18856762148539","timestamp":8141.654724}
{"level":"info","message":"***MOVING FORWARD WITH ADJUSTMENTS***","timestamp":8142.509147}
{"level":"info","message":"!turn_right: true","timestamp":8143.398257}
{"level":"info","message":"turn_right:false","timestamp":8144.161118}
{"level":"info","message":"forwardP Throttle Offset: 99","timestamp":8145.01752}
{"level":"info","message":"forwardP listing left","timestamp":8145.853037}
{"level":"info","message":"Y: 60","timestamp":8146.968448}
{"level":"info","message":"x: 120","timestamp":8148.820939}
{"level":"info","message":"Drive: Set rover speed - Left: 60, right:120","timestamp":8150.239735}
{"level":"info","message":"ArduinoMessage: 12:0:217:0:170:187\r","timestamp":8153.321699}
{"level":"info","message":"ArduinoMessage: 11:0:187:0:170:187\r","timestamp":8179.847196}
{"level":"info","message":"ArduinoMessage: 12:0:247:0:170:187\r","timestamp":8199.985693}
{"level":"info","message":"***drive_timer***","timestamp":8202.039902}
{"level":"info","message":"***pathfinder***","timestamp":8203.161876}
{"latitude":33.882169536,"longitude":-117.881659096,"level":"info","message":"Current Location: ","timestamp":8205.281449}
{"latitude":33.88215365,"longitude":-117.88161841,"level":"info","message":"Target Location: ","timestamp":8206.499985}
{"level":"info","message":"Distance:  415.599","timestamp":8208.039404}
{"level":"info","message":"pathfinder updated Target Heading: 115.18856762148539","timestamp":8209.957781}
{"level":"info","message":"***ON TARGET RANGE***","timestamp":8211.586262}
{"level":"info","message":"Distance Modifier: 0.831198","timestamp":8212.937506}
{"level":"info","message":"***calc_heading_delta***","timestamp":8215.409109}
{"level":"info","message":"IMU Heading validified","timestamp":8216.981757}
{"level":"info","message":"Current Heading: 122.442443784","timestamp":8218.734509}
{"level":"info","message":"Target Heading: 115.18856762148539","timestamp":8219.96966}
{"level":"info","message":"***MOVING FORWARD WITH ADJUSTMENTS***","timestamp":8220.91377}
{"level":"info","message":"!turn_right: true","timestamp":8221.747464}
{"level":"info","message":"turn_right:false","timestamp":8222.798656}
{"level":"info","message":"forwardP Throttle Offset: 109","timestamp":8223.787141}
{"level":"info","message":"forwardP listing left","timestamp":8224.622762}
{"level":"info","message":"Y: 60","timestamp":8225.501195}
{"level":"info","message":"x: 120","timestamp":8226.737856}
{"level":"info","message":"Drive: Set rover speed - Left: 60, right:120","timestamp":8227.904101}
{"level":"info","message":"ArduinoMessage: 11:0:187:0:170:187\r","timestamp":8257.316303}
{"level":"info","message":"ArduinoMessage: 12:0:247:0:170:187\r","timestamp":8277.033083}
{"level":"info","message":"***drive_timer***","timestamp":8280.04786}
{"level":"info","message":"***pathfinder***","timestamp":8281.224625}
{"latitude":33.882169536,"longitude":-117.881659096,"level":"info","message":"Current Location: ","timestamp":8282.879305}
{"latitude":33.88215365,"longitude":-117.88161841,"level":"info","message":"Target Location: ","timestamp":8283.913258}
{"level":"info","message":"Distance:  415.599","timestamp":8285.569344}
{"level":"info","message":"pathfinder updated Target Heading: 115.18856762148539","timestamp":8286.855692}
{"level":"info","message":"***ON TARGET RANGE***","timestamp":8287.835896}
{"level":"info","message":"Distance Modifier: 0.831198","timestamp":8288.746985}
{"level":"info","message":"***calc_heading_delta***","timestamp":8289.52094}
{"level":"info","message":"IMU Heading validified","timestamp":8290.437237}
{"level":"info","message":"Current Heading: 116.231939933","timestamp":8291.31291}
{"level":"info","message":"Target Heading: 115.18856762148539","timestamp":8292.208062}
{"level":"info","message":"***MOVING FORWARD AT DRIVE CONSTANT***","timestamp":8293.217276}
{"level":"info","message":"Y: 90","timestamp":8298.36147}
{"level":"info","message":"x: 90","timestamp":8299.583079}
{"level":"info","message":"Drive: Set rover speed - Left: 90, right:90","timestamp":8300.53396}
{"level":"info","message":"ArduinoMessage: 11:0:217:0:170:187\r","timestamp":8340.064551}
{"level":"info","message":"***drive_timer***","timestamp":8351.157779}
{"level":"info","message":"***pathfinder***","timestamp":8352.40772}
{"latitude":"33.882168617","longitude":"-117.881658202","level":"info","message":"Current Location: ","timestamp":8353.967661}
{"latitude":33.88215365,"longitude":-117.88161841,"level":"info","message":"Target Location: ","timestamp":8354.97276}
{"level":"info","message":"Distance:  403.827","timestamp":8355.915152}
{"level":"info","message":"pathfinder updated Target Heading: 114.37376034010998","timestamp":8357.06249}
{"level":"info","message":"***ON TARGET RANGE***","timestamp":8358.264203}
{"level":"info","message":"Distance Modifier: 0.807654","timestamp":8359.253208}
{"level":"info","message":"***calc_heading_delta***","timestamp":8359.968361}
{"level":"info","message":"IMU Heading validified","timestamp":8360.612473}
{"level":"info","message":"Current Heading: 113.670538485","timestamp":8361.326948}
{"level":"info","message":"Target Heading: 114.37376034010998","timestamp":8362.076268}
{"level":"info","message":"***MOVING FORWARD AT DRIVE CONSTANT***","timestamp":8362.733192}
{"level":"info","message":"Y: 90","timestamp":8363.379386}
{"level":"info","message":"x: 90","timestamp":8367.727907}
{"level":"info","message":"Drive: Set rover speed - Left: 90, right:90","timestamp":8368.693736}
{"level":"info","message":"ArduinoMessage: 12:0:217:0:170:187\r","timestamp":8370.339666}
{"level":"info","message":"ArduinoMessage: 11:0:217:0:170:187\r","timestamp":8396.561831}
{"level":"info","message":"ArduinoMessage: 12:0:217:0:170:187\r","timestamp":8416.554912}
{"level":"info","message":"***drive_timer***","timestamp":8419.580835}
{"level":"info","message":"***pathfinder***","timestamp":8420.808433}
{"latitude":33.882168617,"longitude":-117.881658202,"level":"info","message":"Current Location: ","timestamp":8425.634243}
{"latitude":33.88215365,"longitude":-117.88161841,"level":"info","message":"Target Location: ","timestamp":8427.635067}
{"level":"info","message":"Distance:  403.827","timestamp":8430.077503}
{"level":"info","message":"pathfinder updated Target Heading: 114.37376034010998","timestamp":8432.198535}
{"level":"info","message":"***ON TARGET RANGE***","timestamp":8434.818991}
{"level":"info","message":"Distance Modifier: 0.807654","timestamp":8436.233307}
{"level":"info","message":"***calc_heading_delta***","timestamp":8437.628196}
{"level":"info","message":"IMU Heading same as previous","timestamp":8438.703295}
{"level":"info","message":"Current Heading: 113.670538485","timestamp":8439.73579}
{"level":"info","message":"Target Heading: 114.37376034010998","timestamp":8440.624484}
{"level":"info","message":"***MOVING FORWARD AT DRIVE CONSTANT***","timestamp":8441.343959}
{"level":"info","message":"Y: 90","timestamp":8442.081716}
{"level":"info","message":"x: 90","timestamp":8445.898365}
{"level":"info","message":"Drive: Set rover speed - Left: 90, right:90","timestamp":8447.284243}
{"level":"info","message":"ArduinoMessage: 11:0:217:0:170:187\r","timestamp":8473.717137}
{"level":"info","message":"***drive_timer***","timestamp":8499.918938}
{"level":"info","message":"***pathfinder***","timestamp":8501.21513}
{"latitude":33.882168617,"longitude":-117.881658202,"level":"info","message":"Current Location: ","timestamp":8503.058298}
{"latitude":33.88215365,"longitude":-117.88161841,"level":"info","message":"Target Location: ","timestamp":8504.447041}
{"level":"info","message":"Distance:  403.827","timestamp":8505.577244}
{"level":"info","message":"pathfinder updated Target Heading: 114.37376034010998","timestamp":8507.081924}
{"level":"info","message":"***ON TARGET RANGE***","timestamp":8508.134419}
{"level":"info","message":"Distance Modifier: 0.807654","timestamp":8508.883166}
{"level":"info","message":"***calc_heading_delta***","timestamp":8509.809359}
{"level":"info","message":"IMU Heading same as previous","timestamp":8510.698834}
{"level":"info","message":"Current Heading: 113.670538485","timestamp":8511.432893}
{"level":"info","message":"Target Heading: 114.37376034010998","timestamp":8512.19565}
{"level":"info","message":"***MOVING FORWARD AT DRIVE CONSTANT***","timestamp":8513.017781}
{"level":"info","message":"Y: 90","timestamp":8513.892985}
{"level":"info","message":"x: 90","timestamp":8514.838293}
{"level":"info","message":"Drive: Set rover speed - Left: 90, right:90","timestamp":8515.427301}
{"level":"info","message":"ArduinoMessage: 12:0:217:0:170:187\r","timestamp":8518.315777}
{"level":"info","message":"ArduinoMessage: 11:0:217:0:170:187\r","timestamp":8548.645318}
{"level":"info","message":"***drive_timer***","timestamp":8570.716671}
{"level":"info","message":"***pathfinder***","timestamp":8573.017232}
{"latitude":"33.882167514","longitude":"-117.881657417","level":"info","message":"Current Location: ","timestamp":8574.811234}
{"latitude":33.88215365,"longitude":-117.88161841,"level":"info","message":"Target Location: ","timestamp":8575.671126}
{"level":"info","message":"Distance:  392.262","timestamp":8578.498664}
{"level":"info","message":"pathfinder updated Target Heading: 113.17696942656289","timestamp":8579.81621}
{"level":"info","message":"***ON TARGET RANGE***","timestamp":8580.813497}
{"level":"info","message":"Distance Modifier: 0.784524","timestamp":8581.649483}
{"level":"info","message":"***calc_heading_delta***","timestamp":8582.445781}
{"level":"info","message":"IMU Heading same as previous","timestamp":8583.328381}
{"level":"info","message":"Current Heading: 113.670538485","timestamp":8584.158168}
{"level":"info","message":"Target Heading: 113.17696942656289","timestamp":8584.968112}
{"level":"info","message":"***MOVING FORWARD AT DRIVE CONSTANT***","timestamp":8586.303991}
{"level":"info","message":"Y: 90","timestamp":8587.391903}
{"level":"info","message":"x: 90","timestamp":8588.644397}
{"level":"info","message":"Drive: Set rover speed - Left: 90, right:90","timestamp":8589.642465}
{"level":"info","message":"ArduinoMessage: 12:0:217:0:170:187\r","timestamp":8612.01668}
{"level":"info","message":"ArduinoMessage: 11:0:217:0:170:187\r","timestamp":8649.409209}
{"level":"info","message":"***drive_timer***","timestamp":8652.79763}
{"level":"info","message":"***pathfinder***","timestamp":8654.937463}
{"latitude":33.882167514,"longitude":-117.881657417,"level":"info","message":"Current Location: ","timestamp":8658.709841}
{"latitude":33.88215365,"longitude":-117.88161841,"level":"info","message":"Target Location: ","timestamp":8660.695717}
{"level":"info","message":"Distance:  392.262","timestamp":8662.790811}
{"level":"info","message":"pathfinder updated Target Heading: 113.17696942656289","timestamp":8665.691005}
{"level":"info","message":"***ON TARGET RANGE***","timestamp":8667.566778}
{"level":"info","message":"Distance Modifier: 0.784524","timestamp":8669.345623}
{"level":"info","message":"***calc_heading_delta***","timestamp":8671.306395}
{"level":"info","message":"IMU Heading validified","timestamp":8672.821596}
{"level":"info","message":"Current Heading: 114.413331705","timestamp":8674.57914}
{"level":"info","message":"Target Heading: 113.17696942656289","timestamp":8676.446787}
{"level":"info","message":"***MOVING FORWARD AT DRIVE CONSTANT***","timestamp":8678.919171}
{"level":"info","message":"Y: 90","timestamp":8680.326404}
{"level":"info","message":"x: 90","timestamp":8683.018162}
{"level":"info","message":"Drive: Set rover speed - Left: 90, right:90","timestamp":8684.859924}
{"level":"info","message":"ArduinoMessage: 12:0:217:0:170:187\r","timestamp":8699.217667}
{"level":"info","message":"ArduinoMessage: 11:0:217:0:170:187\r","timestamp":8724.319786}
{"level":"info","message":"***drive_timer***","timestamp":8736.535769}
{"level":"info","message":"***pathfinder***","timestamp":8737.923575}
{"latitude":"33.882166626","longitude":"-117.881656480","level":"info","message":"Current Location: ","timestamp":8739.92518}
{"latitude":33.88215365,"longitude":-117.88161841,"level":"info","message":"Target Location: ","timestamp":8741.347985}
{"level":"info","message":"Distance:  380.469","timestamp":8742.693135}
{"level":"info","message":"pathfinder updated Target Heading: 112.32135803564915","timestamp":8744.417502}
{"level":"info","message":"***ON TARGET RANGE***","timestamp":8745.573277}
{"level":"info","message":"Distance Modifier: 0.760938","timestamp":8746.553116}
{"level":"info","message":"***calc_heading_delta***","timestamp":8752.086007}
{"level":"info","message":"IMU Heading validified","timestamp":8754.189382}
{"level":"info","message":"Current Heading: 115.083594006","timestamp":8757.071399}
{"level":"info","message":"Target Heading: 112.32135803564915","timestamp":8759.110816}
{"level":"info","message":"***MOVING FORWARD AT DRIVE CONSTANT***","timestamp":8760.548414}
{"level":"info","message":"Y: 90","timestamp":8761.969917}
{"level":"info","message":"x: 90","timestamp":8764.211782}
{"level":"info","message":"Drive: Set rover speed - Left: 90, right:90","timestamp":8765.65365}
{"level":"info","message":"ArduinoMessage: 12:0:217:0:170:187\r","timestamp":8769.779411}
{"level":"info","message":"ArduinoMessage: 11:0:217:0:170:187\r","timestamp":8797.501309}
{"level":"info","message":"ArduinoMessage: 12:0:217:0:170:187\r","timestamp":8814.674612}
{"level":"info","message":"***drive_timer***","timestamp":8816.608925}
{"level":"info","message":"***pathfinder***","timestamp":8817.872513}
{"latitude":33.882166626,"longitude":-117.88165648,"level":"info","message":"Current Location: ","timestamp":8819.550526}
{"latitude":33.88215365,"longitude":-117.88161841,"level":"info","message":"Target Location: ","timestamp":8820.452761}
{"level":"info","message":"Distance:  380.469","timestamp":8821.259163}
{"level":"info","message":"pathfinder updated Target Heading: 112.32135803564915","timestamp":8822.364679}
{"level":"info","message":"***ON TARGET RANGE***","timestamp":8823.083894}
{"level":"info","message":"Distance Modifier: 0.760938","timestamp":8823.669048}
{"level":"info","message":"***calc_heading_delta***","timestamp":8824.201493}
{"level":"info","message":"IMU Heading validified","timestamp":8824.82373}
{"level":"info","message":"Current Heading: 114.749366491","timestamp":8825.34831}
{"level":"info","message":"Target Heading: 112.32135803564915","timestamp":8825.977474}
{"level":"info","message":"***MOVING FORWARD AT DRIVE CONSTANT***","timestamp":8826.487367}
{"level":"info","message":"Y: 90","timestamp":8827.135021}
{"level":"info","message":"x: 90","timestamp":8829.369176}
{"level":"info","message":"Drive: Set rover speed - Left: 90, right:90","timestamp":8830.487504}
{"level":"info","message":"ArduinoMessage: 11:0:217:0:170:187\r","timestamp":8859.916373}
{"level":"info","message":"ArduinoMessage: 12:0:217:0:170:187\r","timestamp":8880.597576}
{"level":"info","message":"***drive_timer***","timestamp":8882.706993}
{"level":"info","message":"***pathfinder***","timestamp":8884.028237}
{"latitude":33.882166626,"longitude":-117.88165648,"level":"info","message":"Current Location: ","timestamp":8886.874994}
{"latitude":33.88215365,"longitude":-117.88161841,"level":"info","message":"Target Location: ","timestamp":8888.642381}
{"level":"info","message":"Distance:  380.469","timestamp":8889.980083}
{"level":"info","message":"pathfinder updated Target Heading: 112.32135803564915","timestamp":8892.152052}
{"level":"info","message":"***ON TARGET RANGE***","timestamp":8894.271729}
{"level":"info","message":"Distance Modifier: 0.760938","timestamp":8895.399067}
{"level":"info","message":"***calc_heading_delta***","timestamp":8896.598332}
{"level":"info","message":"IMU Heading validified","timestamp":8898.881238}
{"level":"info","message":"Current Heading: 115.083594006","timestamp":8900.287846}
{"level":"info","message":"Target Heading: 112.32135803564915","timestamp":8903.751371}
{"level":"info","message":"***MOVING FORWARD AT DRIVE CONSTANT***","timestamp":8905.165843}
{"level":"info","message":"Y: 90","timestamp":8906.531826}
{"level":"info","message":"x: 90","timestamp":8908.270516}
{"level":"info","message":"Drive: Set rover speed - Left: 90, right:90","timestamp":8909.595874}
{"level":"info","message":"***STOPPING ROVER ON SIGINT***","timestamp":8925.477152}
{"level":"info","message":"\n####### JUSTIN LIKES MENS!! #######\n","timestamp":8927.950473}
{"level":"info","message":"\t\t","timestamp":8930.658846}
{"level":"info","message":"Y: 0","timestamp":8932.746804}
{"level":"info","message":"x: 0","timestamp":8934.144506}
{"level":"info","message":"ArduinoMessage: 11:0:217:0:170:187\r","timestamp":8938.889952}
{"level":"info","message":"ArduinoMessage: 12:0:217:0:170:187\r","timestamp":8962.586765}
{"level":"info","message":"ArduinoMessage: 11:0:127:0:170:187\r","timestamp":8986.941439}
{"level":"info","message":"ArduinoMessage: 12:0:127:0:170:187\r","timestamp":9002.686624}
{"level":"info","message":"***STOPPING ROVER ON SIGINT***","timestamp":9098.906213}
{"level":"info","message":"\n####### JUSTIN LIKES MENS!! #######\n","timestamp":9100.408394}
{"level":"info","message":"\t\t","timestamp":9101.608128}
{"level":"info","message":"Y: 0","timestamp":9102.664008}
{"level":"info","message":"x: 0","timestamp":9103.753482}
{"level":"info","message":"ArduinoMessage: 11:0:127:0:170:187\r","timestamp":9134.184481}
{"level":"info","message":"ArduinoMessage: 12:0:127:0:170:187\r","timestamp":9154.548498}
