{"level":"info","message":"open","timestamp":1491.854832}
{"level":"info","message":"Connected to IMU via UNIX socket ","timestamp":1509.019489}
{"level":"info","message":"Connected to reach","timestamp":1512.246869}
{"level":"info","message":"ArduinoMessage: Bytes Switched Clearing Buffer\r","timestamp":4425.159763}
{"level":"info","message":"***STOPPING ROVER ON SIGINT***","timestamp":11233.551354}
{"level":"info","message":"\n####### JUSTIN LIKES MENS!! #######\n","timestamp":11235.078065}
{"level":"info","message":"\t\t╭∩╮（︶︿︶）╭∩╮","timestamp":11236.284362}
{"level":"info","message":"Y: 0","timestamp":11247.726233}
{"level":"info","message":"x: 0","timestamp":11253.160217}
{"level":"info","message":"ArduinoMessage: 11:0:127:0:170:187\r","timestamp":11284.334806}
{"level":"info","message":"ArduinoMessage: 12:0:127:0:170:187\r","timestamp":11305.370224}
{"level":"info","message":"***STOPPING ROVER ON SIGINT***","timestamp":11503.706241}
{"level":"info","message":"\n####### JUSTIN LIKES MENS!! #######\n","timestamp":11504.677017}
{"level":"info","message":"\t\t╭∩╮（︶︿︶）╭∩╮","timestamp":11505.522847}
{"level":"info","message":"Y: 0","timestamp":11506.401436}
{"level":"info","message":"x: 0","timestamp":11507.479712}
{"level":"info","message":"ArduinoMessage: 11:0:127:0:170:187\r","timestamp":11537.65743}
{"level":"info","message":"ArduinoMessage: 12:0:127:0:170:187\r","timestamp":11558.991181}
{"level":"info","message":"***STOPPING ROVER ON SIGINT***","timestamp":11634.747011}
{"level":"info","message":"\n####### JUSTIN LIKES MENS!! #######\n","timestamp":11635.710079}
{"level":"info","message":"\t\t╭∩╮（︶︿︶）╭∩╮","timestamp":11636.513773}
{"level":"info","message":"Y: 0","timestamp":11637.331842}
{"level":"info","message":"x: 0","timestamp":11638.214911}
{"level":"info","message":"ArduinoMessage: 11:0:127:0:170:187\r","timestamp":11669.265281}
{"level":"info","message":"ArduinoMessage: 12:0:127:0:170:187\r","timestamp":11689.224715}
{"level":"info","message":"***STOPPING ROVER ON SIGINT***","timestamp":12135.527445}
{"level":"info","message":"\n####### JUSTIN LIKES MENS!! #######\n","timestamp":12136.920563}
{"level":"info","message":"\t\t╭∩╮（︶︿︶）╭∩╮","timestamp":12138.790606}
{"level":"info","message":"Y: 0","timestamp":12140.370599}
{"level":"info","message":"x: 0","timestamp":12142.860378}
{"level":"info","message":"ArduinoMessage: 11:0:127:0:170:187\r","timestamp":12174.571683}
{"level":"info","message":"ArduinoMessage: 12:0:127:0:170:187\r","timestamp":12193.365602}
