{"level":"info","message":"open","timestamp":1501.062641}
{"level":"info","message":"***python_proc.stdout***","timestamp":1528.957565}
{"level":"info","message":"IMU Data: 231.34019175","timestamp":1536.914686}
{"level":"info","message":"Connected to reach","timestamp":1547.309683}
{"level":"info","message":"***python_proc.stdout***","timestamp":1589.963948}
{"level":"info","message":"IMU Data: 231.03325301","timestamp":1591.519372}
{"level":"info","message":"***python_proc.stdout***","timestamp":1605.798033}
{"level":"info","message":"IMU Data: 231.28885146","timestamp":1607.293874}
{"level":"info","message":"***python_proc.stdout***","timestamp":1619.135597}
{"level":"info","message":"IMU Data: 231.28885146","timestamp":1623.560826}
{"level":"info","message":"***python_proc.stdout***","timestamp":1627.908034}
{"level":"info","message":"IMU Data: 231.28885146","timestamp":1629.209603}
{"level":"info","message":"***python_proc.stdout***","timestamp":1631.290446}
{"level":"info","message":"IMU Data: 231.28885146","timestamp":1632.411076}
{"level":"info","message":"***python_proc.stdout***","timestamp":1639.24939}
{"level":"info","message":"IMU Data: 231.28885146","timestamp":1640.932367}
{"level":"info","message":"***python_proc.stdout***","timestamp":1648.256516}
{"level":"info","message":"IMU Data: 231.28885146","timestamp":1649.458553}
{"level":"info","message":"***reachClient***","timestamp":1652.14018}
{"level":"info","message":"***python_proc.stdout***","timestamp":1657.272444}
{"level":"info","message":"IMU Data: 231.28885146","timestamp":1658.56021}
{"level":"info","message":"***EVENTS_REFACTORED BOOTED***","timestamp":1661.183556}
{"level":"info","message":"***python_proc.stdout***","timestamp":1672.375224}
{"level":"info","message":"IMU Data: 231.28885146","timestamp":1673.505594}
{"level":"info","message":"***python_proc.stdout***","timestamp":1677.288268}
{"level":"info","message":"IMU Data: 231.28885146","timestamp":1678.59416}
{"level":"info","message":"***python_proc.stdout***","timestamp":1686.931543}
{"level":"info","message":"IMU Data: 231.54629078","timestamp":1688.288216}
{"level":"info","message":"***python_proc.stdout***","timestamp":1696.503828}
{"level":"info","message":"IMU Data: 231.54629078","timestamp":1697.767428}
{"level":"info","message":"***python_proc.stdout***","timestamp":1705.535537}
{"level":"info","message":"IMU Data: 231.54629078","timestamp":1706.715543}
{"level":"info","message":"***python_proc.stdout***","timestamp":1718.452057}
{"level":"info","message":"IMU Data: 231.54629078","timestamp":1721.60577}
{"level":"info","message":"***python_proc.stdout***","timestamp":1733.417805}
{"level":"info","message":"IMU Data: 231.54629078","timestamp":1734.64979}
{"level":"info","message":"***python_proc.stdout***","timestamp":1742.579046}
{"level":"info","message":"IMU Data: 231.54629078","timestamp":1743.929105}
{"level":"info","message":"***python_proc.stdout***","timestamp":1752.278311}
{"level":"info","message":"IMU Data: 231.54629078","timestamp":1754.647124}
{"level":"info","message":"***python_proc.stdout***","timestamp":1763.48326}
{"level":"info","message":"IMU Data: 231.54629078","timestamp":1764.802224}
{"level":"info","message":"***python_proc.stdout***","timestamp":1770.770013}
{"level":"info","message":"IMU Data: 231.54629078","timestamp":1772.126426}
{"level":"info","message":"***python_proc.stdout***","timestamp":1781.753867}
{"level":"info","message":"IMU Data: 231.54629078","timestamp":1783.898304}
{"level":"info","message":"***python_proc.stdout***","timestamp":1790.729795}
{"level":"info","message":"IMU Data: 231.54629078","timestamp":1792.292407}
{"level":"info","message":"***python_proc.stdout***","timestamp":1800.767291}
{"level":"info","message":"IMU Data: 231.54629078","timestamp":1802.186724}
{"level":"info","message":"***python_proc.stdout***","timestamp":1809.602228}
{"level":"info","message":"IMU Data: 231.54629078","timestamp":1810.773275}
{"level":"info","message":"***reachClient***","timestamp":1817.218931}
{"level":"info","message":"***python_proc.stdout***","timestamp":1820.019934}
{"level":"info","message":"IMU Data: 231.34019175","timestamp":1821.889005}
{"level":"info","message":"***python_proc.stdout***","timestamp":1829.084821}
{"level":"info","message":"IMU Data: 231.34019175","timestamp":1830.524567}
{"level":"info","message":"***python_proc.stdout***","timestamp":1838.843565}
{"level":"info","message":"IMU Data: 231.34019175","timestamp":1840.452583}
{"level":"info","message":"***python_proc.stdout***","timestamp":1848.172099}
{"level":"info","message":"IMU Data: 231.34019175","timestamp":1849.38575}
{"level":"info","message":"***python_proc.stdout***","timestamp":1857.271569}
{"level":"info","message":"IMU Data: 231.34019175","timestamp":1858.732305}
{"level":"info","message":"***python_proc.stdout***","timestamp":1866.375154}
{"level":"info","message":"IMU Data: 231.34019175","timestamp":1869.262251}
{"level":"info","message":"***python_proc.stdout***","timestamp":1884.663417}
{"level":"info","message":"IMU Data: 231.34019175","timestamp":1891.28423}
{"level":"info","message":"***python_proc.stdout***","timestamp":1901.590529}
{"level":"info","message":"IMU Data: 231.34019175","timestamp":1903.182203}
{"level":"info","message":"***python_proc.stdout***","timestamp":1909.388222}
{"level":"info","message":"IMU Data: 231.34019175","timestamp":1910.700884}
{"level":"info","message":"***python_proc.stdout***","timestamp":1919.916709}
{"level":"info","message":"IMU Data: 231.34019175","timestamp":1927.427682}
{"level":"info","message":"***python_proc.stdout***","timestamp":1930.208581}
{"level":"info","message":"IMU Data: 231.34019175","timestamp":1931.636765}
{"level":"info","message":"***python_proc.stdout***","timestamp":1939.685813}
{"level":"info","message":"IMU Data: 231.34019175","timestamp":1941.520353}
{"level":"info","message":"***python_proc.stdout***","timestamp":1951.227951}
{"level":"info","message":"IMU Data: 231.34019175","timestamp":1952.405144}
{"level":"info","message":"***python_proc.stdout***","timestamp":1971.578517}
{"level":"info","message":"IMU Data: 231.08233669","timestamp":1972.901752}
{"level":"info","message":"***python_proc.stdout***","timestamp":1974.506968}
{"level":"info","message":"IMU Data: 231.08233669","timestamp":1975.711922}
{"level":"info","message":"***python_proc.stdout***","timestamp":2002.137724}
{"level":"info","message":"IMU Data: 231.08233669","timestamp":2003.231687}
{"level":"info","message":"***python_proc.stdout***","timestamp":2005.185551}
{"level":"info","message":"IMU Data: 231.08233669","timestamp":2006.240139}
{"level":"info","message":"***python_proc.stdout***","timestamp":2016.437219}
{"level":"info","message":"IMU Data: 231.08233669","timestamp":2021.784015}
{"level":"info","message":"***reachClient***","timestamp":2026.549454}
{"level":"info","message":"***python_proc.stdout***","timestamp":2035.864498}
{"level":"info","message":"IMU Data: 231.08233669","timestamp":2037.243151}
{"level":"info","message":"***python_proc.stdout***","timestamp":2042.896459}
{"level":"info","message":"IMU Data: 231.08233669","timestamp":2045.341991}
{"level":"info","message":"***python_proc.stdout***","timestamp":2052.370879}
{"level":"info","message":"IMU Data: 231.08233669","timestamp":2053.673749}
{"level":"info","message":"***python_proc.stdout***","timestamp":2062.423635}
{"level":"info","message":"IMU Data: 231.08233669","timestamp":2063.595567}
{"level":"info","message":"***python_proc.stdout***","timestamp":2071.350396}
{"level":"info","message":"IMU Data: 231.08233669","timestamp":2072.72785}
{"level":"info","message":"***python_proc.stdout***","timestamp":2081.450704}
{"level":"info","message":"IMU Data: 231.08233669","timestamp":2082.529303}
{"level":"info","message":"***python_proc.stdout***","timestamp":2089.997567}
{"level":"info","message":"IMU Data: 231.08233669","timestamp":2091.545283}
{"level":"info","message":"***python_proc.stdout***","timestamp":2100.123761}
{"level":"info","message":"IMU Data: 231.08233669","timestamp":2101.254964}
{"level":"info","message":"***python_proc.stdout***","timestamp":2110.374799}
{"level":"info","message":"IMU Data: 231.08233669","timestamp":2111.913921}
{"level":"info","message":"***python_proc.stdout***","timestamp":2119.271143}
{"level":"info","message":"IMU Data: 231.08233669","timestamp":2120.435993}
{"level":"info","message":"***python_proc.stdout***","timestamp":2129.878173}
{"level":"info","message":"IMU Data: 231.08233669","timestamp":2131.264429}
{"level":"info","message":"***python_proc.stdout***","timestamp":2139.445666}
{"level":"info","message":"IMU Data: 231.08233669","timestamp":2140.768849}
{"level":"info","message":"***python_proc.stdout***","timestamp":2150.578948}
{"level":"info","message":"IMU Data: 231.59991698","timestamp":2152.232341}
{"level":"info","message":"***python_proc.stdout***","timestamp":2160.877695}
{"level":"info","message":"IMU Data: 231.59991698","timestamp":2162.203899}
{"level":"info","message":"***python_proc.stdout***","timestamp":2169.906696}
{"level":"info","message":"IMU Data: 231.59991698","timestamp":2171.400505}
{"level":"info","message":"***python_proc.stdout***","timestamp":2180.871956}
{"level":"info","message":"IMU Data: 231.59991698","timestamp":2182.206181}
{"level":"info","message":"***python_proc.stdout***","timestamp":2190.599554}
{"level":"info","message":"IMU Data: 231.59991698","timestamp":2192.248312}
{"level":"info","message":"***python_proc.stdout***","timestamp":2200.440278}
{"level":"info","message":"IMU Data: 231.59991698","timestamp":2201.708149}
{"level":"info","message":"***python_proc.stdout***","timestamp":2210.088084}
{"level":"info","message":"IMU Data: 231.59991698","timestamp":2212.764972}
{"level":"info","message":"***python_proc.stdout***","timestamp":2225.10102}
{"level":"info","message":"IMU Data: 231.59991698","timestamp":2227.866346}
{"level":"info","message":"***reachClient***","timestamp":2246.115286}
{"level":"info","message":"***python_proc.stdout***","timestamp":2279.331798}
{"level":"info","message":"IMU Data: 231.59991698","timestamp":2280.677794}
{"level":"info","message":"***python_proc.stdout***","timestamp":2283.189108}
{"level":"info","message":"IMU Data: 231.59991698","timestamp":2284.448645}
{"level":"info","message":"***python_proc.stdout***","timestamp":2288.763301}
{"level":"info","message":"IMU Data: 231.59991698","timestamp":2290.03065}
{"level":"info","message":"***python_proc.stdout***","timestamp":2298.983453}
{"level":"info","message":"IMU Data: 231.59991698","timestamp":2300.572888}
{"level":"info","message":"***python_proc.stdout***","timestamp":2309.310169}
{"level":"info","message":"IMU Data: 231.59991698","timestamp":2312.10638}
{"level":"info","message":"***python_proc.stdout***","timestamp":2319.774073}
{"level":"info","message":"IMU Data: 231.59991698","timestamp":2329.914954}
{"level":"info","message":"***python_proc.stdout***","timestamp":2345.319558}
{"level":"info","message":"IMU Data: 231.59991698","timestamp":2346.810815}
{"level":"info","message":"***python_proc.stdout***","timestamp":2367.204297}
{"level":"info","message":"IMU Data: 231.59991698","timestamp":2368.954931}
{"level":"info","message":"***python_proc.stdout***","timestamp":2370.875513}
{"level":"info","message":"IMU Data: 231.59991698","timestamp":2372.150675}
{"level":"info","message":"***python_proc.stdout***","timestamp":2374.310998}
{"level":"info","message":"IMU Data: 231.59991698","timestamp":2375.43392}
{"level":"info","message":"***python_proc.stdout***","timestamp":2385.744021}
{"level":"info","message":"IMU Data: 231.59991698","timestamp":2387.024391}
{"level":"info","message":"***python_proc.stdout***","timestamp":2395.982715}
{"level":"info","message":"IMU Data: 231.59991698","timestamp":2397.366159}
{"level":"info","message":"***python_proc.stdout***","timestamp":2404.414942}
{"level":"info","message":"IMU Data: 231.59991698","timestamp":2405.791043}
{"level":"info","message":"***python_proc.stdout***","timestamp":2413.928633}
{"level":"info","message":"IMU Data: 231.59991698","timestamp":2415.293692}
{"level":"info","message":"***python_proc.stdout***","timestamp":2422.808259}
{"level":"info","message":"IMU Data: 231.59991698","timestamp":2424.268682}
{"level":"info","message":"***python_proc.stdout***","timestamp":2432.73565}
{"level":"info","message":"IMU Data: 231.59991698","timestamp":2434.046489}
{"level":"info","message":"***reachClient***","timestamp":2440.72949}
{"level":"info","message":"***python_proc.stdout***","timestamp":2443.044136}
{"level":"info","message":"IMU Data: 231.59991698","timestamp":2444.376851}
{"level":"info","message":"***python_proc.stdout***","timestamp":2451.765323}
{"level":"info","message":"IMU Data: 231.59991698","timestamp":2452.944548}
{"level":"info","message":"***python_proc.stdout***","timestamp":2461.3624}
{"level":"info","message":"IMU Data: 231.59991698","timestamp":2462.849907}
{"level":"info","message":"***python_proc.stdout***","timestamp":2471.798387}
{"level":"info","message":"IMU Data: 231.59991698","timestamp":2473.256779}
{"level":"info","message":"***python_proc.stdout***","timestamp":2481.788382}
{"level":"info","message":"IMU Data: 231.59991698","timestamp":2483.81959}
{"level":"info","message":"***python_proc.stdout***","timestamp":2492.540048}
{"level":"info","message":"IMU Data: 231.34019175","timestamp":2494.279952}
{"level":"info","message":"***python_proc.stdout***","timestamp":2501.280662}
{"level":"info","message":"IMU Data: 231.34019175","timestamp":2502.586241}
{"level":"info","message":"***python_proc.stdout***","timestamp":2510.111538}
{"level":"info","message":"IMU Data: 231.34019175","timestamp":2511.62993}
{"level":"info","message":"***python_proc.stdout***","timestamp":2519.364654}
{"level":"info","message":"IMU Data: 231.34019175","timestamp":2520.610546}
{"level":"info","message":"***python_proc.stdout***","timestamp":2528.877772}
{"level":"info","message":"IMU Data: 231.34019175","timestamp":2530.524134}
{"level":"info","message":"***python_proc.stdout***","timestamp":2540.139492}
{"level":"info","message":"IMU Data: 231.34019175","timestamp":2542.855495}
{"level":"info","message":"***python_proc.stdout***","timestamp":2548.528439}
{"level":"info","message":"IMU Data: 231.34019175","timestamp":2550.053967}
{"level":"info","message":"***python_proc.stdout***","timestamp":2557.72093}
{"level":"info","message":"IMU Data: 231.34019175","timestamp":2559.181406}
{"level":"info","message":"***python_proc.stdout***","timestamp":2568.21624}
{"level":"info","message":"IMU Data: 231.34019175","timestamp":2569.838956}
{"level":"info","message":"***python_proc.stdout***","timestamp":2577.403523}
{"level":"info","message":"IMU Data: 231.34019175","timestamp":2579.016708}
{"level":"info","message":"***python_proc.stdout***","timestamp":2587.113622}
{"level":"info","message":"IMU Data: 231.34019175","timestamp":2589.224829}
{"level":"info","message":"***python_proc.stdout***","timestamp":2599.431597}
{"level":"info","message":"IMU Data: 231.34019175","timestamp":2615.277661}
{"level":"info","message":"***python_proc.stdout***","timestamp":2617.155952}
{"level":"info","message":"IMU Data: 231.34019175","timestamp":2618.338665}
{"level":"info","message":"***python_proc.stdout***","timestamp":2631.734979}
{"level":"info","message":"IMU Data: 231.34019175","timestamp":2634.053115}
{"level":"info","message":"***python_proc.stdout***","timestamp":2637.25813}
{"level":"info","message":"IMU Data: 231.34019175","timestamp":2638.8572}
{"level":"info","message":"***reachClient***","timestamp":2642.822896}
{"level":"info","message":"***python_proc.stdout***","timestamp":2647.270521}
{"level":"info","message":"IMU Data: 231.34019175","timestamp":2648.478496}
{"level":"info","message":"***python_proc.stdout***","timestamp":2656.7214}
{"level":"info","message":"IMU Data: 231.34019175","timestamp":2662.543302}
{"level":"info","message":"***python_proc.stdout***","timestamp":2674.260337}
{"level":"info","message":"IMU Data: 231.34019175","timestamp":2676.149825}
{"level":"info","message":"***python_proc.stdout***","timestamp":2685.572786}
{"level":"info","message":"IMU Data: 231.08233669","timestamp":2686.957116}
{"level":"info","message":"***python_proc.stdout***","timestamp":2695.885648}
{"level":"info","message":"IMU Data: 231.08233669","timestamp":2697.661646}
{"level":"info","message":"***python_proc.stdout***","timestamp":2705.37512}
{"level":"info","message":"IMU Data: 231.08233669","timestamp":2706.651168}
{"level":"info","message":"***python_proc.stdout***","timestamp":2715.7072}
{"level":"info","message":"IMU Data: 231.08233669","timestamp":2717.251114}
{"level":"info","message":"***python_proc.stdout***","timestamp":2724.958234}
{"level":"info","message":"IMU Data: 231.08233669","timestamp":2727.090796}
{"level":"info","message":"***python_proc.stdout***","timestamp":2735.199272}
{"level":"info","message":"IMU Data: 231.08233669","timestamp":2736.462038}
{"level":"info","message":"***python_proc.stdout***","timestamp":2744.433222}
{"level":"info","message":"IMU Data: 231.08233669","timestamp":2745.752343}
{"level":"info","message":"***python_proc.stdout***","timestamp":2753.391233}
{"level":"info","message":"IMU Data: 231.08233669","timestamp":2754.680875}
{"level":"info","message":"***python_proc.stdout***","timestamp":2762.765601}
{"level":"info","message":"IMU Data: 231.08233669","timestamp":2764.093471}
{"level":"info","message":"***python_proc.stdout***","timestamp":2772.434553}
{"level":"info","message":"IMU Data: 231.08233669","timestamp":2773.787632}
{"level":"info","message":"***python_proc.stdout***","timestamp":2782.322516}
{"level":"info","message":"IMU Data: 231.08233669","timestamp":2783.653668}
{"level":"info","message":"***python_proc.stdout***","timestamp":2792.969806}
{"level":"info","message":"IMU Data: 231.08233669","timestamp":2794.412417}
{"level":"info","message":"***python_proc.stdout***","timestamp":2802.265996}
{"level":"info","message":"IMU Data: 231.08233669","timestamp":2803.429283}
{"level":"info","message":"***python_proc.stdout***","timestamp":2811.827812}
{"level":"info","message":"IMU Data: 231.28885146","timestamp":2812.967609}
{"level":"info","message":"***python_proc.stdout***","timestamp":2821.18619}
{"level":"info","message":"IMU Data: 231.54629078","timestamp":2822.375831}
{"level":"info","message":"***python_proc.stdout***","timestamp":2830.524776}
{"level":"info","message":"IMU Data: 231.54629078","timestamp":2831.771136}
{"level":"info","message":"***reachClient***","timestamp":2833.519322}
{"level":"info","message":"***python_proc.stdout***","timestamp":2839.263984}
{"level":"info","message":"IMU Data: 231.54629078","timestamp":2840.438156}
{"level":"info","message":"***python_proc.stdout***","timestamp":2848.694914}
{"level":"info","message":"IMU Data: 231.54629078","timestamp":2849.763774}
{"level":"info","message":"***python_proc.stdout***","timestamp":2857.753082}
{"level":"info","message":"IMU Data: 231.54629078","timestamp":2858.984859}
{"level":"info","message":"***python_proc.stdout***","timestamp":2867.546254}
{"level":"info","message":"IMU Data: 231.54629078","timestamp":2868.607092}
{"level":"info","message":"***python_proc.stdout***","timestamp":2876.772964}
{"level":"info","message":"IMU Data: 231.54629078","timestamp":2877.923022}
{"level":"info","message":"***python_proc.stdout***","timestamp":2885.655715}
{"level":"info","message":"IMU Data: 231.54629078","timestamp":2886.895252}
{"level":"info","message":"***python_proc.stdout***","timestamp":2894.804873}
{"level":"info","message":"IMU Data: 231.54629078","timestamp":2895.98493}
{"level":"info","message":"***python_proc.stdout***","timestamp":2905.200078}
{"level":"info","message":"IMU Data: 231.54629078","timestamp":2906.844617}
{"level":"info","message":"***python_proc.stdout***","timestamp":2916.505444}
{"level":"info","message":"IMU Data: 231.54629078","timestamp":2917.693471}
{"level":"info","message":"***python_proc.stdout***","timestamp":2925.251007}
{"level":"info","message":"IMU Data: 231.54629078","timestamp":2926.710597}
{"level":"info","message":"***python_proc.stdout***","timestamp":2935.233033}
{"level":"info","message":"IMU Data: 231.54629078","timestamp":2936.312622}
{"level":"info","message":"***python_proc.stdout***","timestamp":2945.366623}
{"level":"info","message":"IMU Data: 231.34019175","timestamp":2946.456941}
{"level":"info","message":"***python_proc.stdout***","timestamp":2954.497812}
{"level":"info","message":"IMU Data: 231.34019175","timestamp":2955.54464}
{"level":"info","message":"***python_proc.stdout***","timestamp":2964.881143}
{"level":"info","message":"IMU Data: 231.34019175","timestamp":2966.016617}
{"level":"info","message":"***python_proc.stdout***","timestamp":2975.58885}
{"level":"info","message":"IMU Data: 231.34019175","timestamp":2977.12344}
{"level":"info","message":"***python_proc.stdout***","timestamp":2986.155931}
{"level":"info","message":"IMU Data: 231.34019175","timestamp":2987.507969}
{"level":"info","message":"***python_proc.stdout***","timestamp":2996.565095}
{"level":"info","message":"IMU Data: 231.34019175","timestamp":2997.776194}
{"level":"info","message":"***python_proc.stdout***","timestamp":3006.026963}
{"level":"info","message":"IMU Data: 231.34019175","timestamp":3007.640252}
{"level":"info","message":"***python_proc.stdout***","timestamp":3017.005504}
{"level":"info","message":"IMU Data: 231.34019175","timestamp":3018.21525}
{"level":"info","message":"***python_proc.stdout***","timestamp":3027.162636}
{"level":"info","message":"IMU Data: 231.34019175","timestamp":3028.468475}
{"level":"info","message":"***reachClient***","timestamp":3029.682179}
{"level":"info","message":"***python_proc.stdout***","timestamp":3036.825338}
{"level":"info","message":"IMU Data: 231.34019175","timestamp":3038.010396}
{"level":"info","message":"***python_proc.stdout***","timestamp":3047.250179}
{"level":"info","message":"IMU Data: 231.34019175","timestamp":3048.44956}
{"level":"info","message":"***python_proc.stdout***","timestamp":3056.775485}
{"level":"info","message":"IMU Data: 231.34019175","timestamp":3058.16945}
{"level":"info","message":"***python_proc.stdout***","timestamp":3068.10757}
{"level":"info","message":"IMU Data: 231.34019175","timestamp":3069.312263}
{"level":"info","message":"***python_proc.stdout***","timestamp":3077.986314}
{"level":"info","message":"IMU Data: 231.54629078","timestamp":3079.182778}
{"level":"info","message":"***python_proc.stdout***","timestamp":3087.306307}
{"level":"info","message":"IMU Data: 231.54629078","timestamp":3088.743761}
{"level":"info","message":"***python_proc.stdout***","timestamp":3097.979534}
{"level":"info","message":"IMU Data: 231.54629078","timestamp":3099.179488}
{"level":"info","message":"***python_proc.stdout***","timestamp":3107.889269}
{"level":"info","message":"IMU Data: 231.54629078","timestamp":3109.507662}
{"level":"info","message":"***python_proc.stdout***","timestamp":3118.16239}
{"level":"info","message":"IMU Data: 231.54629078","timestamp":3119.389115}
{"level":"info","message":"***python_proc.stdout***","timestamp":3128.542752}
{"level":"info","message":"IMU Data: 231.54629078","timestamp":3129.775258}
{"level":"info","message":"***python_proc.stdout***","timestamp":3138.251027}
{"level":"info","message":"IMU Data: 231.54629078","timestamp":3139.451241}
{"level":"info","message":"***python_proc.stdout***","timestamp":3148.747119}
{"level":"info","message":"IMU Data: 231.54629078","timestamp":3149.924468}
{"level":"info","message":"***python_proc.stdout***","timestamp":3159.699202}
{"level":"info","message":"IMU Data: 231.54629078","timestamp":3161.037125}
{"level":"info","message":"***python_proc.stdout***","timestamp":3169.626645}
{"level":"info","message":"IMU Data: 231.54629078","timestamp":3170.904463}
{"level":"info","message":"***python_proc.stdout***","timestamp":3180.019246}
{"level":"info","message":"IMU Data: 231.54629078","timestamp":3181.309565}
{"level":"info","message":"***python_proc.stdout***","timestamp":3193.507852}
{"level":"info","message":"IMU Data: 231.54629078","timestamp":3196.504689}
{"level":"info","message":"***python_proc.stdout***","timestamp":3203.818734}
{"level":"info","message":"IMU Data: 231.54629078","timestamp":3205.706608}
{"level":"info","message":"***python_proc.stdout***","timestamp":3213.921751}
{"level":"info","message":"IMU Data: 231.54629078","timestamp":3215.716916}
{"level":"info","message":"***python_proc.stdout***","timestamp":3224.648989}
{"level":"info","message":"IMU Data: 231.54629078","timestamp":3227.548743}
{"level":"info","message":"***reachClient***","timestamp":3230.177245}
{"level":"info","message":"***python_proc.stdout***","timestamp":3241.431933}
{"level":"info","message":"IMU Data: 231.54629078","timestamp":3243.15314}
{"level":"info","message":"***python_proc.stdout***","timestamp":3250.482133}
{"level":"info","message":"IMU Data: 231.54629078","timestamp":3253.072926}
{"level":"info","message":"***python_proc.stdout***","timestamp":3260.069366}
{"level":"info","message":"IMU Data: 231.54629078","timestamp":3262.017135}
{"level":"info","message":"***python_proc.stdout***","timestamp":3269.008418}
{"level":"info","message":"IMU Data: 231.54629078","timestamp":3270.53853}
{"level":"info","message":"***python_proc.stdout***","timestamp":3278.639141}
{"level":"info","message":"IMU Data: 231.28885146","timestamp":3280.392587}
{"level":"info","message":"***python_proc.stdout***","timestamp":3287.522933}
{"level":"info","message":"IMU Data: 231.28885146","timestamp":3289.002211}
{"level":"info","message":"***python_proc.stdout***","timestamp":3296.776519}
{"level":"info","message":"IMU Data: 231.28885146","timestamp":3298.625746}
{"level":"info","message":"***python_proc.stdout***","timestamp":3306.156615}
{"level":"info","message":"IMU Data: 231.28885146","timestamp":3309.816633}
{"level":"info","message":"***python_proc.stdout***","timestamp":3316.60729}
{"level":"info","message":"IMU Data: 231.28885146","timestamp":3318.21011}
{"level":"info","message":"***python_proc.stdout***","timestamp":3324.157013}
{"level":"info","message":"IMU Data: 231.28885146","timestamp":3326.241659}
{"level":"info","message":"***python_proc.stdout***","timestamp":3333.063306}
{"level":"info","message":"IMU Data: 231.28885146","timestamp":3334.561646}
{"level":"info","message":"***python_proc.stdout***","timestamp":3341.90866}
{"level":"info","message":"IMU Data: 231.28885146","timestamp":3343.840388}
{"level":"info","message":"***python_proc.stdout***","timestamp":3350.738494}
{"level":"info","message":"IMU Data: 231.80558044","timestamp":3352.596627}
{"level":"info","message":"***python_proc.stdout***","timestamp":3367.668209}
{"level":"info","message":"IMU Data: 231.80558044","timestamp":3369.504416}
{"level":"info","message":"***python_proc.stdout***","timestamp":3376.997004}
{"level":"info","message":"IMU Data: 231.80558044","timestamp":3378.591855}
{"level":"info","message":"***python_proc.stdout***","timestamp":3388.940602}
{"level":"info","message":"IMU Data: 231.80558044","timestamp":3391.239675}
{"level":"info","message":"***python_proc.stdout***","timestamp":3403.397806}
{"level":"info","message":"IMU Data: 231.80558044","timestamp":3405.337086}
{"level":"info","message":"***python_proc.stdout***","timestamp":3414.867444}
{"level":"info","message":"IMU Data: 231.80558044","timestamp":3416.546306}
{"level":"info","message":"***python_proc.stdout***","timestamp":3425.02869}
{"level":"info","message":"IMU Data: 231.80558044","timestamp":3426.179841}
{"level":"info","message":"***reachClient***","timestamp":3434.175139}
{"level":"info","message":"***python_proc.stdout***","timestamp":3437.211664}
{"level":"info","message":"IMU Data: 231.80558044","timestamp":3442.591638}
{"level":"info","message":"***python_proc.stdout***","timestamp":3448.404009}
{"level":"info","message":"IMU Data: 231.80558044","timestamp":3450.486623}
{"level":"info","message":"***python_proc.stdout***","timestamp":3459.788542}
{"level":"info","message":"IMU Data: 231.80558044","timestamp":3461.020215}
{"level":"info","message":"***python_proc.stdout***","timestamp":3470.813438}
{"level":"info","message":"IMU Data: 231.80558044","timestamp":3472.252508}
{"level":"info","message":"***python_proc.stdout***","timestamp":3482.201982}
{"level":"info","message":"IMU Data: 231.1322225","timestamp":3483.506259}
{"level":"info","message":"***python_proc.stdout***","timestamp":3492.728178}
{"level":"info","message":"IMU Data: 231.1322225","timestamp":3494.089851}
{"level":"info","message":"***python_proc.stdout***","timestamp":3505.909282}
{"level":"info","message":"IMU Data: 231.1322225","timestamp":3507.515227}
{"level":"info","message":"***python_proc.stdout***","timestamp":3515.88709}
{"level":"info","message":"IMU Data: 231.1322225","timestamp":3517.224128}
{"level":"info","message":"***python_proc.stdout***","timestamp":3524.787549}
{"level":"info","message":"IMU Data: 231.1322225","timestamp":3526.438598}
{"level":"info","message":"***python_proc.stdout***","timestamp":3533.560924}
{"level":"info","message":"IMU Data: 231.1322225","timestamp":3535.083379}
{"level":"info","message":"***python_proc.stdout***","timestamp":3542.901437}
{"level":"info","message":"IMU Data: 231.34019175","timestamp":3544.42358}
{"level":"info","message":"***python_proc.stdout***","timestamp":3551.947469}
{"level":"info","message":"IMU Data: 231.34019175","timestamp":3553.471175}
{"level":"info","message":"***python_proc.stdout***","timestamp":3560.808866}
{"level":"info","message":"IMU Data: 231.34019175","timestamp":3562.40653}
{"level":"info","message":"***python_proc.stdout***","timestamp":3570.347765}
{"level":"info","message":"IMU Data: 231.34019175","timestamp":3572.064023}
{"level":"info","message":"***python_proc.stdout***","timestamp":3579.203068}
{"level":"info","message":"IMU Data: 231.34019175","timestamp":3580.552657}
{"level":"info","message":"***python_proc.stdout***","timestamp":3601.701039}
{"level":"info","message":"IMU Data: 231.34019175","timestamp":3631.883318}
{"level":"info","message":"***python_proc.stdout***","timestamp":3647.97803}
{"level":"info","message":"IMU Data: 231.34019175","timestamp":3649.180431}
{"level":"info","message":"***python_proc.stdout***","timestamp":3652.26529}
{"level":"info","message":"IMU Data: 231.34019175","timestamp":3653.44941}
{"level":"info","message":"***python_proc.stdout***","timestamp":3655.215824}
{"level":"info","message":"IMU Data: 231.34019175","timestamp":3656.333434}
{"level":"info","message":"***python_proc.stdout***","timestamp":3666.239054}
{"level":"info","message":"IMU Data: 231.34019175","timestamp":3667.215621}
{"level":"info","message":"***reachClient***","timestamp":3668.291199}
{"level":"info","message":"***python_proc.stdout***","timestamp":3672.441844}
{"level":"info","message":"IMU Data: 231.34019175","timestamp":3673.409765}
{"level":"info","message":"***python_proc.stdout***","timestamp":3681.401417}
{"level":"info","message":"IMU Data: 231.34019175","timestamp":3682.790903}
{"level":"info","message":"***python_proc.stdout***","timestamp":3690.25448}
{"level":"info","message":"IMU Data: 231.34019175","timestamp":3692.555898}
{"level":"info","message":"***python_proc.stdout***","timestamp":3699.036397}
{"level":"info","message":"IMU Data: 231.34019175","timestamp":3700.079423}
{"level":"info","message":"***python_proc.stdout***","timestamp":3707.921595}
{"level":"info","message":"IMU Data: 231.34019175","timestamp":3709.831709}
{"level":"info","message":"***python_proc.stdout***","timestamp":3716.601949}
{"level":"info","message":"IMU Data: 231.34019175","timestamp":3717.803934}
{"level":"info","message":"***python_proc.stdout***","timestamp":3725.309386}
{"level":"info","message":"IMU Data: 231.34019175","timestamp":3726.394079}
{"level":"info","message":"***python_proc.stdout***","timestamp":3733.942604}
{"level":"info","message":"IMU Data: 231.34019175","timestamp":3734.980578}
{"level":"info","message":"***python_proc.stdout***","timestamp":3743.334264}
{"level":"info","message":"IMU Data: 231.34019175","timestamp":3744.355518}
{"level":"info","message":"***python_proc.stdout***","timestamp":3752.137066}
{"level":"info","message":"IMU Data: 231.34019175","timestamp":3753.786917}
{"level":"info","message":"***python_proc.stdout***","timestamp":3761.061535}
{"level":"info","message":"IMU Data: 231.34019175","timestamp":3762.820189}
{"level":"info","message":"***python_proc.stdout***","timestamp":3769.227772}
{"level":"info","message":"IMU Data: 231.34019175","timestamp":3770.296371}
{"level":"info","message":"***python_proc.stdout***","timestamp":3778.753598}
{"level":"info","message":"IMU Data: 231.34019175","timestamp":3780.494075}
{"level":"info","message":"***python_proc.stdout***","timestamp":3787.29541}
{"level":"info","message":"IMU Data: 231.34019175","timestamp":3788.390936}
{"level":"info","message":"***python_proc.stdout***","timestamp":3796.111962}
{"level":"info","message":"IMU Data: 231.34019175","timestamp":3797.485198}
{"level":"info","message":"***python_proc.stdout***","timestamp":3804.963983}
{"level":"info","message":"IMU Data: 231.34019175","timestamp":3806.111958}
{"level":"info","message":"***python_proc.stdout***","timestamp":3814.242829}
{"level":"info","message":"IMU Data: 231.34019175","timestamp":3815.500596}
{"level":"info","message":"***python_proc.stdout***","timestamp":3822.807453}
{"level":"info","message":"IMU Data: 231.34019175","timestamp":3825.00736}
{"level":"info","message":"***python_proc.stdout***","timestamp":3831.610881}
{"level":"info","message":"IMU Data: 231.34019175","timestamp":3833.225888}
{"level":"info","message":"***reachClient***","timestamp":3835.608296}
{"level":"info","message":"***python_proc.stdout***","timestamp":3841.663897}
{"level":"info","message":"IMU Data: 231.34019175","timestamp":3852.535147}
{"level":"info","message":"***python_proc.stdout***","timestamp":3854.008331}
{"level":"info","message":"IMU Data: 231.34019175","timestamp":3856.078497}
{"level":"info","message":"***python_proc.stdout***","timestamp":3858.570488}
{"level":"info","message":"IMU Data: 231.34019175","timestamp":3859.765337}
{"level":"info","message":"***python_proc.stdout***","timestamp":3867.360269}
{"level":"info","message":"IMU Data: 231.34019175","timestamp":3868.532306}
{"level":"info","message":"***python_proc.stdout***","timestamp":3877.171878}
{"level":"info","message":"IMU Data: 231.34019175","timestamp":3878.363915}
{"level":"info","message":"***python_proc.stdout***","timestamp":3885.170198}
{"level":"info","message":"IMU Data: 231.34019175","timestamp":3886.858278}
{"level":"info","message":"***python_proc.stdout***","timestamp":3894.079667}
{"level":"info","message":"IMU Data: 231.34019175","timestamp":3895.266131}
{"level":"info","message":"***python_proc.stdout***","timestamp":3902.733979}
{"level":"info","message":"IMU Data: 231.34019175","timestamp":3904.420497}
{"level":"info","message":"***python_proc.stdout***","timestamp":3911.952929}
{"level":"info","message":"IMU Data: 231.34019175","timestamp":3913.124705}
{"level":"info","message":"***python_proc.stdout***","timestamp":3920.478386}
{"level":"info","message":"IMU Data: 231.34019175","timestamp":3921.765059}
{"level":"info","message":"***python_proc.stdout***","timestamp":3929.748013}
{"level":"info","message":"IMU Data: 231.34019175","timestamp":3930.98755}
{"level":"info","message":"***python_proc.stdout***","timestamp":3938.093261}
{"level":"info","message":"IMU Data: 231.80558044","timestamp":3939.261809}
{"level":"info","message":"***python_proc.stdout***","timestamp":3946.935387}
{"level":"info","message":"IMU Data: 231.80558044","timestamp":3948.50529}
{"level":"info","message":"***python_proc.stdout***","timestamp":3956.021992}
{"level":"info","message":"IMU Data: 231.80558044","timestamp":3957.229029}
{"level":"info","message":"***python_proc.stdout***","timestamp":3964.728023}
{"level":"info","message":"IMU Data: 231.80558044","timestamp":3966.311781}
{"level":"info","message":"***python_proc.stdout***","timestamp":3973.517336}
{"level":"info","message":"IMU Data: 231.80558044","timestamp":3974.880103}
{"level":"info","message":"***python_proc.stdout***","timestamp":3982.587431}
{"level":"info","message":"IMU Data: 231.80558044","timestamp":3983.742228}
{"level":"info","message":"***python_proc.stdout***","timestamp":3992.005444}
{"level":"info","message":"IMU Data: 231.80558044","timestamp":3994.025975}
{"level":"info","message":"***python_proc.stdout***","timestamp":4000.215952}
{"level":"info","message":"IMU Data: 231.80558044","timestamp":4001.478875}
{"level":"info","message":"***python_proc.stdout***","timestamp":4010.158499}
{"level":"info","message":"IMU Data: 231.1322225","timestamp":4012.337885}
{"level":"info","message":"***python_proc.stdout***","timestamp":4024.908309}
{"level":"info","message":"IMU Data: 231.1322225","timestamp":4026.115867}
{"level":"info","message":"***python_proc.stdout***","timestamp":4033.96481}
{"level":"info","message":"IMU Data: 231.1322225","timestamp":4035.445286}
{"level":"info","message":"***reachClient***","timestamp":4039.199418}
{"level":"info","message":"***python_proc.stdout***","timestamp":4052.750108}
{"level":"info","message":"IMU Data: 231.1322225","timestamp":4054.144333}
{"level":"info","message":"***python_proc.stdout***","timestamp":4061.903433}
{"level":"info","message":"IMU Data: 231.1322225","timestamp":4063.031042}
{"level":"info","message":"***python_proc.stdout***","timestamp":4071.704208}
{"level":"info","message":"IMU Data: 231.54629078","timestamp":4073.205986}
{"level":"info","message":"***python_proc.stdout***","timestamp":4080.72873}
{"level":"info","message":"IMU Data: 231.54629078","timestamp":4082.678115}
{"level":"info","message":"***python_proc.stdout***","timestamp":4092.547745}
{"level":"info","message":"IMU Data: 231.54629078","timestamp":4102.117321}
{"level":"info","message":"***python_proc.stdout***","timestamp":4103.931913}
{"level":"info","message":"IMU Data: 231.54629078","timestamp":4105.079471}
{"level":"info","message":"***python_proc.stdout***","timestamp":4111.007051}
{"level":"info","message":"IMU Data: 231.54629078","timestamp":4112.805601}
{"level":"info","message":"***python_proc.stdout***","timestamp":4119.477039}
{"level":"info","message":"IMU Data: 231.54629078","timestamp":4121.696841}
{"level":"info","message":"***python_proc.stdout***","timestamp":4128.878073}
{"level":"info","message":"IMU Data: 231.54629078","timestamp":4130.300997}
{"level":"info","message":"***python_proc.stdout***","timestamp":4138.43989}
{"level":"info","message":"IMU Data: 231.59991698","timestamp":4139.824219}
{"level":"info","message":"***python_proc.stdout***","timestamp":4146.722689}
{"level":"info","message":"IMU Data: 231.59991698","timestamp":4148.270197}
{"level":"info","message":"***python_proc.stdout***","timestamp":4155.414293}
{"level":"info","message":"IMU Data: 231.59991698","timestamp":4156.56982}
{"level":"info","message":"***python_proc.stdout***","timestamp":4164.258241}
{"level":"info","message":"IMU Data: 231.59991698","timestamp":4165.394341}
{"level":"info","message":"***python_proc.stdout***","timestamp":4177.888254}
{"level":"info","message":"IMU Data: 231.59991698","timestamp":4179.412636}
{"level":"info","message":"***python_proc.stdout***","timestamp":4188.345491}
{"level":"info","message":"IMU Data: 231.59991698","timestamp":4189.989562}
{"level":"info","message":"***python_proc.stdout***","timestamp":4196.948501}
{"level":"info","message":"IMU Data: 231.59991698","timestamp":4200.145651}
{"level":"info","message":"***python_proc.stdout***","timestamp":4210.988568}
{"level":"info","message":"IMU Data: 231.34019175","timestamp":4212.552012}
{"level":"info","message":"***python_proc.stdout***","timestamp":4218.222456}
{"level":"info","message":"IMU Data: 231.34019175","timestamp":4221.186428}
{"level":"info","message":"***python_proc.stdout***","timestamp":4225.57296}
{"level":"info","message":"IMU Data: 231.34019175","timestamp":4226.827705}
{"level":"info","message":"***python_proc.stdout***","timestamp":4234.524252}
{"level":"info","message":"IMU Data: 231.34019175","timestamp":4236.248792}
{"level":"info","message":"***reachClient***","timestamp":4237.659215}
{"level":"info","message":"***python_proc.stdout***","timestamp":4243.387003}
{"level":"info","message":"IMU Data: 231.34019175","timestamp":4244.552112}
{"level":"info","message":"***python_proc.stdout***","timestamp":4252.495379}
{"level":"info","message":"IMU Data: 231.34019175","timestamp":4253.748198}
{"level":"info","message":"***python_proc.stdout***","timestamp":4261.523339}
{"level":"info","message":"IMU Data: 231.34019175","timestamp":4263.473765}
{"level":"info","message":"***python_proc.stdout***","timestamp":4270.29687}
{"level":"info","message":"IMU Data: 231.08233669","timestamp":4271.886044}
{"level":"info","message":"***python_proc.stdout***","timestamp":4279.6953}
{"level":"info","message":"IMU Data: 231.08233669","timestamp":4281.427339}
{"level":"info","message":"***python_proc.stdout***","timestamp":4302.722701}
{"level":"info","message":"IMU Data: 231.08233669","timestamp":4303.671508}
{"level":"info","message":"***python_proc.stdout***","timestamp":4313.116448}
{"level":"info","message":"IMU Data: 231.08233669","timestamp":4316.173338}
{"level":"info","message":"***python_proc.stdout***","timestamp":4325.606195}
{"level":"info","message":"IMU Data: 231.08233669","timestamp":4326.835524}
{"level":"info","message":"***python_proc.stdout***","timestamp":4332.885553}
{"level":"info","message":"IMU Data: 231.08233669","timestamp":4334.049516}
{"level":"info","message":"***python_proc.stdout***","timestamp":4343.95097}
{"level":"info","message":"IMU Data: 231.1322225","timestamp":4347.156089}
{"level":"info","message":"***python_proc.stdout***","timestamp":4352.137311}
{"level":"info","message":"IMU Data: 231.1322225","timestamp":4352.976846}
{"level":"info","message":"***python_proc.stdout***","timestamp":4365.807896}
{"level":"info","message":"IMU Data: 231.1322225","timestamp":4368.068115}
{"level":"info","message":"***python_proc.stdout***","timestamp":4385.492573}
{"level":"info","message":"IMU Data: 231.1322225","timestamp":4387.210029}
{"level":"info","message":"***python_proc.stdout***","timestamp":4389.715614}
{"level":"info","message":"IMU Data: 231.1322225","timestamp":4391.458799}
{"level":"info","message":"***python_proc.stdout***","timestamp":4409.463052}
{"level":"info","message":"IMU Data: 231.1322225","timestamp":4411.415405}
{"level":"info","message":"***python_proc.stdout***","timestamp":4416.061625}
{"level":"info","message":"IMU Data: 231.34019175","timestamp":4417.689341}
{"level":"info","message":"***python_proc.stdout***","timestamp":4422.303061}
{"level":"info","message":"IMU Data: 231.34019175","timestamp":4424.445623}
{"level":"info","message":"ArduinoMessage: Bytes Switched Clearing Buffer\r","timestamp":4427.96939}
{"level":"info","message":"***python_proc.stdout***","timestamp":4430.881435}
{"level":"info","message":"IMU Data: 231.34019175","timestamp":4432.730037}
{"level":"info","message":"***reachClient***","timestamp":4434.603327}
{"level":"info","message":"***python_proc.stdout***","timestamp":4440.599189}
{"level":"info","message":"IMU Data: 231.34019175","timestamp":4442.575396}
{"level":"info","message":"***python_proc.stdout***","timestamp":4449.41496}
{"level":"info","message":"IMU Data: 231.34019175","timestamp":4451.047728}
{"level":"info","message":"***python_proc.stdout***","timestamp":4458.379378}
{"level":"info","message":"IMU Data: 231.34019175","timestamp":4460.085167}
{"level":"info","message":"***python_proc.stdout***","timestamp":4466.984575}
{"level":"info","message":"IMU Data: 231.34019175","timestamp":4468.859792}
{"level":"info","message":"***python_proc.stdout***","timestamp":4476.237692}
{"level":"info","message":"IMU Data: 231.34019175","timestamp":4477.920929}
{"level":"info","message":"***python_proc.stdout***","timestamp":4484.885389}
{"level":"info","message":"IMU Data: 231.34019175","timestamp":4486.378}
{"level":"info","message":"***python_proc.stdout***","timestamp":4494.154131}
{"level":"info","message":"IMU Data: 231.34019175","timestamp":4495.825233}
{"level":"info","message":"***python_proc.stdout***","timestamp":4503.482509}
{"level":"info","message":"IMU Data: 231.34019175","timestamp":4504.943766}
{"level":"info","message":"***python_proc.stdout***","timestamp":4512.084685}
{"level":"info","message":"IMU Data: 231.34019175","timestamp":4513.45891}
{"level":"info","message":"***python_proc.stdout***","timestamp":4520.73181}
{"level":"info","message":"IMU Data: 231.34019175","timestamp":4522.327755}
{"level":"info","message":"***python_proc.stdout***","timestamp":4529.35758}
{"level":"info","message":"IMU Data: 231.34019175","timestamp":4530.73894}
{"level":"info","message":"***python_proc.stdout***","timestamp":4538.527363}
{"level":"info","message":"IMU Data: 231.34019175","timestamp":4540.183829}
{"level":"info","message":"***python_proc.stdout***","timestamp":4547.150581}
{"level":"info","message":"IMU Data: 231.34019175","timestamp":4548.653661}
{"level":"info","message":"***python_proc.stdout***","timestamp":4556.041248}
{"level":"info","message":"IMU Data: 231.34019175","timestamp":4557.481984}
{"level":"info","message":"***python_proc.stdout***","timestamp":4564.996239}
{"level":"info","message":"IMU Data: 231.34019175","timestamp":4566.443225}
{"level":"info","message":"***python_proc.stdout***","timestamp":4573.960552}
{"level":"info","message":"IMU Data: 231.34019175","timestamp":4575.757592}
{"level":"info","message":"***python_proc.stdout***","timestamp":4583.227627}
{"level":"info","message":"IMU Data: 231.34019175","timestamp":4584.804875}
{"level":"info","message":"***python_proc.stdout***","timestamp":4592.458401}
{"level":"info","message":"IMU Data: 231.34019175","timestamp":4593.952939}
{"level":"info","message":"***python_proc.stdout***","timestamp":4601.75183}
{"level":"info","message":"IMU Data: 231.59991698","timestamp":4603.21642}
{"level":"info","message":"***python_proc.stdout***","timestamp":4610.65656}
{"level":"info","message":"IMU Data: 231.59991698","timestamp":4612.243286}
{"level":"info","message":"***python_proc.stdout***","timestamp":4619.775874}
{"level":"info","message":"IMU Data: 231.59991698","timestamp":4621.343434}
{"level":"info","message":"***reachClient***","timestamp":4625.981268}
{"level":"info","message":"***python_proc.stdout***","timestamp":4629.421701}
{"level":"info","message":"IMU Data: 231.59991698","timestamp":4630.949417}
{"level":"info","message":"***python_proc.stdout***","timestamp":4638.415338}
{"level":"info","message":"IMU Data: 231.59991698","timestamp":4639.766855}
{"level":"info","message":"***python_proc.stdout***","timestamp":4647.38736}
{"level":"info","message":"IMU Data: 231.59991698","timestamp":4648.71023}
{"level":"info","message":"***python_proc.stdout***","timestamp":4656.316569}
{"level":"info","message":"IMU Data: 231.59991698","timestamp":4657.956889}
{"level":"info","message":"***python_proc.stdout***","timestamp":4665.674165}
{"level":"info","message":"IMU Data: 231.59991698","timestamp":4667.047609}
{"level":"info","message":"***get_waypoint***","timestamp":4670.980909}
{"latitude":33.9077992,"longitude":-117.88823026,"level":"info","message":"getting next waypoint","timestamp":4678.442976}
{"level":"info","message":"get_waypoint adjusted Target Heading:348.43483565914033","timestamp":4699.480993}
{"level":"info","message":"***python_proc.stdout***","timestamp":4704.22013}
{"level":"info","message":"IMU Data: 231.59991698","timestamp":4705.581907}
{"level":"info","message":"***python_proc.stdout***","timestamp":4712.265532}
{"level":"info","message":"IMU Data: 231.59991698","timestamp":4713.762206}
{"level":"info","message":"***python_proc.stdout***","timestamp":4720.963438}
{"level":"info","message":"IMU Data: 231.59991698","timestamp":4722.587196}
{"level":"info","message":"***python_proc.stdout***","timestamp":4730.302702}
{"level":"info","message":"IMU Data: 231.59991698","timestamp":4731.925938}
{"level":"info","message":"***python_proc.stdout***","timestamp":4739.124202}
{"level":"info","message":"IMU Data: 231.34019175","timestamp":4740.973898}
{"level":"info","message":"***python_proc.stdout***","timestamp":4748.094661}
{"level":"info","message":"IMU Data: 231.34019175","timestamp":4749.630502}
{"level":"info","message":"***turn_timer***","timestamp":4755.861365}
{"level":"info","message":"***calc_heading_delta***","timestamp":4759.896644}
{"level":"info","message":"IMU Heading validified","timestamp":4761.726601}
{"level":"info","message":"Current Heading: 231.34019175","timestamp":4763.402651}
{"level":"info","message":"Target Heading: 348.43483565914033","timestamp":4765.013283}
{"level":"info","message":"***TURNING TOWARDS TARGET***","timestamp":4766.889855}
{"level":"info","message":"Turning right","timestamp":4769.24747}
{"level":"info","message":"Y: 120","timestamp":4772.450246}
{"level":"info","message":"x: -120","timestamp":4778.985433}
{"level":"info","message":"Turn: Set rover speed - Left: 120, right:-120","timestamp":4781.829613}
{"level":"info","message":"***python_proc.stdout***","timestamp":4784.067645}
{"level":"info","message":"IMU Data: 231.34019175","timestamp":4785.467912}
{"level":"info","message":"***python_proc.stdout***","timestamp":4792.961437}
{"level":"info","message":"IMU Data: 231.34019175","timestamp":4794.40561}
{"level":"info","message":"***python_proc.stdout***","timestamp":4801.723562}
{"level":"info","message":"IMU Data: 231.84277341","timestamp":4803.272059}
{"level":"info","message":"ArduinoMessage: 11:0:247:0:170:187\r","timestamp":4810.193446}
{"level":"info","message":"***python_proc.stdout***","timestamp":4813.071949}
{"level":"info","message":"IMU Data: 231.84277341","timestamp":4814.749249}
{"level":"info","message":"***python_proc.stdout***","timestamp":4820.482141}
{"level":"info","message":"IMU Data: 231.84277341","timestamp":4822.328608}
{"level":"info","message":"***python_proc.stdout***","timestamp":4830.481615}
{"level":"info","message":"IMU Data: 231.84277341","timestamp":4832.527094}
{"level":"info","message":"***turn_timer***","timestamp":4834.412103}
{"level":"info","message":"***calc_heading_delta***","timestamp":4835.96685}
{"level":"info","message":"IMU Heading validified","timestamp":4837.893161}
{"level":"info","message":"Current Heading: 231.84277341","timestamp":4840.131297}
{"level":"info","message":"Target Heading: 348.43483565914033","timestamp":4841.971826}
{"level":"info","message":"***TURNING TOWARDS TARGET***","timestamp":4844.871267}
{"level":"info","message":"Turning right","timestamp":4846.628515}
{"level":"info","message":"Y: 120","timestamp":4848.911338}
{"level":"info","message":"x: -120","timestamp":4850.916712}
{"level":"info","message":"Turn: Set rover speed - Left: 120, right:-120","timestamp":4852.639846}
{"level":"info","message":"***python_proc.stdout***","timestamp":4855.002096}
{"level":"info","message":"IMU Data: 231.84277341","timestamp":4856.703615}
{"level":"info","message":"***reachClient***","timestamp":4861.602492}
{"level":"info","message":"ArduinoMessage: 12:0:7:0:170:187\r","timestamp":4865.240062}
{"level":"info","message":"***python_proc.stdout***","timestamp":4869.268154}
{"level":"info","message":"IMU Data: 236.03535416","timestamp":4872.020094}
{"level":"info","message":"***python_proc.stdout***","timestamp":4877.909549}
{"level":"info","message":"IMU Data: 236.03535416","timestamp":4880.401175}
{"level":"info","message":"ArduinoMessage: 11:0:247:0:170:187\r","timestamp":4884.122599}
{"level":"info","message":"***python_proc.stdout***","timestamp":4888.332099}
{"level":"info","message":"IMU Data: 236.03535416","timestamp":4890.819662}
{"level":"info","message":"***python_proc.stdout***","timestamp":4900.399968}
{"level":"info","message":"IMU Data: 236.03535416","timestamp":4902.92571}
{"level":"info","message":"***turn_timer***","timestamp":4905.121605}
{"level":"info","message":"***calc_heading_delta***","timestamp":4908.129432}
{"level":"info","message":"IMU Heading validified","timestamp":4911.704241}
{"level":"info","message":"Current Heading: 236.03535416","timestamp":4914.152846}
{"level":"info","message":"Target Heading: 348.43483565914033","timestamp":4917.659582}
{"level":"info","message":"***TURNING TOWARDS TARGET***","timestamp":4920.222458}
{"level":"info","message":"Turning right","timestamp":4921.996477}
{"level":"info","message":"Y: 120","timestamp":4923.905653}
{"level":"info","message":"x: -120","timestamp":4925.98035}
{"level":"info","message":"Turn: Set rover speed - Left: 120, right:-120","timestamp":4927.794213}
{"level":"info","message":"***python_proc.stdout***","timestamp":4929.960942}
{"level":"info","message":"IMU Data: 236.03535416","timestamp":4932.1209}
{"level":"info","message":"ArduinoMessage: 12:0:7:0:170:187\r","timestamp":4935.838939}
{"level":"info","message":"***python_proc.stdout***","timestamp":4939.174684}
{"level":"info","message":"IMU Data: 242.2414594","timestamp":4941.380215}
{"level":"info","message":"***python_proc.stdout***","timestamp":4948.422488}
{"level":"info","message":"IMU Data: 242.2414594","timestamp":4950.150986}
{"level":"info","message":"ArduinoMessage: 11:0:247:0:170:187\r","timestamp":4960.940256}
{"level":"info","message":"***python_proc.stdout***","timestamp":4965.825384}
{"level":"info","message":"IMU Data: 242.2414594","timestamp":4966.977889}
{"level":"info","message":"***python_proc.stdout***","timestamp":4973.107189}
{"level":"info","message":"IMU Data: 242.2414594","timestamp":4974.76803}
{"level":"info","message":"ArduinoMessage: 12:0:7:0:170:187\r","timestamp":4977.434085}
{"level":"info","message":"***turn_timer***","timestamp":4979.063676}
{"level":"info","message":"***calc_heading_delta***","timestamp":4980.251963}
{"level":"info","message":"IMU Heading validified","timestamp":4981.587854}
{"level":"info","message":"Current Heading: 242.2414594","timestamp":4982.882808}
{"level":"info","message":"Target Heading: 348.43483565914033","timestamp":4983.785417}
{"level":"info","message":"***TURNING TOWARDS TARGET***","timestamp":4992.165457}
{"level":"info","message":"Turning right","timestamp":4993.15067}
{"level":"info","message":"Y: 120","timestamp":4994.212081}
{"level":"info","message":"x: -120","timestamp":4995.501723}
{"level":"info","message":"Turn: Set rover speed - Left: 120, right:-120","timestamp":4997.433815}
{"level":"info","message":"***python_proc.stdout***","timestamp":5000.300808}
{"level":"info","message":"IMU Data: 242.2414594","timestamp":5003.58749}
{"level":"info","message":"***python_proc.stdout***","timestamp":5006.175784}
{"level":"info","message":"IMU Data: 242.2414594","timestamp":5009.147464}
{"level":"info","message":"***python_proc.stdout***","timestamp":5012.120708}
{"level":"info","message":"IMU Data: 242.2414594","timestamp":5013.793737}
{"level":"info","message":"***python_proc.stdout***","timestamp":5020.538196}
{"level":"info","message":"IMU Data: 242.2414594","timestamp":5022.302058}
{"level":"info","message":"ArduinoMessage: 11:0:247:0:170:187\r","timestamp":5034.37597}
{"level":"info","message":"***reachClient***","timestamp":5038.742918}
{"level":"info","message":"***python_proc.stdout***","timestamp":5042.291164}
{"level":"info","message":"IMU Data: 242.2414594","timestamp":5045.685086}
{"level":"info","message":"***python_proc.stdout***","timestamp":5048.509943}
{"level":"info","message":"IMU Data: 242.2414594","timestamp":5050.681881}
{"level":"info","message":"***turn_timer***","timestamp":5055.652842}
{"level":"info","message":"***calc_heading_delta***","timestamp":5057.607955}
{"level":"info","message":"IMU Heading same as previous","timestamp":5060.355677}
{"level":"info","message":"Current Heading: 242.2414594","timestamp":5062.275998}
{"level":"info","message":"Target Heading: 348.43483565914033","timestamp":5064.102934}
{"level":"info","message":"***TURNING TOWARDS TARGET***","timestamp":5066.772113}
{"level":"info","message":"Turning right","timestamp":5069.178531}
{"level":"info","message":"Y: 120","timestamp":5071.931513}
{"level":"info","message":"x: -120","timestamp":5075.660281}
{"level":"info","message":"Turn: Set rover speed - Left: 120, right:-120","timestamp":5078.169355}
{"level":"info","message":"ArduinoMessage: 12:0:7:0:170:187\r","timestamp":5081.461246}
{"level":"info","message":"***python_proc.stdout***","timestamp":5083.93907}
{"level":"info","message":"IMU Data: 242.2414594","timestamp":5085.577203}
{"level":"info","message":"***python_proc.stdout***","timestamp":5092.955363}
{"level":"info","message":"IMU Data: 242.2414594","timestamp":5094.943289}
{"level":"info","message":"***python_proc.stdout***","timestamp":5102.108896}
{"level":"info","message":"IMU Data: 242.2414594","timestamp":5103.596559}
{"level":"info","message":"ArduinoMessage: 11:0:247:0:170:187\r","timestamp":5105.989383}
{"level":"info","message":"***python_proc.stdout***","timestamp":5115.610002}
{"level":"info","message":"IMU Data: 242.2414594","timestamp":5117.065634}
{"level":"info","message":"***python_proc.stdout***","timestamp":5124.937702}
{"level":"info","message":"IMU Data: 242.2414594","timestamp":5126.331303}
{"level":"info","message":"ArduinoMessage: 12:0:7:0:170:187\r","timestamp":5127.90855}
{"level":"info","message":"***turn_timer***","timestamp":5129.554287}
{"level":"info","message":"***calc_heading_delta***","timestamp":5130.406947}
{"level":"info","message":"IMU Heading same as previous","timestamp":5131.403514}
{"level":"info","message":"Current Heading: 242.2414594","timestamp":5134.153007}
{"level":"info","message":"Target Heading: 348.43483565914033","timestamp":5135.515721}
{"level":"info","message":"***TURNING TOWARDS TARGET***","timestamp":5136.636977}
{"level":"info","message":"Turning right","timestamp":5137.823649}
{"level":"info","message":"Y: 120","timestamp":5138.887717}
{"level":"info","message":"x: -120","timestamp":5140.669652}
{"level":"info","message":"Turn: Set rover speed - Left: 120, right:-120","timestamp":5142.908309}
{"level":"info","message":"***python_proc.stdout***","timestamp":5147.807551}
{"level":"info","message":"IMU Data: 242.2414594","timestamp":5150.167562}
{"level":"info","message":"***python_proc.stdout***","timestamp":5158.821561}
{"level":"info","message":"IMU Data: 242.2414594","timestamp":5160.370371}
{"level":"info","message":"***python_proc.stdout***","timestamp":5168.569524}
{"level":"info","message":"IMU Data: 242.2414594","timestamp":5169.844947}
{"level":"info","message":"ArduinoMessage: 11:0:247:0:170:187\r","timestamp":5172.400063}
{"level":"info","message":"***python_proc.stdout***","timestamp":5178.063892}
{"level":"info","message":"IMU Data: 242.2414594","timestamp":5179.179158}
{"level":"info","message":"***python_proc.stdout***","timestamp":5187.569979}
{"level":"info","message":"IMU Data: 242.2414594","timestamp":5189.859365}
{"level":"info","message":"ArduinoMessage: 12:0:7:0:170:187\r","timestamp":5192.466148}
{"level":"info","message":"***turn_timer***","timestamp":5196.110697}
{"level":"info","message":"***calc_heading_delta***","timestamp":5199.38139}
{"level":"info","message":"IMU Heading same as previous","timestamp":5203.195262}
{"level":"info","message":"Current Heading: 242.2414594","timestamp":5205.023031}
{"level":"info","message":"Target Heading: 348.43483565914033","timestamp":5207.028301}
{"level":"info","message":"***TURNING TOWARDS TARGET***","timestamp":5208.974612}
{"level":"info","message":"Turning right","timestamp":5210.161545}
{"level":"info","message":"Y: 120","timestamp":5211.561291}
{"level":"info","message":"x: -120","timestamp":5212.808901}
{"level":"info","message":"Turn: Set rover speed - Left: 120, right:-120","timestamp":5214.248231}
{"level":"info","message":"***python_proc.stdout***","timestamp":5216.252043}
{"level":"info","message":"IMU Data: 269.66296989","timestamp":5217.18262}
{"level":"info","message":"***python_proc.stdout***","timestamp":5222.301811}
{"level":"info","message":"IMU Data: 269.66296989","timestamp":5224.538176}
{"level":"info","message":"***python_proc.stdout***","timestamp":5236.414222}
{"level":"info","message":"IMU Data: 269.66296989","timestamp":5237.611259}
{"level":"info","message":"***reachClient***","timestamp":5238.823608}
{"level":"info","message":"ArduinoMessage: 11:0:247:0:170:187\r","timestamp":5242.258364}
{"level":"info","message":"***python_proc.stdout***","timestamp":5245.521765}
{"level":"info","message":"IMU Data: 269.66296989","timestamp":5247.336409}
{"level":"info","message":"***python_proc.stdout***","timestamp":5256.473328}
{"level":"info","message":"IMU Data: 269.66296989","timestamp":5257.889011}
{"level":"info","message":"ArduinoMessage: 12:0:7:0:170:187\r","timestamp":5263.893363}
{"level":"info","message":"***turn_timer***","timestamp":5265.547381}
{"level":"info","message":"***calc_heading_delta***","timestamp":5266.531605}
{"level":"info","message":"IMU Heading validified","timestamp":5267.605047}
{"level":"info","message":"Current Heading: 269.66296989","timestamp":5269.206044}
{"level":"info","message":"Target Heading: 348.43483565914033","timestamp":5270.114017}
{"level":"info","message":"***TURNING TOWARDS TARGET***","timestamp":5270.997199}
{"level":"info","message":"Turning right","timestamp":5271.99387}
{"level":"info","message":"Y: 120","timestamp":5272.859499}
{"level":"info","message":"x: -120","timestamp":5274.632945}
{"level":"info","message":"Turn: Set rover speed - Left: 120, right:-120","timestamp":5275.79868}
{"level":"info","message":"***python_proc.stdout***","timestamp":5294.885229}
{"level":"info","message":"IMU Data: 280.72196906","timestamp":5297.126437}
{"level":"info","message":"***python_proc.stdout***","timestamp":5300.370203}
{"level":"info","message":"IMU Data: 280.72196906","timestamp":5302.546151}
{"level":"info","message":"***python_proc.stdout***","timestamp":5307.357892}
{"level":"info","message":"IMU Data: 280.72196906","timestamp":5310.558533}
{"level":"info","message":"ArduinoMessage: 11:0:247:0:170:187\r","timestamp":5316.943823}
{"level":"info","message":"***python_proc.stdout***","timestamp":5320.018161}
{"level":"info","message":"IMU Data: 280.72196906","timestamp":5322.33812}
{"level":"info","message":"ArduinoMessage: 12:0:7:0:170:187\r","timestamp":5325.972929}
{"level":"info","message":"***turn_timer***","timestamp":5327.954865}
{"level":"info","message":"***calc_heading_delta***","timestamp":5329.245913}
{"level":"info","message":"IMU Heading validified","timestamp":5330.413887}
{"level":"info","message":"Current Heading: 280.72196906","timestamp":5331.753529}
{"level":"info","message":"Target Heading: 348.43483565914033","timestamp":5333.065671}
{"level":"info","message":"***TURNING TOWARDS TARGET***","timestamp":5334.410729}
{"level":"info","message":"Turning right","timestamp":5335.665475}
{"level":"info","message":"Y: 120","timestamp":5336.881731}
{"level":"info","message":"x: -120","timestamp":5338.731635}
{"level":"info","message":"Turn: Set rover speed - Left: 120, right:-120","timestamp":5348.030846}
{"level":"info","message":"***python_proc.stdout***","timestamp":5350.227263}
{"level":"info","message":"IMU Data: 280.72196906","timestamp":5351.651853}
{"level":"info","message":"***python_proc.stdout***","timestamp":5354.579211}
{"level":"info","message":"IMU Data: 288.01210942","timestamp":5355.743799}
{"level":"info","message":"***python_proc.stdout***","timestamp":5363.625087}
{"level":"info","message":"IMU Data: 288.01210942","timestamp":5364.928166}
{"level":"info","message":"ArduinoMessage: 11:0:247:0:170:187\r","timestamp":5370.187097}
{"level":"info","message":"***python_proc.stdout***","timestamp":5372.529608}
{"level":"info","message":"IMU Data: 288.01210942","timestamp":5373.700604}
{"level":"info","message":"***python_proc.stdout***","timestamp":5382.381739}
{"level":"info","message":"IMU Data: 288.01210942","timestamp":5383.645078}
{"level":"info","message":"***python_proc.stdout***","timestamp":5392.119701}
{"level":"info","message":"IMU Data: 288.01210942","timestamp":5393.554448}
{"level":"info","message":"ArduinoMessage: 12:0:7:0:170:187\r","timestamp":5395.004871}
{"level":"info","message":"***turn_timer***","timestamp":5400.064427}
{"level":"info","message":"***calc_heading_delta***","timestamp":5401.312245}
{"level":"info","message":"IMU Heading validified","timestamp":5402.335219}
{"level":"info","message":"Current Heading: 288.01210942","timestamp":5403.310588}
{"level":"info","message":"Target Heading: 348.43483565914033","timestamp":5404.375906}
{"level":"info","message":"***TURNING TOWARDS TARGET***","timestamp":5405.443723}
{"level":"info","message":"Turning right","timestamp":5406.518103}
{"level":"info","message":"Y: 120","timestamp":5407.816287}
{"level":"info","message":"x: -120","timestamp":5409.283116}
{"level":"info","message":"Turn: Set rover speed - Left: 120, right:-120","timestamp":5410.405465}
{"level":"info","message":"***python_proc.stdout***","timestamp":5412.145995}
{"level":"info","message":"IMU Data: 288.01210942","timestamp":5413.188187}
{"level":"info","message":"***python_proc.stdout***","timestamp":5418.601442}
{"level":"info","message":"IMU Data: 288.01210942","timestamp":5419.801916}
{"level":"info","message":"***python_proc.stdout***","timestamp":5428.369249}
{"level":"info","message":"IMU Data: 288.01210942","timestamp":5429.709464}
{"level":"info","message":"***reachClient***","timestamp":5435.285219}
{"level":"info","message":"***python_proc.stdout***","timestamp":5437.684918}
{"level":"info","message":"IMU Data: 288.01210942","timestamp":5438.805236}
{"level":"info","message":"ArduinoMessage: 11:0:247:0:170:187\r","timestamp":5440.940559}
{"level":"info","message":"***python_proc.stdout***","timestamp":5446.686263}
{"level":"info","message":"IMU Data: 288.01210942","timestamp":5447.78007}
{"level":"info","message":"***python_proc.stdout***","timestamp":5455.300002}
{"level":"info","message":"IMU Data: 288.01210942","timestamp":5456.399591}
{"level":"info","message":"ArduinoMessage: 12:0:7:0:170:187\r","timestamp":5460.654403}
{"level":"info","message":"***turn_timer***","timestamp":5462.253577}
{"level":"info","message":"***calc_heading_delta***","timestamp":5463.19629}
{"level":"info","message":"IMU Heading same as previous","timestamp":5464.14218}
{"level":"info","message":"Current Heading: 288.01210942","timestamp":5465.116351}
{"level":"info","message":"Target Heading: 348.43483565914033","timestamp":5466.028699}
{"level":"info","message":"***TURNING TOWARDS TARGET***","timestamp":5466.91287}
{"level":"info","message":"Turning right","timestamp":5467.887093}
{"level":"info","message":"Y: 120","timestamp":5468.788191}
{"level":"info","message":"x: -120","timestamp":5469.872311}
{"level":"info","message":"Turn: Set rover speed - Left: 120, right:-120","timestamp":5470.893982}
{"level":"info","message":"***python_proc.stdout***","timestamp":5473.465453}
{"level":"info","message":"IMU Data: 288.01210942","timestamp":5474.79947}
{"level":"info","message":"***python_proc.stdout***","timestamp":5482.740758}
{"level":"info","message":"IMU Data: 288.01210942","timestamp":5484.07441}
{"level":"info","message":"***python_proc.stdout***","timestamp":5492.332105}
{"level":"info","message":"IMU Data: 288.01210942","timestamp":5493.596955}
{"level":"info","message":"ArduinoMessage: 11:0:247:0:170:187\r","timestamp":5504.651487}
{"level":"info","message":"***python_proc.stdout***","timestamp":5506.409412}
{"level":"info","message":"IMU Data: 288.01210942","timestamp":5507.774054}
{"level":"info","message":"***python_proc.stdout***","timestamp":5510.554327}
{"level":"info","message":"IMU Data: 288.01210942","timestamp":5511.819438}
{"level":"info","message":"***python_proc.stdout***","timestamp":5519.44687}
{"level":"info","message":"IMU Data: 288.01210942","timestamp":5520.685626}
{"level":"info","message":"***turn_timer***","timestamp":5522.235946}
{"level":"info","message":"***calc_heading_delta***","timestamp":5523.33194}
{"level":"info","message":"IMU Heading same as previous","timestamp":5524.616478}
{"level":"info","message":"Current Heading: 288.01210942","timestamp":5525.915494}
{"level":"info","message":"Target Heading: 348.43483565914033","timestamp":5526.979926}
{"level":"info","message":"***TURNING TOWARDS TARGET***","timestamp":5528.166234}
{"level":"info","message":"Turning right","timestamp":5529.337958}
{"level":"info","message":"Y: 120","timestamp":5530.376922}
{"level":"info","message":"x: -120","timestamp":5531.654845}
{"level":"info","message":"Turn: Set rover speed - Left: 120, right:-120","timestamp":5532.858288}
{"level":"info","message":"***python_proc.stdout***","timestamp":5534.555327}
{"level":"info","message":"IMU Data: 310.35202931","timestamp":5535.661791}
{"level":"info","message":"***python_proc.stdout***","timestamp":5538.006593}
{"level":"info","message":"IMU Data: 310.35202931","timestamp":5539.125713}
{"level":"info","message":"ArduinoMessage: 12:0:7:0:170:187\r","timestamp":5548.298986}
{"level":"info","message":"***python_proc.stdout***","timestamp":5550.986291}
{"level":"info","message":"IMU Data: 310.35202931","timestamp":5552.477287}
{"level":"info","message":"***python_proc.stdout***","timestamp":5557.194029}
{"level":"info","message":"IMU Data: 310.35202931","timestamp":5558.665129}
{"level":"info","message":"***python_proc.stdout***","timestamp":5566.596261}
{"level":"info","message":"IMU Data: 310.35202931","timestamp":5567.834652}
{"level":"info","message":"ArduinoMessage: 11:0:247:0:170:187\r","timestamp":5569.357263}
{"level":"info","message":"***python_proc.stdout***","timestamp":5575.780054}
{"level":"info","message":"IMU Data: 310.35202931","timestamp":5577.221624}
{"level":"info","message":"ArduinoMessage: 12:0:7:0:170:187\r","timestamp":5583.778895}
{"level":"info","message":"***turn_timer***","timestamp":5585.33734}
{"level":"info","message":"***calc_heading_delta***","timestamp":5586.444532}
{"level":"info","message":"IMU Heading validified","timestamp":5587.485006}
{"level":"info","message":"Current Heading: 310.35202931","timestamp":5588.589959}
{"level":"info","message":"Target Heading: 348.43483565914033","timestamp":5589.744235}
{"level":"info","message":"***TURNING TOWARDS TARGET***","timestamp":5591.154919}
{"level":"info","message":"Turning right","timestamp":5592.467269}
{"level":"info","message":"Y: 115","timestamp":5593.739775}
{"level":"info","message":"x: -115","timestamp":5594.999365}
{"level":"info","message":"Turn: Set rover speed - Left: 115, right:-115","timestamp":5596.193485}
{"level":"info","message":"***python_proc.stdout***","timestamp":5598.535111}
{"level":"info","message":"IMU Data: 310.35202931","timestamp":5599.652981}
{"level":"info","message":"***python_proc.stdout***","timestamp":5603.035809}
{"level":"info","message":"IMU Data: 310.35202931","timestamp":5604.288419}
{"level":"info","message":"***python_proc.stdout***","timestamp":5617.709889}
{"level":"info","message":"IMU Data: 310.35202931","timestamp":5619.368126}
{"level":"info","message":"***python_proc.stdout***","timestamp":5621.469959}
{"level":"info","message":"IMU Data: 310.35202931","timestamp":5622.953977}
{"level":"info","message":"ArduinoMessage: 11:0:242:0:170:187\r","timestamp":5625.368259}
{"level":"info","message":"***python_proc.stdout***","timestamp":5631.360163}
{"level":"info","message":"IMU Data: 310.35202931","timestamp":5632.951264}
{"level":"info","message":"***python_proc.stdout***","timestamp":5639.970777}
{"level":"info","message":"IMU Data: 310.35202931","timestamp":5641.595888}
{"level":"info","message":"ArduinoMessage: 12:0:12:0:170:187\r","timestamp":5644.771268}
{"level":"info","message":"***reachClient***","timestamp":5646.755757}
{"level":"info","message":"***turn_timer***","timestamp":5648.31566}
{"level":"info","message":"***calc_heading_delta***","timestamp":5649.369832}
{"level":"info","message":"IMU Heading same as previous","timestamp":5650.312701}
{"level":"info","message":"Current Heading: 310.35202931","timestamp":5651.587759}
{"level":"info","message":"Target Heading: 348.43483565914033","timestamp":5652.557086}
{"level":"info","message":"***TURNING TOWARDS TARGET***","timestamp":5653.39808}
{"level":"info","message":"Turning right","timestamp":5654.246938}
{"level":"info","message":"Y: 115","timestamp":5655.470121}
{"level":"info","message":"x: -115","timestamp":5656.699242}
{"level":"info","message":"Turn: Set rover speed - Left: 115, right:-115","timestamp":5658.224926}
{"level":"info","message":"***python_proc.stdout***","timestamp":5660.500145}
{"level":"info","message":"IMU Data: 310.35202931","timestamp":5661.893954}
{"level":"info","message":"***python_proc.stdout***","timestamp":5667.841065}
{"level":"info","message":"IMU Data: 310.35202931","timestamp":5669.140499}
{"level":"info","message":"***python_proc.stdout***","timestamp":5677.455851}
{"level":"info","message":"IMU Data: 310.35202931","timestamp":5678.590492}
{"level":"info","message":"ArduinoMessage: 11:0:242:0:170:187\r","timestamp":5693.14379}
{"level":"info","message":"***python_proc.stdout***","timestamp":5696.438806}
{"level":"info","message":"IMU Data: 310.35202931","timestamp":5698.350533}
{"level":"info","message":"ArduinoMessage: 12:0:12:0:170:187\r","timestamp":5709.156418}
{"level":"info","message":"***python_proc.stdout***","timestamp":5713.643158}
{"level":"info","message":"IMU Data: 310.35202931","timestamp":5715.791658}
{"level":"info","message":"***turn_timer***","timestamp":5718.290785}
{"level":"info","message":"***calc_heading_delta***","timestamp":5720.716525}
{"level":"info","message":"IMU Heading same as previous","timestamp":5723.075859}
{"level":"info","message":"Current Heading: 310.35202931","timestamp":5731.054647}
{"level":"info","message":"Target Heading: 348.43483565914033","timestamp":5732.777885}
{"level":"info","message":"***TURNING TOWARDS TARGET***","timestamp":5734.341694}
{"level":"info","message":"Turning right","timestamp":5735.812743}
{"level":"info","message":"Y: 115","timestamp":5737.211031}
{"level":"info","message":"x: -115","timestamp":5738.964268}
{"level":"info","message":"Turn: Set rover speed - Left: 115, right:-115","timestamp":5740.553495}
{"level":"info","message":"***python_proc.stdout***","timestamp":5743.745541}
{"level":"info","message":"IMU Data: 310.35202931","timestamp":5745.418674}
{"level":"info","message":"***python_proc.stdout***","timestamp":5747.674102}
{"level":"info","message":"IMU Data: 310.35202931","timestamp":5748.943014}
{"level":"info","message":"***python_proc.stdout***","timestamp":5754.851896}
{"level":"info","message":"IMU Data: 310.35202931","timestamp":5756.289611}
{"level":"info","message":"***python_proc.stdout***","timestamp":5764.833246}
{"level":"info","message":"IMU Data: 310.35202931","timestamp":5767.512477}
{"level":"info","message":"ArduinoMessage: 11:0:242:0:170:187\r","timestamp":5772.635106}
{"level":"info","message":"***python_proc.stdout***","timestamp":5776.909345}
{"level":"info","message":"IMU Data: 310.35202931","timestamp":5778.822375}
{"level":"info","message":"***python_proc.stdout***","timestamp":5785.161572}
{"level":"info","message":"IMU Data: 310.35202931","timestamp":5786.929236}
{"level":"info","message":"***turn_timer***","timestamp":5792.155251}
{"level":"info","message":"***calc_heading_delta***","timestamp":5793.98052}
{"level":"info","message":"IMU Heading same as previous","timestamp":5795.48735}
{"level":"info","message":"Current Heading: 310.35202931","timestamp":5797.005326}
{"level":"info","message":"Target Heading: 348.43483565914033","timestamp":5798.470593}
{"level":"info","message":"***TURNING TOWARDS TARGET***","timestamp":5800.021434}
{"level":"info","message":"Turning right","timestamp":5801.640452}
{"level":"info","message":"Y: 115","timestamp":5803.166501}
{"level":"info","message":"x: -115","timestamp":5805.032968}
{"level":"info","message":"Turn: Set rover speed - Left: 115, right:-115","timestamp":5806.729174}
{"level":"info","message":"ArduinoMessage: 12:0:12:0:170:187\r","timestamp":5817.783133}
{"level":"info","message":"***python_proc.stdout***","timestamp":5820.347312}
{"level":"info","message":"IMU Data: 339.1022345","timestamp":5821.996486}
{"level":"info","message":"***python_proc.stdout***","timestamp":5824.650249}
{"level":"info","message":"IMU Data: 339.1022345","timestamp":5826.326976}
{"level":"info","message":"***python_proc.stdout***","timestamp":5833.846178}
{"level":"info","message":"IMU Data: 339.1022345","timestamp":5835.588999}
{"level":"info","message":"ArduinoMessage: 11:0:242:0:170:187\r","timestamp":5837.820208}
{"level":"info","message":"***reachClient***","timestamp":5840.220531}
{"level":"info","message":"***python_proc.stdout***","timestamp":5842.991378}
{"level":"info","message":"IMU Data: 339.1022345","timestamp":5847.507754}
{"level":"info","message":"***python_proc.stdout***","timestamp":5853.50622}
{"level":"info","message":"IMU Data: 339.1022345","timestamp":5854.35138}
{"level":"info","message":"ArduinoMessage: 12:0:12:0:170:187\r","timestamp":5856.543161}
{"level":"info","message":"***turn_timer***","timestamp":5857.747073}
{"level":"info","message":"***calc_heading_delta***","timestamp":5858.458222}
{"level":"info","message":"IMU Heading validified","timestamp":5859.00635}
{"level":"info","message":"Current Heading: 339.1022345","timestamp":5859.528957}
{"level":"info","message":"Target Heading: 348.43483565914033","timestamp":5865.688361}
{"level":"info","message":"***TURNING TOWARDS TARGET***","timestamp":5866.301489}
{"level":"info","message":"Turning right","timestamp":5866.86795}
{"level":"info","message":"Y: 96","timestamp":5867.408369}
{"level":"info","message":"x: -96","timestamp":5868.314311}
{"level":"info","message":"Turn: Set rover speed - Left: 96, right:-96","timestamp":5869.172648}
{"level":"info","message":"***python_proc.stdout***","timestamp":5889.569152}
{"level":"info","message":"IMU Data: 346.04355562","timestamp":5890.744886}
{"level":"info","message":"***python_proc.stdout***","timestamp":5893.324482}
{"level":"info","message":"IMU Data: 346.04355562","timestamp":5898.550861}
{"level":"info","message":"ArduinoMessage: 11:0:223:0:170:187\r","timestamp":5900.877487}
{"level":"info","message":"***python_proc.stdout***","timestamp":5903.402551}
{"level":"info","message":"IMU Data: 346.04355562","timestamp":5904.607296}
{"level":"info","message":"***python_proc.stdout***","timestamp":5911.192692}
{"level":"info","message":"IMU Data: 346.04355562","timestamp":5912.649574}
{"level":"info","message":"***turn_timer***","timestamp":5920.745758}
{"level":"info","message":"***calc_heading_delta***","timestamp":5922.377589}
{"level":"info","message":"IMU Heading validified","timestamp":5923.763273}
{"level":"info","message":"Current Heading: 346.04355562","timestamp":5925.163956}
{"level":"info","message":"Target Heading: 348.43483565914033","timestamp":5926.503859}
{"level":"info","message":"***FOUND HEADING EMITTING DRIVE***","timestamp":5928.43892}
{"level":"info","message":"Current Heading: 346.04355562 Target Heading: 348.43483565914033","timestamp":5930.00299}
{"level":"info","message":"Final heading before drive event:  346.04355562","timestamp":5932.482377}
{"level":"info","message":"heading delta:2.3912800391403266","timestamp":5934.002644}
{"level":"info","message":"Y: 0","timestamp":5935.83182}
{"level":"info","message":"x: 0","timestamp":5937.447921}
{"level":"info","message":"***python_proc.stdout***","timestamp":5941.418096}
{"level":"info","message":"IMU Data: 346.04355562","timestamp":5942.766957}
{"level":"info","message":"ArduinoMessage: 12:0:31:0:170:187\r","timestamp":5944.270662}
{"level":"info","message":"***python_proc.stdout***","timestamp":5946.490412}
{"level":"info","message":"IMU Data: 346.04355562","timestamp":5947.870575}
{"level":"info","message":"***python_proc.stdout***","timestamp":5955.823269}
{"level":"info","message":"IMU Data: 346.04355562","timestamp":5957.615673}
{"level":"info","message":"ArduinoMessage: 11:0:127:0:170:187\r","timestamp":5968.20463}
{"level":"info","message":"***python_proc.stdout***","timestamp":5970.495683}
{"level":"info","message":"IMU Data: 346.04355562","timestamp":5972.186941}
{"level":"info","message":"***python_proc.stdout***","timestamp":5983.106368}
{"level":"info","message":"IMU Data: 346.04355562","timestamp":5984.834188}
{"level":"info","message":"***python_proc.stdout***","timestamp":5990.757446}
