{"level":"info","message":"open","timestamp":937.609081}
{"level":"info","message":"Connected to reach","timestamp":977.432065}
{"level":"info","message":"***EVENTS_REFACTORED BOOTED***","timestamp":1014.825009}
{"level":"info","message":"ArduinoMessage: Bytes Switched Clearing Buffer\r","timestamp":3877.219919}
{"level":"info","message":"***get_waypoint***","timestamp":4020.719274}
{"latitude":33.88215365,"longitude":-117.88161841,"level":"info","message":"getting next waypoint","timestamp":4026.529038}
{"level":"info","message":"get_waypoint adjusted Target Heading:85.99957114182308","timestamp":4035.280766}
{"level":"info","message":"***turn_timer***","timestamp":4087.667908}
{"level":"info","message":"***calc_heading_delta***","timestamp":4089.175036}
{"level":"info","message":"IMU Heading validified","timestamp":4089.862636}
{"level":"info","message":"Current Heading: undefined","timestamp":4090.472425}
{"level":"info","message":"Target Heading: 85.99957114182308","timestamp":4091.233984}
{"level":"info","message":"***TURNING TOWARDS TARGET***","timestamp":4092.04523}
{"level":"info","message":"Turning right","timestamp":4093.015434}
{"level":"info","message":"Y: NaN","timestamp":4094.593291}
{"level":"info","message":"x: NaN","timestamp":4097.421141}
{"level":"info","message":"Turn: Set rover speed - Left: NaN, right:NaN","timestamp":4098.322023}
{"level":"info","message":"ArduinoMessage: 11:0:0:0:170:187\r","timestamp":4126.559438}
{"level":"info","message":"ArduinoMessage: 12:0:0:0:170:187\r","timestamp":4146.595226}
{"level":"info","message":"***turn_timer***","timestamp":4149.757606}
{"level":"info","message":"***calc_heading_delta***","timestamp":4150.552863}
{"level":"info","message":"IMU Heading same as previous","timestamp":4151.300047}
{"level":"info","message":"Current Heading: undefined","timestamp":4152.464312}
{"level":"info","message":"Target Heading: 85.99957114182308","timestamp":4153.040663}
{"level":"info","message":"***TURNING TOWARDS TARGET***","timestamp":4154.40925}
{"level":"info","message":"Turning right","timestamp":4155.104768}
{"level":"info","message":"Y: NaN","timestamp":4155.681327}
{"level":"info","message":"x: NaN","timestamp":4156.368303}
{"level":"info","message":"Turn: Set rover speed - Left: NaN, right:NaN","timestamp":4157.037779}
{"level":"info","message":"ArduinoMessage: 11:0:0:0:170:187\r","timestamp":4191.34829}
{"level":"info","message":"ArduinoMessage: 12:0:0:0:170:187\r","timestamp":4204.083957}
{"level":"info","message":"***turn_timer***","timestamp":4208.589248}
{"level":"info","message":"***calc_heading_delta***","timestamp":4210.801425}
{"level":"info","message":"IMU Heading same as previous","timestamp":4213.347141}
{"level":"info","message":"Current Heading: undefined","timestamp":4214.18146}
{"level":"info","message":"Target Heading: 85.99957114182308","timestamp":4214.873696}
{"level":"info","message":"***TURNING TOWARDS TARGET***","timestamp":4215.548016}
{"level":"info","message":"Turning right","timestamp":4216.233742}
{"level":"info","message":"Y: NaN","timestamp":4217.045769}
{"level":"info","message":"x: NaN","timestamp":4217.916494}
{"level":"info","message":"Turn: Set rover speed - Left: NaN, right:NaN","timestamp":4218.668834}
{"level":"info","message":"ArduinoMessage: 11:0:0:0:170:187\r","timestamp":4245.398913}
{"level":"info","message":"ArduinoMessage: 12:0:0:0:170:187\r","timestamp":4265.378139}
{"level":"info","message":"***turn_timer***","timestamp":4269.852336}
{"level":"info","message":"***calc_heading_delta***","timestamp":4271.933419}
{"level":"info","message":"IMU Heading same as previous","timestamp":4273.119924}
{"level":"info","message":"Current Heading: undefined","timestamp":4273.828879}
{"level":"info","message":"Target Heading: 85.99957114182308","timestamp":4274.480595}
{"level":"info","message":"***TURNING TOWARDS TARGET***","timestamp":4276.591834}
{"level":"info","message":"Turning right","timestamp":4278.598648}
{"level":"info","message":"Y: NaN","timestamp":4279.565205}
{"level":"info","message":"x: NaN","timestamp":4281.01223}
{"level":"info","message":"Turn: Set rover speed - Left: NaN, right:NaN","timestamp":4281.814309}
{"level":"info","message":"ArduinoMessage: 11:0:0:0:170:187\r","timestamp":4310.465628}
{"level":"info","message":"ArduinoMessage: 12:0:0:0:170:187\r","timestamp":4332.785728}
{"level":"info","message":"***turn_timer***","timestamp":4334.179107}
{"level":"info","message":"***calc_heading_delta***","timestamp":4336.420138}
{"level":"info","message":"IMU Heading same as previous","timestamp":4337.539403}
{"level":"info","message":"Current Heading: undefined","timestamp":4339.150229}
{"level":"info","message":"Target Heading: 85.99957114182308","timestamp":4339.907517}
{"level":"info","message":"***TURNING TOWARDS TARGET***","timestamp":4340.576784}
{"level":"info","message":"Turning right","timestamp":4341.238604}
{"level":"info","message":"Y: NaN","timestamp":4341.892299}
{"level":"info","message":"x: NaN","timestamp":4342.643649}
{"level":"info","message":"Turn: Set rover speed - Left: NaN, right:NaN","timestamp":4343.373594}
{"level":"info","message":"ArduinoMessage: 11:0:0:0:170:187\r","timestamp":4372.701003}
{"level":"info","message":"ArduinoMessage: 12:0:0:0:170:187\r","timestamp":4389.110455}
{"level":"info","message":"***turn_timer***","timestamp":4393.64986}
{"level":"info","message":"***calc_heading_delta***","timestamp":4394.637095}
{"level":"info","message":"IMU Heading same as previous","timestamp":4395.389487}
{"level":"info","message":"Current Heading: undefined","timestamp":4397.335832}
{"level":"info","message":"Target Heading: 85.99957114182308","timestamp":4398.673169}
{"level":"info","message":"***TURNING TOWARDS TARGET***","timestamp":4399.563633}
{"level":"info","message":"Turning right","timestamp":4400.337536}
{"level":"info","message":"Y: NaN","timestamp":4401.168209}
{"level":"info","message":"x: NaN","timestamp":4402.033726}
{"level":"info","message":"Turn: Set rover speed - Left: NaN, right:NaN","timestamp":4402.902367}
{"level":"info","message":"ArduinoMessage: 11:0:0:0:170:187\r","timestamp":4429.115052}
{"level":"info","message":"ArduinoMessage: 12:0:0:0:170:187\r","timestamp":4450.226981}
{"level":"info","message":"***turn_timer***","timestamp":4456.385597}
{"level":"info","message":"***calc_heading_delta***","timestamp":4457.255853}
{"level":"info","message":"IMU Heading same as previous","timestamp":4457.92335}
{"level":"info","message":"Current Heading: undefined","timestamp":4458.533608}
{"level":"info","message":"Target Heading: 85.99957114182308","timestamp":4459.163136}
{"level":"info","message":"***TURNING TOWARDS TARGET***","timestamp":4461.017971}
{"level":"info","message":"Turning right","timestamp":4462.487234}
{"level":"info","message":"Y: NaN","timestamp":4463.322699}
{"level":"info","message":"x: NaN","timestamp":4464.095612}
{"level":"info","message":"Turn: Set rover speed - Left: NaN, right:NaN","timestamp":4464.820192}
{"level":"info","message":"ArduinoMessage: 11:0:0:0:170:187\r","timestamp":4495.446606}
{"level":"info","message":"ArduinoMessage: 12:0:0:0:170:187\r","timestamp":4511.469653}
{"level":"info","message":"***turn_timer***","timestamp":4515.821611}
{"level":"info","message":"***calc_heading_delta***","timestamp":4516.762179}
{"level":"info","message":"IMU Heading same as previous","timestamp":4517.592019}
{"level":"info","message":"Current Heading: undefined","timestamp":4518.219932}
{"level":"info","message":"Target Heading: 85.99957114182308","timestamp":4518.812482}
{"level":"info","message":"***TURNING TOWARDS TARGET***","timestamp":4519.451333}
{"level":"info","message":"Turning right","timestamp":4520.080444}
{"level":"info","message":"Y: NaN","timestamp":4523.635687}
{"level":"info","message":"x: NaN","timestamp":4527.139629}
{"level":"info","message":"Turn: Set rover speed - Left: NaN, right:NaN","timestamp":4528.211238}
{"level":"info","message":"ArduinoMessage: 11:0:0:0:170:187\r","timestamp":4559.052859}
{"level":"info","message":"ArduinoMessage: 12:0:0:0:170:187\r","timestamp":4572.671439}
{"level":"info","message":"***turn_timer***","timestamp":4579.420156}
{"level":"info","message":"***calc_heading_delta***","timestamp":4580.290152}
{"level":"info","message":"IMU Heading same as previous","timestamp":4581.031971}
{"level":"info","message":"Current Heading: undefined","timestamp":4588.103656}
{"level":"info","message":"Target Heading: 85.99957114182308","timestamp":4589.208963}
{"level":"info","message":"***TURNING TOWARDS TARGET***","timestamp":4590.168333}
{"level":"info","message":"Turning right","timestamp":4591.144787}
{"level":"info","message":"Y: NaN","timestamp":4592.058793}
{"level":"info","message":"x: NaN","timestamp":4593.14384}
{"level":"info","message":"Turn: Set rover speed - Left: NaN, right:NaN","timestamp":4594.167324}
{"level":"info","message":"ArduinoMessage: 11:0:0:0:170:187\r","timestamp":4632.901459}
{"level":"info","message":"ArduinoMessage: 12:0:0:0:170:187\r","timestamp":4642.563027}
{"level":"info","message":"***turn_timer***","timestamp":4645.192858}
{"level":"info","message":"***calc_heading_delta***","timestamp":4646.009156}
{"level":"info","message":"IMU Heading same as previous","timestamp":4646.648372}
{"level":"info","message":"Current Heading: undefined","timestamp":4647.466232}
{"level":"info","message":"Target Heading: 85.99957114182308","timestamp":4648.162218}
{"level":"info","message":"***TURNING TOWARDS TARGET***","timestamp":4648.812163}
{"level":"info","message":"Turning right","timestamp":4649.425337}
{"level":"info","message":"Y: NaN","timestamp":4650.030595}
{"level":"info","message":"x: NaN","timestamp":4650.916424}
{"level":"info","message":"Turn: Set rover speed - Left: NaN, right:NaN","timestamp":4651.73642}
{"level":"info","message":"ArduinoMessage: 11:0:0:0:170:187\r","timestamp":4678.782226}
{"level":"info","message":"ArduinoMessage: 12:0:0:0:170:187\r","timestamp":4699.993425}
{"level":"info","message":"***turn_timer***","timestamp":4703.444242}
{"level":"info","message":"***calc_heading_delta***","timestamp":4704.434914}
{"level":"info","message":"IMU Heading same as previous","timestamp":4706.315009}
{"level":"info","message":"Current Heading: undefined","timestamp":4715.953556}
{"level":"info","message":"Target Heading: 85.99957114182308","timestamp":4749.424487}
{"level":"info","message":"***TURNING TOWARDS TARGET***","timestamp":4750.6737}
{"level":"info","message":"Turning right","timestamp":4751.559842}
{"level":"info","message":"Y: NaN","timestamp":4754.774097}
{"level":"info","message":"x: NaN","timestamp":4759.709542}
{"level":"info","message":"Turn: Set rover speed - Left: NaN, right:NaN","timestamp":4762.761923}
{"level":"info","message":"ArduinoMessage: 11:0:0:0:170:187\r","timestamp":4786.415818}
{"level":"info","message":"ArduinoMessage: 12:0:0:0:170:187\r","timestamp":4807.617747}
{"level":"info","message":"***turn_timer***","timestamp":4815.031252}
{"level":"info","message":"***calc_heading_delta***","timestamp":4816.304111}
{"level":"info","message":"IMU Heading same as previous","timestamp":4817.31421}
{"level":"info","message":"Current Heading: undefined","timestamp":4818.503267}
{"level":"info","message":"Target Heading: 85.99957114182308","timestamp":4819.87925}
{"level":"info","message":"***TURNING TOWARDS TARGET***","timestamp":4821.718876}
{"level":"info","message":"Turning right","timestamp":4822.87585}
{"level":"info","message":"Y: NaN","timestamp":4824.742351}
{"level":"info","message":"x: NaN","timestamp":4826.83958}
{"level":"info","message":"Turn: Set rover speed - Left: NaN, right:NaN","timestamp":4829.951128}
{"level":"info","message":"ArduinoMessage: 11:0:0:0:170:187\r","timestamp":4855.06736}
{"level":"info","message":"ArduinoMessage: 12:0:0:0:170:187\r","timestamp":4876.23632}
{"level":"info","message":"***turn_timer***","timestamp":4880.873329}
{"level":"info","message":"***calc_heading_delta***","timestamp":4881.972802}
{"level":"info","message":"IMU Heading same as previous","timestamp":4882.603737}
{"level":"info","message":"Current Heading: undefined","timestamp":4883.262223}
{"level":"info","message":"Target Heading: 85.99957114182308","timestamp":4883.836023}
{"level":"info","message":"***TURNING TOWARDS TARGET***","timestamp":4884.706591}
{"level":"info","message":"Turning right","timestamp":4888.892092}
{"level":"info","message":"Y: NaN","timestamp":4889.735681}
{"level":"info","message":"x: NaN","timestamp":4890.589115}
{"level":"info","message":"Turn: Set rover speed - Left: NaN, right:NaN","timestamp":4891.598277}
{"level":"info","message":"ArduinoMessage: 11:0:0:0:170:187\r","timestamp":4922.031514}
{"level":"info","message":"ArduinoMessage: 12:0:0:0:170:187\r","timestamp":4937.818417}
{"level":"info","message":"***turn_timer***","timestamp":4942.304333}
{"level":"info","message":"***calc_heading_delta***","timestamp":4943.267088}
{"level":"info","message":"IMU Heading same as previous","timestamp":4943.891252}
{"level":"info","message":"Current Heading: undefined","timestamp":4944.859476}
{"level":"info","message":"Target Heading: 85.99957114182308","timestamp":4945.525827}
{"level":"info","message":"***TURNING TOWARDS TARGET***","timestamp":4946.122439}
{"level":"info","message":"Turning right","timestamp":4947.159309}
{"level":"info","message":"Y: NaN","timestamp":4947.85191}
{"level":"info","message":"x: NaN","timestamp":4948.716333}
{"level":"info","message":"Turn: Set rover speed - Left: NaN, right:NaN","timestamp":4949.746901}
{"level":"info","message":"ArduinoMessage: 11:0:0:0:170:187\r","timestamp":4979.276809}
{"level":"info","message":"ArduinoMessage: 12:0:0:0:170:187\r","timestamp":4994.898088}
{"level":"info","message":"***turn_timer***","timestamp":5001.425608}
{"level":"info","message":"***calc_heading_delta***","timestamp":5002.174927}
{"level":"info","message":"IMU Heading same as previous","timestamp":5003.744503}
{"level":"info","message":"Current Heading: undefined","timestamp":5005.201527}
{"level":"info","message":"Target Heading: 85.99957114182308","timestamp":5005.829649}
{"level":"info","message":"***TURNING TOWARDS TARGET***","timestamp":5006.388136}
{"level":"info","message":"Turning right","timestamp":5007.10532}
{"level":"info","message":"Y: NaN","timestamp":5007.673494}
{"level":"info","message":"x: NaN","timestamp":5008.45672}
{"level":"info","message":"Turn: Set rover speed - Left: NaN, right:NaN","timestamp":5009.095363}
{"level":"info","message":"ArduinoMessage: 11:0:0:0:170:187\r","timestamp":5040.37594}
{"level":"info","message":"ArduinoMessage: 12:0:0:0:170:187\r","timestamp":5056.113468}
{"level":"info","message":"***turn_timer***","timestamp":5060.362145}
{"level":"info","message":"***calc_heading_delta***","timestamp":5061.264068}
{"level":"info","message":"IMU Heading same as previous","timestamp":5061.850367}
{"level":"info","message":"Current Heading: undefined","timestamp":5062.395052}
{"level":"info","message":"Target Heading: 85.99957114182308","timestamp":5062.915362}
{"level":"info","message":"***TURNING TOWARDS TARGET***","timestamp":5063.463328}
{"level":"info","message":"Turning right","timestamp":5063.991346}
{"level":"info","message":"Y: NaN","timestamp":5064.543531}
{"level":"info","message":"x: NaN","timestamp":5065.29634}
{"level":"info","message":"Turn: Set rover speed - Left: NaN, right:NaN","timestamp":5067.750286}
{"level":"info","message":"ArduinoMessage: 11:0:0:0:170:187\r","timestamp":5092.617093}
{"level":"info","message":"ArduinoMessage: 12:0:0:0:170:187\r","timestamp":5113.681886}
{"level":"info","message":"***turn_timer***","timestamp":5130.238316}
{"level":"info","message":"***calc_heading_delta***","timestamp":5131.103052}
{"level":"info","message":"IMU Heading same as previous","timestamp":5132.011329}
{"level":"info","message":"Current Heading: undefined","timestamp":5132.594347}
{"level":"info","message":"Target Heading: 85.99957114182308","timestamp":5133.244864}
{"level":"info","message":"***TURNING TOWARDS TARGET***","timestamp":5133.797518}
{"level":"info","message":"Turning right","timestamp":5134.652514}
{"level":"info","message":"Y: NaN","timestamp":5135.256677}
{"level":"info","message":"x: NaN","timestamp":5136.073496}
{"level":"info","message":"Turn: Set rover speed - Left: NaN, right:NaN","timestamp":5136.80318}
{"level":"info","message":"ArduinoMessage: 11:0:0:0:170:187\r","timestamp":5166.498974}
{"level":"info","message":"ArduinoMessage: 12:0:0:0:170:187\r","timestamp":5183.656026}
{"level":"info","message":"***turn_timer***","timestamp":5187.935276}
{"level":"info","message":"***calc_heading_delta***","timestamp":5188.762928}
{"level":"info","message":"IMU Heading same as previous","timestamp":5189.363602}
{"level":"info","message":"Current Heading: undefined","timestamp":5189.862246}
{"level":"info","message":"Target Heading: 85.99957114182308","timestamp":5190.417608}
{"level":"info","message":"***TURNING TOWARDS TARGET***","timestamp":5190.973386}
{"level":"info","message":"Turning right","timestamp":5191.517081}
{"level":"info","message":"Y: NaN","timestamp":5192.054787}
{"level":"info","message":"x: NaN","timestamp":5192.749471}
{"level":"info","message":"Turn: Set rover speed - Left: NaN, right:NaN","timestamp":5193.426708}
{"level":"info","message":"ArduinoMessage: 11:0:0:0:170:187\r","timestamp":5224.440932}
{"level":"info","message":"ArduinoMessage: 12:0:0:0:170:187\r","timestamp":5240.039033}
{"level":"info","message":"***turn_timer***","timestamp":5243.587662}
{"level":"info","message":"***calc_heading_delta***","timestamp":5245.917651}
{"level":"info","message":"IMU Heading same as previous","timestamp":5247.352331}
{"level":"info","message":"Current Heading: undefined","timestamp":5248.107067}
{"level":"info","message":"Target Heading: 85.99957114182308","timestamp":5248.672898}
{"level":"info","message":"***TURNING TOWARDS TARGET***","timestamp":5249.740028}
{"level":"info","message":"Turning right","timestamp":5250.379556}
{"level":"info","message":"Y: NaN","timestamp":5251.227937}
{"level":"info","message":"x: NaN","timestamp":5252.392515}
{"level":"info","message":"Turn: Set rover speed - Left: NaN, right:NaN","timestamp":5253.532353}
{"level":"info","message":"ArduinoMessage: 11:0:0:0:170:187\r","timestamp":5281.411593}
{"level":"info","message":"ArduinoMessage: 12:0:0:0:170:187\r","timestamp":5301.355507}
{"level":"info","message":"***turn_timer***","timestamp":5304.909031}
{"level":"info","message":"***calc_heading_delta***","timestamp":5305.965068}
{"level":"info","message":"IMU Heading same as previous","timestamp":5306.562617}
{"level":"info","message":"Current Heading: undefined","timestamp":5307.345165}
{"level":"info","message":"Target Heading: 85.99957114182308","timestamp":5307.951673}
{"level":"info","message":"***TURNING TOWARDS TARGET***","timestamp":5308.783596}
{"level":"info","message":"Turning right","timestamp":5309.387707}
{"level":"info","message":"Y: NaN","timestamp":5309.925153}
{"level":"info","message":"x: NaN","timestamp":5310.724055}
{"level":"info","message":"Turn: Set rover speed - Left: NaN, right:NaN","timestamp":5311.385823}
{"level":"info","message":"ArduinoMessage: 11:0:0:0:170:187\r","timestamp":5338.87397}
{"level":"info","message":"ArduinoMessage: 12:0:0:0:170:187\r","timestamp":5359.286684}
{"level":"info","message":"***turn_timer***","timestamp":5361.87813}
{"level":"info","message":"***calc_heading_delta***","timestamp":5362.919947}
{"level":"info","message":"IMU Heading same as previous","timestamp":5366.654356}
{"level":"info","message":"ERROR: IMU Heading Invalid","timestamp":5369.821268}
{"level":"info","message":"Current Heading: undefined","timestamp":5370.753607}
{"level":"info","message":"Target Heading: 85.99957114182308","timestamp":5372.040893}
{"level":"info","message":"***TURNING TOWARDS TARGET***","timestamp":5372.724223}
{"level":"info","message":"Turning right","timestamp":5373.357449}
{"level":"info","message":"Y: NaN","timestamp":5373.866769}
{"level":"info","message":"x: NaN","timestamp":5374.928222}
{"level":"info","message":"Turn: Set rover speed - Left: NaN, right:NaN","timestamp":5375.725771}
{"level":"info","message":"ArduinoMessage: 11:0:0:0:170:187\r","timestamp":5404.117404}
{"level":"info","message":"ArduinoMessage: 12:0:0:0:170:187\r","timestamp":5421.270029}
{"level":"info","message":"***STOPPING ROVER ON SIGINT***","timestamp":5739.253798}
{"level":"info","message":"\n####### JUSTIN LIKES MENS!! #######\n","timestamp":5740.182283}
{"level":"info","message":"\t\t╭∩╮（︶︿︶）╭∩╮","timestamp":5741.743682}
{"level":"info","message":"Y: 0","timestamp":5743.488361}
{"level":"info","message":"x: 0","timestamp":5744.47346}
{"level":"info","message":"ArduinoMessage: 11:0:127:0:170:187\r","timestamp":5776.670752}
{"level":"info","message":"ArduinoMessage: 12:0:127:0:170:187\r","timestamp":5797.936742}
{"level":"info","message":"***STOPPING ROVER ON SIGINT***","timestamp":5912.498009}
{"level":"info","message":"\n####### JUSTIN LIKES MENS!! #######\n","timestamp":5913.621181}
{"level":"info","message":"\t\t╭∩╮（︶︿︶）╭∩╮","timestamp":5914.581801}
{"level":"info","message":"Y: 0","timestamp":5915.248777}
{"level":"info","message":"x: 0","timestamp":5916.114763}
{"level":"info","message":"ArduinoMessage: 11:0:127:0:170:187\r","timestamp":5949.532152}
{"level":"info","message":"ArduinoMessage: 12:0:127:0:170:187\r","timestamp":5969.35664}
{"level":"info","message":"***STOPPING ROVER ON SIGINT***","timestamp":6088.93382}
{"level":"info","message":"\n####### JUSTIN LIKES MENS!! #######\n","timestamp":6089.839596}
{"level":"info","message":"\t\t╭∩╮（︶︿︶）╭∩╮","timestamp":6090.772977}
{"level":"info","message":"Y: 0","timestamp":6091.486828}
{"level":"info","message":"x: 0","timestamp":6092.295314}
{"level":"info","message":"ArduinoMessage: 11:0:127:0:170:187\r","timestamp":6125.111196}
{"level":"info","message":"ArduinoMessage: 12:0:127:0:170:187\r","timestamp":6145.800002}
{"level":"info","message":"Y: 0","timestamp":6368.614546}
{"level":"info","message":"x: 0","timestamp":6369.71678}
{"level":"info","message":"ArduinoMessage: 11:0:127:0:170:187\r","timestamp":6399.597364}
{"level":"info","message":"ArduinoMessage: 12:0:127:0:170:187\r","timestamp":6423.551623}
